#
# There is insufficient memory for the Java Runtime Environment to continue.
# Native memory allocation (mmap) failed to map 530579456 bytes for G1 virtual space
# Possible reasons:
#   The system is out of physical RAM or swap space
#   The process is running with CompressedOops enabled, and the Java Heap may be blocking the growth of the native heap
# Possible solutions:
#   Reduce memory load on the system
#   Increase physical memory or swap space
#   Check if swap backing store is full
#   Decrease Java heap size (-Xmx/-Xms)
#   Decrease number of Java threads
#   Decrease Java thread stack sizes (-Xss)
#   Set larger code cache with -XX:ReservedCodeCacheSize=
#   JVM is running with Zero Based Compressed Oops mode in which the Java heap is
#     placed in the first 32GB address space. The Java Heap base address is the
#     maximum limit for the native heap growth. Please use -XX:HeapBaseMinAddress
#     to set the Java Heap base and to place the Java Heap above 32GB virtual address.
# This output file may be truncated or incomplete.
#
#  Out of Memory Error (os_windows.cpp:3532), pid=12124, tid=19196
#
# JRE version: Java(TM) SE Runtime Environment (17.0.2+8) (build 17.0.2+8-LTS-86)
# Java VM: Java HotSpot(TM) 64-Bit Server VM (17.0.2+8-LTS-86, mixed mode, sharing, tiered, compressed oops, compressed class ptrs, g1 gc, windows-amd64)
# No core dump will be written. Minidumps are not enabled by default on client versions of Windows
#

---------------  S U M M A R Y ------------

Command Line: --add-opens=java.base/java.util=ALL-UNNAMED --add-opens=java.base/java.lang=ALL-UNNAMED --add-opens=java.base/java.lang.invoke=ALL-UNNAMED --add-opens=java.base/java.util=ALL-UNNAMED --add-opens=java.prefs/java.util.prefs=ALL-UNNAMED --add-opens=java.prefs/java.util.prefs=ALL-UNNAMED --add-opens=java.base/java.nio.charset=ALL-UNNAMED --add-opens=java.base/java.net=ALL-UNNAMED --add-opens=java.base/java.util.concurrent.atomic=ALL-UNNAMED -Xmx3G -Dfile.encoding=GBK -Duser.country=CN -Duser.language=zh -Duser.variant org.gradle.launcher.daemon.bootstrap.GradleDaemon 7.4

Host: Intel(R) Core(TM) i5-5675R CPU @ 3.10GHz, 4 cores, 7G,  Windows 10 , 64 bit Build 19041 (10.0.19041.1566)
Time: Tue Mar 22 11:08:30 2022  Windows 10 , 64 bit Build 19041 (10.0.19041.1566) elapsed time: 30.428029 seconds (0d 0h 0m 30s)

---------------  T H R E A D  ---------------

Current thread (0x00000235564bfaf0):  VMThread "VM Thread" [stack: 0x00000096d4400000,0x00000096d4500000] [id=19196]

Stack: [0x00000096d4400000,0x00000096d4500000]
Native frames: (J=compiled Java code, j=interpreted, Vv=VM code, C=native code)
V  [jvm.dll+0x670baa]
V  [jvm.dll+0x7cfcb4]
V  [jvm.dll+0x7d145e]
V  [jvm.dll+0x7d1ac3]
V  [jvm.dll+0x242bc5]
V  [jvm.dll+0x66dac9]
V  [jvm.dll+0x662412]
V  [jvm.dll+0x300c0b]
V  [jvm.dll+0x3081a6]
V  [jvm.dll+0x357d0e]
V  [jvm.dll+0x357f3f]
V  [jvm.dll+0x2d7ec8]
V  [jvm.dll+0x2d6194]
V  [jvm.dll+0x2d579c]
V  [jvm.dll+0x3190eb]
V  [jvm.dll+0x7d5f9b]
V  [jvm.dll+0x7d6cd4]
V  [jvm.dll+0x7d71ec]
V  [jvm.dll+0x7d75c4]
V  [jvm.dll+0x7d7690]
V  [jvm.dll+0x77ff7a]
V  [jvm.dll+0x66fa35]
C  [ucrtbase.dll+0x21bb2]
C  [KERNEL32.DLL+0x17034]
C  [ntdll.dll+0x52651]

VM_Operation (0x00000096d5af6ff0): G1CollectForAllocation, mode: safepoint, requested by thread 0x00000235584b6140


---------------  P R O C E S S  ---------------

Threads class SMR info:
_java_thread_list=0x0000023559da7110, length=87, elements={
0x00000235346a3330, 0x00000235564c8510, 0x00000235564c8fd0, 0x00000235564e5530,
0x00000235564e9f10, 0x00000235564ea7d0, 0x00000235564eb090, 0x00000235564ecd40,
0x00000235564ed6f0, 0x000002355655e600, 0x0000023557094720, 0x0000023557094bf0,
0x0000023558057f00, 0x00000235580a77e0, 0x000002355848a1d0, 0x0000023558288fe0,
0x00000235590dcec0, 0x00000235589488e0, 0x00000235584b6140, 0x000002355896f7f0,
0x0000023558c29540, 0x0000023558c2b6f0, 0x0000023558c2bbc0, 0x0000023558c29a10,
0x0000023558c2a3b0, 0x0000023558c2b220, 0x0000023558c2cf00, 0x0000023558c29ee0,
0x0000023558c2c560, 0x0000023558c2a880, 0x0000023558c2ad50, 0x0000023558c2c090,
0x0000023557129870, 0x000002355712c890, 0x0000023557129d40, 0x000002355712ef10,
0x000002355712c3c0, 0x000002355712cd60, 0x000002355712a6e0, 0x000002355712ea40,
0x00000235571293a0, 0x000002355712abb0, 0x000002355712dbd0, 0x000002355712b550,
0x000002355712f3e0, 0x000002355712ba20, 0x000002355712d700, 0x000002355712f8b0,
0x000002355712e570, 0x0000023557128060, 0x0000023557128530, 0x0000023557128a00,
0x0000023557ebe7e0, 0x0000023557ebae20, 0x0000023557ebb7c0, 0x0000023557ebe310,
0x0000023557eb9fb0, 0x0000023557ebc630, 0x0000023557ebbc90, 0x0000023557ebecb0,
0x0000023557ebc160, 0x0000023557ebf180, 0x0000023557ebd970, 0x0000023557ebf650,
0x0000023557eba480, 0x0000023557ebb2f0, 0x0000023557ebfb20, 0x0000023557ebcb00,
0x0000023557ec1800, 0x0000023557ebde40, 0x0000023557ebcfd0, 0x0000023557eba950,
0x0000023557ebfff0, 0x0000023557ec0e60, 0x0000023557ec1330, 0x000002355652ec00,
0x000002355652c0b0, 0x0000023556531280, 0x000002355652f0d0, 0x000002355652cf20,
0x0000023556531750, 0x00000235565325c0, 0x0000023556532a90, 0x00000235565308e0,
0x0000023556531c20, 0x000002355652ca50, 0x000002355652c580
}

Java Threads: ( => current thread )
  0x00000235346a3330 JavaThread "main" [_thread_blocked, id=13644, stack(0x00000096d3e00000,0x00000096d3f00000)]
  0x00000235564c8510 JavaThread "Reference Handler" daemon [_thread_blocked, id=7292, stack(0x00000096d4500000,0x00000096d4600000)]
  0x00000235564c8fd0 JavaThread "Finalizer" daemon [_thread_blocked, id=13376, stack(0x00000096d4600000,0x00000096d4700000)]
  0x00000235564e5530 JavaThread "Signal Dispatcher" daemon [_thread_blocked, id=13808, stack(0x00000096d4700000,0x00000096d4800000)]
  0x00000235564e9f10 JavaThread "Attach Listener" daemon [_thread_blocked, id=9840, stack(0x00000096d4800000,0x00000096d4900000)]
  0x00000235564ea7d0 JavaThread "Service Thread" daemon [_thread_blocked, id=3836, stack(0x00000096d4900000,0x00000096d4a00000)]
  0x00000235564eb090 JavaThread "Monitor Deflation Thread" daemon [_thread_blocked, id=14404, stack(0x00000096d4a00000,0x00000096d4b00000)]
  0x00000235564ecd40 JavaThread "C2 CompilerThread0" daemon [_thread_blocked, id=7032, stack(0x00000096d4b00000,0x00000096d4c00000)]
  0x00000235564ed6f0 JavaThread "C1 CompilerThread0" daemon [_thread_blocked, id=4704, stack(0x00000096d4c00000,0x00000096d4d00000)]
  0x000002355655e600 JavaThread "Sweeper thread" daemon [_thread_blocked, id=12800, stack(0x00000096d4d00000,0x00000096d4e00000)]
  0x0000023557094720 JavaThread "Common-Cleaner" daemon [_thread_blocked, id=14856, stack(0x00000096d4e00000,0x00000096d4f00000)]
  0x0000023557094bf0 JavaThread "Notification Thread" daemon [_thread_blocked, id=12196, stack(0x00000096d4f00000,0x00000096d5000000)]
  0x0000023558057f00 JavaThread "Daemon health stats" [_thread_blocked, id=19408, stack(0x00000096d5400000,0x00000096d5500000)]
  0x00000235580a77e0 JavaThread "Incoming local TCP Connector on port 64682" [_thread_in_native, id=18336, stack(0x00000096d5500000,0x00000096d5600000)]
  0x000002355848a1d0 JavaThread "Daemon periodic checks" [_thread_blocked, id=1616, stack(0x00000096d5600000,0x00000096d5700000)]
  0x0000023558288fe0 JavaThread "Daemon" [_thread_blocked, id=16092, stack(0x00000096d5700000,0x00000096d5800000)]
  0x00000235590dcec0 JavaThread "Handler for socket connection from /127.0.0.1:64682 to /127.0.0.1:64683" [_thread_in_native, id=18804, stack(0x00000096d5800000,0x00000096d5900000)]
  0x00000235589488e0 JavaThread "Cancel handler" [_thread_blocked, id=13680, stack(0x00000096d5900000,0x00000096d5a00000)]
  0x00000235584b6140 JavaThread "Daemon worker" [_thread_blocked, id=19156, stack(0x00000096d5a00000,0x00000096d5b00000)]
  0x000002355896f7f0 JavaThread "Asynchronous log dispatcher for DefaultDaemonConnection: socket connection from /127.0.0.1:64682 to /127.0.0.1:64683" [_thread_blocked, id=15108, stack(0x00000096d5b00000,0x00000096d5c00000)]
  0x0000023558c29540 JavaThread "Stdin handler" [_thread_blocked, id=11128, stack(0x00000096d5c00000,0x00000096d5d00000)]
  0x0000023558c2b6f0 JavaThread "Daemon client event forwarder" [_thread_blocked, id=10704, stack(0x00000096d5d00000,0x00000096d5e00000)]
  0x0000023558c2bbc0 JavaThread "Cache worker for journal cache (C:\Users\Jason\.gradle\caches\journal-1)" [_thread_blocked, id=18520, stack(0x00000096d5e00000,0x00000096d5f00000)]
  0x0000023558c29a10 JavaThread "File lock request listener" [_thread_in_native, id=15812, stack(0x00000096d5f00000,0x00000096d6000000)]
  0x0000023558c2a3b0 JavaThread "Cache worker for file hash cache (C:\Users\Jason\.gradle\caches\7.4\fileHashes)" [_thread_blocked, id=19336, stack(0x00000096d6000000,0x00000096d6100000)]
  0x0000023558c2b220 JavaThread "File watcher server" daemon [_thread_in_native, id=14568, stack(0x00000096d6100000,0x00000096d6200000)]
  0x0000023558c2cf00 JavaThread "File watcher consumer" daemon [_thread_blocked, id=10700, stack(0x00000096d6200000,0x00000096d6300000)]
  0x0000023558c29ee0 JavaThread "Cache worker for checksums cache (C:\Users\Jason\Desktop\forge modding\Creator\.gradle\7.4\checksums)" [_thread_blocked, id=5432, stack(0x00000096d6300000,0x00000096d6400000)]
  0x0000023558c2c560 JavaThread "Cache worker for cache directory md-rule (C:\Users\Jason\.gradle\caches\7.4\md-rule)" [_thread_blocked, id=18568, stack(0x00000096d6400000,0x00000096d6500000)]
  0x0000023558c2a880 JavaThread "File lock release action executor" [_thread_blocked, id=10396, stack(0x00000096d6500000,0x00000096d6600000)]
  0x0000023558c2ad50 JavaThread "Cache worker for file hash cache (C:\Users\Jason\Desktop\forge modding\Creator\.gradle\7.4\fileHashes)" [_thread_blocked, id=15504, stack(0x00000096d6600000,0x00000096d6700000)]
  0x0000023558c2c090 JavaThread "Cache worker for cache directory md-supplier (C:\Users\Jason\.gradle\caches\7.4\md-supplier)" [_thread_blocked, id=13708, stack(0x00000096d6700000,0x00000096d6800000)]
  0x0000023557129870 JavaThread "Cache worker for execution history cache (C:\Users\Jason\.gradle\caches\7.4\executionHistory)" [_thread_blocked, id=4024, stack(0x00000096d6900000,0x00000096d6a00000)]
  0x000002355712c890 JavaThread "jar transforms" [_thread_blocked, id=5440, stack(0x00000096d6a00000,0x00000096d6b00000)]
  0x0000023557129d40 JavaThread "jar transforms Thread 2" [_thread_blocked, id=14776, stack(0x00000096d6b00000,0x00000096d6c00000)]
  0x000002355712ef10 JavaThread "Cache worker for file content cache (C:\Users\Jason\.gradle\caches\7.4\fileContent)" [_thread_blocked, id=18604, stack(0x00000096d6c00000,0x00000096d6d00000)]
  0x000002355712c3c0 JavaThread "jar transforms Thread 3" [_thread_blocked, id=8652, stack(0x00000096d6d00000,0x00000096d6e00000)]
  0x000002355712cd60 JavaThread "jar transforms Thread 4" [_thread_blocked, id=9500, stack(0x00000096d6e00000,0x00000096d6f00000)]
  0x000002355712a6e0 JavaThread "Cache worker for dependencies-accessors (C:\Users\Jason\Desktop\forge modding\Creator\.gradle\7.4\dependencies-accessors)" [_thread_blocked, id=13812, stack(0x00000096d6f00000,0x00000096d7000000)]
  0x000002355712ea40 JavaThread "Cache worker for Build Output Cleanup Cache (C:\Users\Jason\Desktop\forge modding\Creator\.gradle\buildOutputCleanup)" [_thread_blocked, id=16336, stack(0x00000096d7000000,0x00000096d7100000)]
  0x00000235571293a0 JavaThread "Unconstrained build operations" [_thread_blocked, id=16120, stack(0x00000096d7200000,0x00000096d7300000)]
  0x000002355712abb0 JavaThread "Unconstrained build operations Thread 2" [_thread_blocked, id=18732, stack(0x00000096d7300000,0x00000096d7400000)]
  0x000002355712dbd0 JavaThread "Unconstrained build operations Thread 3" [_thread_blocked, id=10500, stack(0x00000096d7400000,0x00000096d7500000)]
  0x000002355712b550 JavaThread "Unconstrained build operations Thread 4" [_thread_blocked, id=3044, stack(0x00000096d7500000,0x00000096d7600000)]
  0x000002355712f3e0 JavaThread "Unconstrained build operations Thread 5" [_thread_blocked, id=8440, stack(0x00000096d7600000,0x00000096d7700000)]
  0x000002355712ba20 JavaThread "Unconstrained build operations Thread 6" [_thread_blocked, id=2976, stack(0x00000096d7700000,0x00000096d7800000)]
  0x000002355712d700 JavaThread "Unconstrained build operations Thread 7" [_thread_blocked, id=14052, stack(0x00000096d7800000,0x00000096d7900000)]
  0x000002355712f8b0 JavaThread "Unconstrained build operations Thread 8" [_thread_blocked, id=3784, stack(0x00000096d7900000,0x00000096d7a00000)]
  0x000002355712e570 JavaThread "Unconstrained build operations Thread 9" [_thread_blocked, id=3136, stack(0x00000096d7a00000,0x00000096d7b00000)]
  0x0000023557128060 JavaThread "Unconstrained build operations Thread 10" [_thread_blocked, id=10020, stack(0x00000096d7b00000,0x00000096d7c00000)]
  0x0000023557128530 JavaThread "Unconstrained build operations Thread 11" [_thread_blocked, id=12984, stack(0x00000096d7c00000,0x00000096d7d00000)]
  0x0000023557128a00 JavaThread "Unconstrained build operations Thread 12" [_thread_blocked, id=4812, stack(0x00000096d7d00000,0x00000096d7e00000)]
  0x0000023557ebe7e0 JavaThread "Unconstrained build operations Thread 13" [_thread_blocked, id=12968, stack(0x00000096d7e00000,0x00000096d7f00000)]
  0x0000023557ebae20 JavaThread "Unconstrained build operations Thread 14" [_thread_blocked, id=17376, stack(0x00000096d7f00000,0x00000096d8000000)]
  0x0000023557ebb7c0 JavaThread "Unconstrained build operations Thread 15" [_thread_blocked, id=8836, stack(0x00000096d8000000,0x00000096d8100000)]
  0x0000023557ebe310 JavaThread "Unconstrained build operations Thread 16" [_thread_blocked, id=18576, stack(0x00000096d8100000,0x00000096d8200000)]
  0x0000023557eb9fb0 JavaThread "Unconstrained build operations Thread 17" [_thread_blocked, id=3740, stack(0x00000096d8200000,0x00000096d8300000)]
  0x0000023557ebc630 JavaThread "Unconstrained build operations Thread 18" [_thread_blocked, id=12876, stack(0x00000096d8300000,0x00000096d8400000)]
  0x0000023557ebbc90 JavaThread "Unconstrained build operations Thread 19" [_thread_blocked, id=8220, stack(0x00000096d8400000,0x00000096d8500000)]
  0x0000023557ebecb0 JavaThread "Unconstrained build operations Thread 20" [_thread_blocked, id=11868, stack(0x00000096d8500000,0x00000096d8600000)]
  0x0000023557ebc160 JavaThread "Unconstrained build operations Thread 21" [_thread_blocked, id=9072, stack(0x00000096d8600000,0x00000096d8700000)]
  0x0000023557ebf180 JavaThread "Unconstrained build operations Thread 22" [_thread_blocked, id=17680, stack(0x00000096d8700000,0x00000096d8800000)]
  0x0000023557ebd970 JavaThread "Unconstrained build operations Thread 23" [_thread_blocked, id=12032, stack(0x00000096d8800000,0x00000096d8900000)]
  0x0000023557ebf650 JavaThread "Unconstrained build operations Thread 24" [_thread_blocked, id=18228, stack(0x00000096d8900000,0x00000096d8a00000)]
  0x0000023557eba480 JavaThread "Unconstrained build operations Thread 25" [_thread_blocked, id=13196, stack(0x00000096d8a00000,0x00000096d8b00000)]
  0x0000023557ebb2f0 JavaThread "Unconstrained build operations Thread 26" [_thread_blocked, id=18708, stack(0x00000096d8b00000,0x00000096d8c00000)]
  0x0000023557ebfb20 JavaThread "Unconstrained build operations Thread 27" [_thread_blocked, id=3264, stack(0x00000096d8c00000,0x00000096d8d00000)]
  0x0000023557ebcb00 JavaThread "Unconstrained build operations Thread 28" [_thread_blocked, id=13780, stack(0x00000096d8d00000,0x00000096d8e00000)]
  0x0000023557ec1800 JavaThread "Unconstrained build operations Thread 29" [_thread_blocked, id=18868, stack(0x00000096d8e00000,0x00000096d8f00000)]
  0x0000023557ebde40 JavaThread "Unconstrained build operations Thread 30" [_thread_blocked, id=19204, stack(0x00000096d8f00000,0x00000096d9000000)]
  0x0000023557ebcfd0 JavaThread "Unconstrained build operations Thread 31" [_thread_blocked, id=10448, stack(0x00000096d9000000,0x00000096d9100000)]
  0x0000023557eba950 JavaThread "Memory manager" [_thread_blocked, id=304, stack(0x00000096d9200000,0x00000096d9300000)]
  0x0000023557ebfff0 JavaThread "ForkJoinPool.commonPool-worker-1" daemon [_thread_blocked, id=6100, stack(0x00000096d9300000,0x00000096d9400000)]
  0x0000023557ec0e60 JavaThread "ForkJoinPool.commonPool-worker-2" daemon [_thread_blocked, id=14464, stack(0x00000096d9400000,0x00000096d9500000)]
  0x0000023557ec1330 JavaThread "ForkJoinPool.commonPool-worker-3" daemon [_thread_blocked, id=11912, stack(0x00000096d9500000,0x00000096d9600000)]
  0x000002355652ec00 JavaThread "Exec process" [_thread_blocked, id=17864, stack(0x00000096d9600000,0x00000096d9700000)]
  0x000002355652c0b0 JavaThread "Exec process Thread 2" [_thread_blocked, id=11232, stack(0x00000096d9700000,0x00000096d9800000)]
  0x0000023556531280 JavaThread "Exec process Thread 3" [_thread_blocked, id=8596, stack(0x00000096d9800000,0x00000096d9900000)]
  0x000002355652f0d0 JavaThread "Unconstrained build operations Thread 32" [_thread_blocked, id=10092, stack(0x00000096d9900000,0x00000096d9a00000)]
  0x000002355652cf20 JavaThread "Unconstrained build operations Thread 33" [_thread_blocked, id=12788, stack(0x00000096d9a00000,0x00000096d9b00000)]
  0x0000023556531750 JavaThread "Unconstrained build operations Thread 34" [_thread_blocked, id=13148, stack(0x00000096d9b00000,0x00000096d9c00000)]
  0x00000235565325c0 JavaThread "Unconstrained build operations Thread 35" [_thread_blocked, id=3732, stack(0x00000096d9c00000,0x00000096d9d00000)]
  0x0000023556532a90 JavaThread "Unconstrained build operations Thread 36" [_thread_blocked, id=6468, stack(0x00000096d9d00000,0x00000096d9e00000)]
  0x00000235565308e0 JavaThread "Unconstrained build operations Thread 37" [_thread_blocked, id=19108, stack(0x00000096d9e00000,0x00000096d9f00000)]
  0x0000023556531c20 JavaThread "Unconstrained build operations Thread 38" [_thread_blocked, id=15980, stack(0x00000096d9f00000,0x00000096da000000)]
  0x000002355652ca50 JavaThread "Unconstrained build operations Thread 39" [_thread_blocked, id=1316, stack(0x00000096da000000,0x00000096da100000)]
  0x000002355652c580 JavaThread "Unconstrained build operations Thread 40" [_thread_blocked, id=16008, stack(0x00000096da100000,0x00000096da200000)]

Other Threads:
=>0x00000235564bfaf0 VMThread "VM Thread" [stack: 0x00000096d4400000,0x00000096d4500000] [id=19196]
  0x00000235570923f0 WatcherThread [stack: 0x00000096d5000000,0x00000096d5100000] [id=13584]
  0x00000235346e5400 GCTaskThread "GC Thread#0" [stack: 0x00000096d3f00000,0x00000096d4000000] [id=17016]
  0x0000023557463b80 GCTaskThread "GC Thread#1" [stack: 0x00000096d5100000,0x00000096d5200000] [id=9336]
  0x00000235574590e0 GCTaskThread "GC Thread#2" [stack: 0x00000096d5200000,0x00000096d5300000] [id=17068]
  0x0000023557fdeb90 GCTaskThread "GC Thread#3" [stack: 0x00000096d5300000,0x00000096d5400000] [id=16200]
  0x00000235346f20f0 ConcurrentGCThread "G1 Main Marker" [stack: 0x00000096d4000000,0x00000096d4100000] [id=13392]
  0x00000235346f28b0 ConcurrentGCThread "G1 Conc#0" [stack: 0x00000096d4100000,0x00000096d4200000] [id=5248]
  0x000002353476ce60 ConcurrentGCThread "G1 Refine#0" [stack: 0x00000096d4200000,0x00000096d4300000] [id=17348]
  0x0000023557a65990 ConcurrentGCThread "G1 Refine#1" [stack: 0x00000096d6800000,0x00000096d6900000] [id=12944]
  0x0000023559b64430 ConcurrentGCThread "G1 Refine#2" [stack: 0x00000096da200000,0x00000096da300000] [id=16584]
  0x0000023559b632f0 ConcurrentGCThread "G1 Refine#3" [stack: 0x00000096da300000,0x00000096da400000] [id=13624]
  0x000002353476d630 ConcurrentGCThread "G1 Service" [stack: 0x00000096d4300000,0x00000096d4400000] [id=1100]

Threads with active compile tasks:

VM state: at safepoint (normal execution)

VM Mutex/Monitor currently owned by a thread:  ([mutex/lock_event])
[0x000002353469f7e0] Threads_lock - owner thread: 0x00000235564bfaf0
[0x000002353469fa20] Heap_lock - owner thread: 0x00000235584b6140

Heap address: 0x0000000740000000, size: 3072 MB, Compressed Oops mode: Zero based, Oop shift amount: 3

CDS archive(s) mapped at: [0x0000000800000000-0x0000000800bc0000-0x0000000800bc0000), size 12320768, SharedBaseAddress: 0x0000000800000000, ArchiveRelocationMode: 0.
Compressed class space mapped at: 0x0000000800c00000-0x0000000840c00000, reserved size: 1073741824
Narrow klass base: 0x0000000800000000, Narrow klass shift: 0, Narrow klass range: 0x100000000

GC Precious Log:
 CPUs: 4 total, 4 available
 Memory: 8062M
 Large Page Support: Disabled
 NUMA Support: Disabled
 Compressed Oops: Enabled (Zero based)
 Heap Region Size: 2M
 Heap Min Capacity: 8M
 Heap Initial Capacity: 126M
 Heap Max Capacity: 3G
 Pre-touch: Disabled
 Parallel Workers: 4
 Concurrent Workers: 1
 Concurrent Refinement Workers: 4
 Periodic GC: Disabled

Heap:
 garbage-first heap   total 561152K, used 283648K [0x0000000740000000, 0x0000000800000000)
  region size 2048K, 2 young (4096K), 2 survivors (4096K)
 Metaspace       used 58784K, committed 59328K, reserved 1105920K
  class space    used 7937K, committed 8192K, reserved 1048576K

Heap Regions: E=young(eden), S=young(survivor), O=old, HS=humongous(starts), HC=humongous(continues), CS=collection set, F=free, OA=open archive, CA=closed archive, TAMS=top-at-mark-start (previous, next)
|   0|0x0000000740000000, 0x0000000740200000, 0x0000000740200000|100%|HS|  |TAMS 0x0000000740200000, 0x0000000740000000| Complete 
|   1|0x0000000740200000, 0x0000000740400000, 0x0000000740400000|100%|HC|  |TAMS 0x0000000740400000, 0x0000000740200000| Complete 
|   2|0x0000000740400000, 0x0000000740600000, 0x0000000740600000|100%| O|  |TAMS 0x0000000740600000, 0x0000000740400000| Updating 
|   3|0x0000000740600000, 0x0000000740800000, 0x0000000740800000|100%| O|  |TAMS 0x0000000740800000, 0x0000000740600000| Untracked 
|   4|0x0000000740800000, 0x0000000740a00000, 0x0000000740a00000|100%| O|  |TAMS 0x0000000740a00000, 0x0000000740800000| Untracked 
|   5|0x0000000740a00000, 0x0000000740c00000, 0x0000000740c00000|100%| O|  |TAMS 0x0000000740c00000, 0x0000000740a00000| Untracked 
|   6|0x0000000740c00000, 0x0000000740e00000, 0x0000000740e00000|100%| O|  |TAMS 0x0000000740e00000, 0x0000000740c00000| Untracked 
|   7|0x0000000740e00000, 0x0000000741000000, 0x0000000741000000|100%| O|  |TAMS 0x0000000741000000, 0x0000000740e00000| Untracked 
|   8|0x0000000741000000, 0x0000000741200000, 0x0000000741200000|100%| O|  |TAMS 0x0000000741200000, 0x0000000741000000| Untracked 
|   9|0x0000000741200000, 0x0000000741400000, 0x0000000741400000|100%| O|  |TAMS 0x0000000741200000, 0x0000000741200000| Untracked 
|  10|0x0000000741400000, 0x0000000741600000, 0x0000000741600000|100%| O|  |TAMS 0x0000000741600000, 0x0000000741400000| Untracked 
|  11|0x0000000741600000, 0x0000000741800000, 0x0000000741800000|100%| O|  |TAMS 0x0000000741800000, 0x0000000741600000| Untracked 
|  12|0x0000000741800000, 0x0000000741a00000, 0x0000000741a00000|100%| O|  |TAMS 0x0000000741a00000, 0x0000000741800000| Untracked 
|  13|0x0000000741a00000, 0x0000000741c00000, 0x0000000741c00000|100%| O|  |TAMS 0x0000000741c00000, 0x0000000741a00000| Untracked 
|  14|0x0000000741c00000, 0x0000000741e00000, 0x0000000741e00000|100%|HS|  |TAMS 0x0000000741e00000, 0x0000000741c00000| Complete 
|  15|0x0000000741e00000, 0x0000000742000000, 0x0000000742000000|100%| O|  |TAMS 0x0000000742000000, 0x0000000741e00000| Untracked 
|  16|0x0000000742000000, 0x0000000742200000, 0x0000000742200000|100%| O|  |TAMS 0x0000000742200000, 0x0000000742000000| Untracked 
|  17|0x0000000742200000, 0x0000000742400000, 0x0000000742400000|100%| O|  |TAMS 0x0000000742400000, 0x0000000742200000| Untracked 
|  18|0x0000000742400000, 0x0000000742600000, 0x0000000742600000|100%| O|  |TAMS 0x0000000742600000, 0x0000000742400000| Untracked 
|  19|0x0000000742600000, 0x0000000742800000, 0x0000000742800000|100%| O|  |TAMS 0x0000000742800000, 0x0000000742600000| Updating 
|  20|0x0000000742800000, 0x0000000742a00000, 0x0000000742a00000|100%| O|  |TAMS 0x0000000742a00000, 0x0000000742800000| Untracked 
|  21|0x0000000742a00000, 0x0000000742c00000, 0x0000000742c00000|100%| O|  |TAMS 0x0000000742c00000, 0x0000000742a00000| Untracked 
|  22|0x0000000742c00000, 0x0000000742e00000, 0x0000000742e00000|100%| O|  |TAMS 0x0000000742e00000, 0x0000000742c00000| Updating 
|  23|0x0000000742e00000, 0x0000000743000000, 0x0000000743000000|100%| O|  |TAMS 0x0000000743000000, 0x0000000742e00000| Updating 
|  24|0x0000000743000000, 0x0000000743200000, 0x0000000743200000|100%| O|  |TAMS 0x0000000743200000, 0x0000000743000000| Updating 
|  25|0x0000000743200000, 0x0000000743400000, 0x0000000743400000|100%| O|  |TAMS 0x0000000743400000, 0x0000000743200000| Updating 
|  26|0x0000000743400000, 0x0000000743600000, 0x0000000743600000|100%| O|  |TAMS 0x0000000743600000, 0x0000000743400000| Updating 
|  27|0x0000000743600000, 0x0000000743800000, 0x0000000743800000|100%| O|  |TAMS 0x0000000743800000, 0x0000000743600000| Updating 
|  28|0x0000000743800000, 0x0000000743a00000, 0x0000000743a00000|100%| O|  |TAMS 0x0000000743800000, 0x0000000743800000| Untracked 
|  29|0x0000000743a00000, 0x0000000743c00000, 0x0000000743c00000|100%| O|  |TAMS 0x0000000743a00000, 0x0000000743a00000| Untracked 
|  30|0x0000000743c00000, 0x0000000743e00000, 0x0000000743e00000|100%| O|  |TAMS 0x0000000743c00000, 0x0000000743c00000| Untracked 
|  31|0x0000000743e00000, 0x0000000744000000, 0x0000000744000000|100%| O|  |TAMS 0x0000000743e00000, 0x0000000743e00000| Untracked 
|  32|0x0000000744000000, 0x0000000744200000, 0x0000000744200000|100%| O|  |TAMS 0x0000000744000000, 0x0000000744000000| Untracked 
|  33|0x0000000744200000, 0x0000000744400000, 0x0000000744400000|100%| O|  |TAMS 0x0000000744200000, 0x0000000744200000| Untracked 
|  34|0x0000000744400000, 0x0000000744600000, 0x0000000744600000|100%| O|  |TAMS 0x0000000744400000, 0x0000000744400000| Untracked 
|  35|0x0000000744600000, 0x0000000744800000, 0x0000000744800000|100%| O|  |TAMS 0x0000000744600000, 0x0000000744600000| Untracked 
|  36|0x0000000744800000, 0x0000000744a00000, 0x0000000744a00000|100%| O|  |TAMS 0x0000000744800000, 0x0000000744800000| Untracked 
|  37|0x0000000744a00000, 0x0000000744c00000, 0x0000000744c00000|100%| O|  |TAMS 0x0000000744c00000, 0x0000000744a00000| Updating 
|  38|0x0000000744c00000, 0x0000000744e00000, 0x0000000744e00000|100%| O|  |TAMS 0x0000000744e00000, 0x0000000744c00000| Untracked 
|  39|0x0000000744e00000, 0x0000000745000000, 0x0000000745000000|100%| O|  |TAMS 0x0000000745000000, 0x0000000744e00000| Untracked 
|  40|0x0000000745000000, 0x0000000745200000, 0x0000000745200000|100%| O|  |TAMS 0x0000000745200000, 0x0000000745000000| Updating 
|  41|0x0000000745200000, 0x0000000745400000, 0x0000000745400000|100%| O|  |TAMS 0x0000000745400000, 0x0000000745200000| Updating 
|  42|0x0000000745400000, 0x0000000745600000, 0x0000000745600000|100%| O|  |TAMS 0x0000000745400000, 0x0000000745400000| Untracked 
|  43|0x0000000745600000, 0x0000000745800000, 0x0000000745800000|100%| O|  |TAMS 0x0000000745600000, 0x0000000745600000| Untracked 
|  44|0x0000000745800000, 0x0000000745a00000, 0x0000000745a00000|100%| O|  |TAMS 0x0000000745800000, 0x0000000745800000| Untracked 
|  45|0x0000000745a00000, 0x0000000745c00000, 0x0000000745c00000|100%| O|  |TAMS 0x0000000745a00000, 0x0000000745a00000| Untracked 
|  46|0x0000000745c00000, 0x0000000745e00000, 0x0000000745e00000|100%| O|  |TAMS 0x0000000745c00000, 0x0000000745c00000| Untracked 
|  47|0x0000000745e00000, 0x0000000746000000, 0x0000000746000000|100%| O|  |TAMS 0x0000000745e00000, 0x0000000745e00000| Untracked 
|  48|0x0000000746000000, 0x0000000746200000, 0x0000000746200000|100%| O|  |TAMS 0x0000000746000000, 0x0000000746000000| Untracked 
|  49|0x0000000746200000, 0x0000000746400000, 0x0000000746400000|100%| O|  |TAMS 0x0000000746200000, 0x0000000746200000| Untracked 
|  50|0x0000000746400000, 0x0000000746600000, 0x0000000746600000|100%| O|  |TAMS 0x0000000746400000, 0x0000000746400000| Untracked 
|  51|0x0000000746600000, 0x0000000746800000, 0x0000000746800000|100%| O|  |TAMS 0x0000000746600000, 0x0000000746600000| Untracked 
|  52|0x0000000746800000, 0x0000000746a00000, 0x0000000746a00000|100%| O|  |TAMS 0x0000000746800000, 0x0000000746800000| Untracked 
|  53|0x0000000746a00000, 0x0000000746c00000, 0x0000000746c00000|100%| O|  |TAMS 0x0000000746a00000, 0x0000000746a00000| Untracked 
|  54|0x0000000746c00000, 0x0000000746e00000, 0x0000000746e00000|100%| O|  |TAMS 0x0000000746e00000, 0x0000000746c00000| Untracked 
|  55|0x0000000746e00000, 0x0000000747000000, 0x0000000747000000|100%| O|  |TAMS 0x0000000747000000, 0x0000000746e00000| Updating 
|  56|0x0000000747000000, 0x0000000747200000, 0x0000000747200000|100%| O|  |TAMS 0x0000000747000000, 0x0000000747000000| Untracked 
|  57|0x0000000747200000, 0x0000000747400000, 0x0000000747400000|100%| O|  |TAMS 0x0000000747200000, 0x0000000747200000| Untracked 
|  58|0x0000000747400000, 0x0000000747600000, 0x0000000747600000|100%| O|  |TAMS 0x0000000747400000, 0x0000000747400000| Untracked 
|  59|0x0000000747600000, 0x0000000747800000, 0x0000000747800000|100%| O|  |TAMS 0x0000000747600000, 0x0000000747600000| Untracked 
|  60|0x0000000747800000, 0x0000000747a00000, 0x0000000747a00000|100%| O|  |TAMS 0x0000000747800000, 0x0000000747800000| Untracked 
|  61|0x0000000747a00000, 0x0000000747c00000, 0x0000000747c00000|100%| O|  |TAMS 0x0000000747a00000, 0x0000000747a00000| Untracked 
|  62|0x0000000747c00000, 0x0000000747e00000, 0x0000000747e00000|100%| O|  |TAMS 0x0000000747c00000, 0x0000000747c00000| Untracked 
|  63|0x0000000747e00000, 0x0000000748000000, 0x0000000748000000|100%| O|  |TAMS 0x0000000747e00000, 0x0000000747e00000| Untracked 
|  64|0x0000000748000000, 0x0000000748200000, 0x0000000748200000|100%|HS|  |TAMS 0x0000000748200000, 0x0000000748000000| Complete 
|  65|0x0000000748200000, 0x0000000748400000, 0x0000000748400000|100%|HC|  |TAMS 0x0000000748400000, 0x0000000748200000| Complete 
|  66|0x0000000748400000, 0x0000000748600000, 0x0000000748600000|100%|HC|  |TAMS 0x0000000748600000, 0x0000000748400000| Complete 
|  67|0x0000000748600000, 0x0000000748800000, 0x0000000748800000|100%| O|  |TAMS 0x0000000748600000, 0x0000000748600000| Untracked 
|  68|0x0000000748800000, 0x0000000748a00000, 0x0000000748a00000|100%| O|  |TAMS 0x0000000748800000, 0x0000000748800000| Untracked 
|  69|0x0000000748a00000, 0x0000000748c00000, 0x0000000748c00000|100%| O|  |TAMS 0x0000000748a00000, 0x0000000748a00000| Updating 
|  70|0x0000000748c00000, 0x0000000748e00000, 0x0000000748e00000|100%| O|  |TAMS 0x0000000748c00000, 0x0000000748c00000| Untracked 
|  71|0x0000000748e00000, 0x0000000749000000, 0x0000000749000000|100%| O|  |TAMS 0x0000000749000000, 0x0000000748e00000| Untracked 
|  72|0x0000000749000000, 0x0000000749200000, 0x0000000749200000|100%| O|  |TAMS 0x0000000749200000, 0x0000000749000000| Updating 
|  73|0x0000000749200000, 0x0000000749400000, 0x0000000749400000|100%| O|  |TAMS 0x0000000749200000, 0x0000000749200000| Untracked 
|  74|0x0000000749400000, 0x0000000749600000, 0x0000000749600000|100%| O|  |TAMS 0x0000000749400000, 0x0000000749400000| Untracked 
|  75|0x0000000749600000, 0x0000000749800000, 0x0000000749800000|100%| O|  |TAMS 0x0000000749800000, 0x0000000749600000| Untracked 
|  76|0x0000000749800000, 0x0000000749a00000, 0x0000000749a00000|100%| O|  |TAMS 0x0000000749a00000, 0x0000000749800000| Untracked 
|  77|0x0000000749a00000, 0x0000000749c00000, 0x0000000749c00000|100%| O|  |TAMS 0x0000000749c00000, 0x0000000749a00000| Untracked 
|  78|0x0000000749c00000, 0x0000000749e00000, 0x0000000749e00000|100%| O|  |TAMS 0x0000000749e00000, 0x0000000749c00000| Untracked 
|  79|0x0000000749e00000, 0x000000074a000000, 0x000000074a000000|100%| O|  |TAMS 0x000000074a000000, 0x0000000749e00000| Untracked 
|  80|0x000000074a000000, 0x000000074a200000, 0x000000074a200000|100%| O|  |TAMS 0x000000074a200000, 0x000000074a000000| Untracked 
|  81|0x000000074a200000, 0x000000074a400000, 0x000000074a400000|100%| O|  |TAMS 0x000000074a400000, 0x000000074a200000| Untracked 
|  82|0x000000074a400000, 0x000000074a600000, 0x000000074a600000|100%| O|  |TAMS 0x000000074a600000, 0x000000074a400000| Untracked 
|  83|0x000000074a600000, 0x000000074a800000, 0x000000074a800000|100%| O|  |TAMS 0x000000074a800000, 0x000000074a600000| Untracked 
|  84|0x000000074a800000, 0x000000074aa00000, 0x000000074aa00000|100%| O|  |TAMS 0x000000074aa00000, 0x000000074a800000| Untracked 
|  85|0x000000074aa00000, 0x000000074ac00000, 0x000000074ac00000|100%| O|  |TAMS 0x000000074aa00000, 0x000000074aa00000| Untracked 
|  86|0x000000074ac00000, 0x000000074ae00000, 0x000000074ae00000|100%| O|  |TAMS 0x000000074ac00000, 0x000000074ac00000| Untracked 
|  87|0x000000074ae00000, 0x000000074b000000, 0x000000074b000000|100%| O|  |TAMS 0x000000074ae00000, 0x000000074ae00000| Untracked 
|  88|0x000000074b000000, 0x000000074b200000, 0x000000074b200000|100%| O|  |TAMS 0x000000074b200000, 0x000000074b000000| Untracked 
|  89|0x000000074b200000, 0x000000074b400000, 0x000000074b400000|100%| O|  |TAMS 0x000000074b400000, 0x000000074b200000| Updating 
|  90|0x000000074b400000, 0x000000074b600000, 0x000000074b600000|100%| O|  |TAMS 0x000000074b600000, 0x000000074b400000| Updating 
|  91|0x000000074b600000, 0x000000074b800000, 0x000000074b800000|100%| O|  |TAMS 0x000000074b800000, 0x000000074b600000| Updating 
|  92|0x000000074b800000, 0x000000074ba00000, 0x000000074ba00000|100%| O|  |TAMS 0x000000074ba00000, 0x000000074b800000| Untracked 
|  93|0x000000074ba00000, 0x000000074bc00000, 0x000000074bc00000|100%| O|  |TAMS 0x000000074bc00000, 0x000000074ba00000| Updating 
|  94|0x000000074bc00000, 0x000000074be00000, 0x000000074be00000|100%| O|  |TAMS 0x000000074be00000, 0x000000074bc00000| Updating 
|  95|0x000000074be00000, 0x000000074c000000, 0x000000074c000000|100%| O|  |TAMS 0x000000074c000000, 0x000000074be00000| Untracked 
|  96|0x000000074c000000, 0x000000074c200000, 0x000000074c200000|100%| O|  |TAMS 0x000000074c200000, 0x000000074c000000| Untracked 
|  97|0x000000074c200000, 0x000000074c400000, 0x000000074c400000|100%| O|  |TAMS 0x000000074c400000, 0x000000074c200000| Untracked 
|  98|0x000000074c400000, 0x000000074c600000, 0x000000074c600000|100%| O|  |TAMS 0x000000074c600000, 0x000000074c400000| Untracked 
|  99|0x000000074c600000, 0x000000074c800000, 0x000000074c800000|100%| O|  |TAMS 0x000000074c800000, 0x000000074c600000| Untracked 
| 100|0x000000074c800000, 0x000000074ca00000, 0x000000074ca00000|100%| O|  |TAMS 0x000000074ca00000, 0x000000074c800000| Untracked 
| 101|0x000000074ca00000, 0x000000074cc00000, 0x000000074cc00000|100%| O|  |TAMS 0x000000074cc00000, 0x000000074ca00000| Untracked 
| 102|0x000000074cc00000, 0x000000074ce00000, 0x000000074ce00000|100%| O|  |TAMS 0x000000074ce00000, 0x000000074cc00000| Untracked 
| 103|0x000000074ce00000, 0x000000074d000000, 0x000000074d000000|100%| O|  |TAMS 0x000000074d000000, 0x000000074ce00000| Untracked 
| 104|0x000000074d000000, 0x000000074d200000, 0x000000074d200000|100%| O|  |TAMS 0x000000074d200000, 0x000000074d000000| Untracked 
| 105|0x000000074d200000, 0x000000074d400000, 0x000000074d400000|100%| O|  |TAMS 0x000000074d400000, 0x000000074d200000| Untracked 
| 106|0x000000074d400000, 0x000000074d600000, 0x000000074d600000|100%| O|  |TAMS 0x000000074d600000, 0x000000074d400000| Untracked 
| 107|0x000000074d600000, 0x000000074d800000, 0x000000074d800000|100%| O|  |TAMS 0x000000074d800000, 0x000000074d600000| Untracked 
| 108|0x000000074d800000, 0x000000074da00000, 0x000000074da00000|100%| O|  |TAMS 0x000000074da00000, 0x000000074d800000| Untracked 
| 109|0x000000074da00000, 0x000000074dc00000, 0x000000074dc00000|100%| O|  |TAMS 0x000000074dc00000, 0x000000074da00000| Untracked 
| 110|0x000000074dc00000, 0x000000074de00000, 0x000000074de00000|100%| O|  |TAMS 0x000000074dc00000, 0x000000074dc00000| Untracked 
| 111|0x000000074de00000, 0x000000074e000000, 0x000000074e000000|100%| O|  |TAMS 0x000000074e000000, 0x000000074de00000| Untracked 
| 112|0x000000074e000000, 0x000000074e200000, 0x000000074e200000|100%| O|  |TAMS 0x000000074e200000, 0x000000074e000000| Untracked 
| 113|0x000000074e200000, 0x000000074e400000, 0x000000074e400000|100%| O|  |TAMS 0x000000074e400000, 0x000000074e200000| Untracked 
| 114|0x000000074e400000, 0x000000074e600000, 0x000000074e600000|100%| O|  |TAMS 0x000000074e600000, 0x000000074e400000| Untracked 
| 115|0x000000074e600000, 0x000000074e800000, 0x000000074e800000|100%| O|  |TAMS 0x000000074e800000, 0x000000074e600000| Untracked 
| 116|0x000000074e800000, 0x000000074ea00000, 0x000000074ea00000|100%| O|  |TAMS 0x000000074ea00000, 0x000000074e800000| Untracked 
| 117|0x000000074ea00000, 0x000000074ec00000, 0x000000074ec00000|100%| O|  |TAMS 0x000000074ec00000, 0x000000074ea00000| Untracked 
| 118|0x000000074ec00000, 0x000000074ee00000, 0x000000074ee00000|100%| O|  |TAMS 0x000000074ee00000, 0x000000074ec00000| Untracked 
| 119|0x000000074ee00000, 0x000000074f000000, 0x000000074f000000|100%| O|  |TAMS 0x000000074f000000, 0x000000074ee00000| Untracked 
| 120|0x000000074f000000, 0x000000074f200000, 0x000000074f200000|100%| O|  |TAMS 0x000000074f200000, 0x000000074f000000| Untracked 
| 121|0x000000074f200000, 0x000000074f400000, 0x000000074f400000|100%| O|  |TAMS 0x000000074f400000, 0x000000074f200000| Untracked 
| 122|0x000000074f400000, 0x000000074f600000, 0x000000074f600000|100%| O|  |TAMS 0x000000074f600000, 0x000000074f400000| Untracked 
| 123|0x000000074f600000, 0x000000074f800000, 0x000000074f800000|100%| O|  |TAMS 0x000000074f800000, 0x000000074f600000| Untracked 
| 124|0x000000074f800000, 0x000000074fa00000, 0x000000074fa00000|100%| O|  |TAMS 0x000000074fa00000, 0x000000074f800000| Untracked 
| 125|0x000000074fa00000, 0x000000074fc00000, 0x000000074fc00000|100%| O|  |TAMS 0x000000074fc00000, 0x000000074fa00000| Untracked 
| 126|0x000000074fc00000, 0x000000074fe00000, 0x000000074fe00000|100%| O|  |TAMS 0x000000074fd11800, 0x000000074fc00000| Updating 
| 127|0x000000074fe00000, 0x000000074fe00000, 0x0000000750000000|  0%| F|  |TAMS 0x000000074fe00000, 0x000000074fe00000| Untracked 
| 128|0x0000000750000000, 0x0000000750000000, 0x0000000750200000|  0%| F|  |TAMS 0x0000000750000000, 0x0000000750000000| Untracked 
| 129|0x0000000750200000, 0x0000000750200000, 0x0000000750400000|  0%| F|  |TAMS 0x0000000750200000, 0x0000000750200000| Untracked 
| 130|0x0000000750400000, 0x0000000750400000, 0x0000000750600000|  0%| F|  |TAMS 0x0000000750400000, 0x0000000750400000| Untracked 
| 131|0x0000000750600000, 0x0000000750800000, 0x0000000750800000|100%| O|  |TAMS 0x0000000750600000, 0x0000000750600000| Untracked 
| 132|0x0000000750800000, 0x0000000750a00000, 0x0000000750a00000|100%| O|  |TAMS 0x0000000750800000, 0x0000000750800000| Untracked 
| 133|0x0000000750a00000, 0x0000000750c00000, 0x0000000750c00000|100%| O|  |TAMS 0x0000000750a00000, 0x0000000750a00000| Untracked 
| 134|0x0000000750c00000, 0x0000000750e00000, 0x0000000750e00000|100%| O|  |TAMS 0x0000000750c00000, 0x0000000750c00000| Untracked 
| 135|0x0000000750e00000, 0x0000000751000000, 0x0000000751000000|100%| O|  |TAMS 0x0000000750e00000, 0x0000000750e00000| Untracked 
| 136|0x0000000751000000, 0x0000000751200000, 0x0000000751200000|100%| O|  |TAMS 0x0000000751000000, 0x0000000751000000| Untracked 
| 137|0x0000000751200000, 0x0000000751400000, 0x0000000751400000|100%| O|  |TAMS 0x0000000751200000, 0x0000000751200000| Untracked 
| 138|0x0000000751400000, 0x0000000751600000, 0x0000000751600000|100%| O|  |TAMS 0x0000000751400000, 0x0000000751400000| Untracked 
| 139|0x0000000751600000, 0x0000000751700000, 0x0000000751800000| 50%| O|  |TAMS 0x0000000751600000, 0x0000000751600000| Untracked 
| 140|0x0000000751800000, 0x0000000751800000, 0x0000000751a00000|  0%| F|  |TAMS 0x0000000751800000, 0x0000000751800000| Untracked 
| 141|0x0000000751a00000, 0x0000000751a00000, 0x0000000751c00000|  0%| F|  |TAMS 0x0000000751a00000, 0x0000000751a00000| Untracked 
| 142|0x0000000751c00000, 0x0000000751c00000, 0x0000000751e00000|  0%| F|  |TAMS 0x0000000751c00000, 0x0000000751c00000| Untracked 
| 143|0x0000000751e00000, 0x0000000751e00000, 0x0000000752000000|  0%| F|  |TAMS 0x0000000751e00000, 0x0000000751e00000| Untracked 
| 144|0x0000000752000000, 0x0000000752000000, 0x0000000752200000|  0%| F|  |TAMS 0x0000000752000000, 0x0000000752000000| Untracked 
| 145|0x0000000752200000, 0x0000000752200000, 0x0000000752400000|  0%| F|  |TAMS 0x0000000752200000, 0x0000000752200000| Untracked 
| 146|0x0000000752400000, 0x0000000752400000, 0x0000000752600000|  0%| F|  |TAMS 0x0000000752400000, 0x0000000752400000| Untracked 
| 147|0x0000000752600000, 0x0000000752600000, 0x0000000752800000|  0%| F|  |TAMS 0x0000000752600000, 0x0000000752600000| Untracked 
| 148|0x0000000752800000, 0x0000000752800000, 0x0000000752a00000|  0%| F|  |TAMS 0x0000000752800000, 0x0000000752800000| Untracked 
| 149|0x0000000752a00000, 0x0000000752a00000, 0x0000000752c00000|  0%| F|  |TAMS 0x0000000752a00000, 0x0000000752a00000| Untracked 
| 150|0x0000000752c00000, 0x0000000752c00000, 0x0000000752e00000|  0%| F|  |TAMS 0x0000000752c00000, 0x0000000752c00000| Untracked 
| 151|0x0000000752e00000, 0x0000000752e00000, 0x0000000753000000|  0%| F|  |TAMS 0x0000000752e00000, 0x0000000752e00000| Untracked 
| 152|0x0000000753000000, 0x0000000753000000, 0x0000000753200000|  0%| F|  |TAMS 0x0000000753000000, 0x0000000753000000| Untracked 
| 153|0x0000000753200000, 0x0000000753200000, 0x0000000753400000|  0%| F|  |TAMS 0x0000000753200000, 0x0000000753200000| Untracked 
| 154|0x0000000753400000, 0x0000000753400000, 0x0000000753600000|  0%| F|  |TAMS 0x0000000753400000, 0x0000000753400000| Untracked 
| 155|0x0000000753600000, 0x0000000753600000, 0x0000000753800000|  0%| F|  |TAMS 0x0000000753600000, 0x0000000753600000| Untracked 
| 156|0x0000000753800000, 0x0000000753800000, 0x0000000753a00000|  0%| F|  |TAMS 0x0000000753800000, 0x0000000753800000| Untracked 
| 157|0x0000000753a00000, 0x0000000753a00000, 0x0000000753c00000|  0%| F|  |TAMS 0x0000000753a00000, 0x0000000753a00000| Untracked 
| 158|0x0000000753c00000, 0x0000000753c00000, 0x0000000753e00000|  0%| F|  |TAMS 0x0000000753c00000, 0x0000000753c00000| Untracked 
| 159|0x0000000753e00000, 0x0000000753e00000, 0x0000000754000000|  0%| F|  |TAMS 0x0000000753e00000, 0x0000000753e00000| Untracked 
| 160|0x0000000754000000, 0x0000000754000000, 0x0000000754200000|  0%| F|  |TAMS 0x0000000754000000, 0x0000000754000000| Untracked 
| 161|0x0000000754200000, 0x0000000754200000, 0x0000000754400000|  0%| F|  |TAMS 0x0000000754200000, 0x0000000754200000| Untracked 
| 162|0x0000000754400000, 0x0000000754400000, 0x0000000754600000|  0%| F|  |TAMS 0x0000000754400000, 0x0000000754400000| Untracked 
| 163|0x0000000754600000, 0x0000000754600000, 0x0000000754800000|  0%| F|  |TAMS 0x0000000754600000, 0x0000000754600000| Untracked 
| 164|0x0000000754800000, 0x0000000754800000, 0x0000000754a00000|  0%| F|  |TAMS 0x0000000754800000, 0x0000000754800000| Untracked 
| 165|0x0000000754a00000, 0x0000000754a00000, 0x0000000754c00000|  0%| F|  |TAMS 0x0000000754a00000, 0x0000000754a00000| Untracked 
| 166|0x0000000754c00000, 0x0000000754c00000, 0x0000000754e00000|  0%| F|  |TAMS 0x0000000754c00000, 0x0000000754c00000| Untracked 
| 167|0x0000000754e00000, 0x0000000754e00000, 0x0000000755000000|  0%| F|  |TAMS 0x0000000754e00000, 0x0000000754e00000| Untracked 
| 168|0x0000000755000000, 0x0000000755000000, 0x0000000755200000|  0%| F|  |TAMS 0x0000000755000000, 0x0000000755000000| Untracked 
| 169|0x0000000755200000, 0x0000000755200000, 0x0000000755400000|  0%| F|  |TAMS 0x0000000755200000, 0x0000000755200000| Untracked 
| 170|0x0000000755400000, 0x0000000755400000, 0x0000000755600000|  0%| F|  |TAMS 0x0000000755400000, 0x0000000755400000| Untracked 
| 171|0x0000000755600000, 0x0000000755600000, 0x0000000755800000|  0%| F|  |TAMS 0x0000000755600000, 0x0000000755600000| Untracked 
| 172|0x0000000755800000, 0x0000000755800000, 0x0000000755a00000|  0%| F|  |TAMS 0x0000000755800000, 0x0000000755800000| Untracked 
| 173|0x0000000755a00000, 0x0000000755a00000, 0x0000000755c00000|  0%| F|  |TAMS 0x0000000755a00000, 0x0000000755a00000| Untracked 
| 174|0x0000000755c00000, 0x0000000755c00000, 0x0000000755e00000|  0%| F|  |TAMS 0x0000000755c00000, 0x0000000755c00000| Untracked 
| 175|0x0000000755e00000, 0x0000000755e00000, 0x0000000756000000|  0%| F|  |TAMS 0x0000000755e00000, 0x0000000755e00000| Untracked 
| 176|0x0000000756000000, 0x0000000756000000, 0x0000000756200000|  0%| F|  |TAMS 0x0000000756000000, 0x0000000756000000| Untracked 
| 177|0x0000000756200000, 0x0000000756200000, 0x0000000756400000|  0%| F|  |TAMS 0x0000000756200000, 0x0000000756200000| Untracked 
| 178|0x0000000756400000, 0x0000000756400000, 0x0000000756600000|  0%| F|  |TAMS 0x0000000756400000, 0x0000000756400000| Untracked 
| 179|0x0000000756600000, 0x0000000756600000, 0x0000000756800000|  0%| F|  |TAMS 0x0000000756600000, 0x0000000756600000| Untracked 
| 180|0x0000000756800000, 0x0000000756800000, 0x0000000756a00000|  0%| F|  |TAMS 0x0000000756800000, 0x0000000756800000| Untracked 
| 181|0x0000000756a00000, 0x0000000756a00000, 0x0000000756c00000|  0%| F|  |TAMS 0x0000000756a00000, 0x0000000756a00000| Untracked 
| 182|0x0000000756c00000, 0x0000000756c00000, 0x0000000756e00000|  0%| F|  |TAMS 0x0000000756c00000, 0x0000000756c00000| Untracked 
| 183|0x0000000756e00000, 0x0000000756e00000, 0x0000000757000000|  0%| F|  |TAMS 0x0000000756e00000, 0x0000000756e00000| Untracked 
| 184|0x0000000757000000, 0x0000000757000000, 0x0000000757200000|  0%| F|  |TAMS 0x0000000757000000, 0x0000000757000000| Untracked 
| 185|0x0000000757200000, 0x0000000757200000, 0x0000000757400000|  0%| F|  |TAMS 0x0000000757200000, 0x0000000757200000| Untracked 
| 186|0x0000000757400000, 0x0000000757400000, 0x0000000757600000|  0%| F|  |TAMS 0x0000000757400000, 0x0000000757400000| Untracked 
| 187|0x0000000757600000, 0x0000000757600000, 0x0000000757800000|  0%| F|  |TAMS 0x0000000757600000, 0x0000000757600000| Untracked 
| 188|0x0000000757800000, 0x0000000757800000, 0x0000000757a00000|  0%| F|  |TAMS 0x0000000757800000, 0x0000000757800000| Untracked 
| 189|0x0000000757a00000, 0x0000000757a00000, 0x0000000757c00000|  0%| F|  |TAMS 0x0000000757a00000, 0x0000000757a00000| Untracked 
| 190|0x0000000757c00000, 0x0000000757c00000, 0x0000000757e00000|  0%| F|  |TAMS 0x0000000757c00000, 0x0000000757c00000| Untracked 
| 191|0x0000000757e00000, 0x0000000757e00000, 0x0000000758000000|  0%| F|  |TAMS 0x0000000757e00000, 0x0000000757e00000| Untracked 
| 192|0x0000000758000000, 0x0000000758000000, 0x0000000758200000|  0%| F|  |TAMS 0x0000000758000000, 0x0000000758000000| Untracked 
| 193|0x0000000758200000, 0x0000000758200000, 0x0000000758400000|  0%| F|  |TAMS 0x0000000758200000, 0x0000000758200000| Untracked 
| 194|0x0000000758400000, 0x0000000758400000, 0x0000000758600000|  0%| F|  |TAMS 0x0000000758400000, 0x0000000758400000| Untracked 
| 195|0x0000000758600000, 0x0000000758600000, 0x0000000758800000|  0%| F|  |TAMS 0x0000000758600000, 0x0000000758600000| Untracked 
| 196|0x0000000758800000, 0x0000000758800000, 0x0000000758a00000|  0%| F|  |TAMS 0x0000000758800000, 0x0000000758800000| Untracked 
| 197|0x0000000758a00000, 0x0000000758a00000, 0x0000000758c00000|  0%| F|  |TAMS 0x0000000758a00000, 0x0000000758a00000| Untracked 
| 198|0x0000000758c00000, 0x0000000758c00000, 0x0000000758e00000|  0%| F|  |TAMS 0x0000000758c00000, 0x0000000758c00000| Untracked 
| 199|0x0000000758e00000, 0x0000000758e00000, 0x0000000759000000|  0%| F|  |TAMS 0x0000000758e00000, 0x0000000758e00000| Untracked 
| 200|0x0000000759000000, 0x0000000759000000, 0x0000000759200000|  0%| F|  |TAMS 0x0000000759000000, 0x0000000759000000| Untracked 
| 201|0x0000000759200000, 0x0000000759200000, 0x0000000759400000|  0%| F|  |TAMS 0x0000000759200000, 0x0000000759200000| Untracked 
| 202|0x0000000759400000, 0x0000000759400000, 0x0000000759600000|  0%| F|  |TAMS 0x0000000759400000, 0x0000000759400000| Untracked 
| 203|0x0000000759600000, 0x0000000759600000, 0x0000000759800000|  0%| F|  |TAMS 0x0000000759600000, 0x0000000759600000| Untracked 
| 204|0x0000000759800000, 0x0000000759800000, 0x0000000759a00000|  0%| F|  |TAMS 0x0000000759800000, 0x0000000759800000| Untracked 
| 205|0x0000000759a00000, 0x0000000759a00000, 0x0000000759c00000|  0%| F|  |TAMS 0x0000000759a00000, 0x0000000759a00000| Untracked 
| 206|0x0000000759c00000, 0x0000000759c00000, 0x0000000759e00000|  0%| F|  |TAMS 0x0000000759c00000, 0x0000000759c00000| Untracked 
| 207|0x0000000759e00000, 0x0000000759e00000, 0x000000075a000000|  0%| F|  |TAMS 0x0000000759e00000, 0x0000000759e00000| Untracked 
| 208|0x000000075a000000, 0x000000075a000000, 0x000000075a200000|  0%| F|  |TAMS 0x000000075a000000, 0x000000075a000000| Untracked 
| 209|0x000000075a200000, 0x000000075a200000, 0x000000075a400000|  0%| F|  |TAMS 0x000000075a200000, 0x000000075a200000| Untracked 
| 210|0x000000075a400000, 0x000000075a400000, 0x000000075a600000|  0%| F|  |TAMS 0x000000075a400000, 0x000000075a400000| Untracked 
| 211|0x000000075a600000, 0x000000075a600000, 0x000000075a800000|  0%| F|  |TAMS 0x000000075a600000, 0x000000075a600000| Untracked 
| 212|0x000000075a800000, 0x000000075a800000, 0x000000075aa00000|  0%| F|  |TAMS 0x000000075a800000, 0x000000075a800000| Untracked 
| 213|0x000000075aa00000, 0x000000075aa00000, 0x000000075ac00000|  0%| F|  |TAMS 0x000000075aa00000, 0x000000075aa00000| Untracked 
| 214|0x000000075ac00000, 0x000000075ac00000, 0x000000075ae00000|  0%| F|  |TAMS 0x000000075ac00000, 0x000000075ac00000| Untracked 
| 215|0x000000075ae00000, 0x000000075ae00000, 0x000000075b000000|  0%| F|  |TAMS 0x000000075ae00000, 0x000000075ae00000| Untracked 
| 216|0x000000075b000000, 0x000000075b000000, 0x000000075b200000|  0%| F|  |TAMS 0x000000075b000000, 0x000000075b000000| Untracked 
| 217|0x000000075b200000, 0x000000075b200000, 0x000000075b400000|  0%| F|  |TAMS 0x000000075b200000, 0x000000075b200000| Untracked 
| 218|0x000000075b400000, 0x000000075b400000, 0x000000075b600000|  0%| F|  |TAMS 0x000000075b400000, 0x000000075b400000| Untracked 
| 219|0x000000075b600000, 0x000000075b600000, 0x000000075b800000|  0%| F|  |TAMS 0x000000075b600000, 0x000000075b600000| Untracked 
| 220|0x000000075b800000, 0x000000075b800000, 0x000000075ba00000|  0%| F|  |TAMS 0x000000075b800000, 0x000000075b800000| Untracked 
| 221|0x000000075ba00000, 0x000000075ba00000, 0x000000075bc00000|  0%| F|  |TAMS 0x000000075ba00000, 0x000000075ba00000| Untracked 
| 222|0x000000075bc00000, 0x000000075bc00000, 0x000000075be00000|  0%| F|  |TAMS 0x000000075bc00000, 0x000000075bc00000| Untracked 
| 223|0x000000075be00000, 0x000000075be00000, 0x000000075c000000|  0%| F|  |TAMS 0x000000075be00000, 0x000000075be00000| Untracked 
| 224|0x000000075c000000, 0x000000075c000000, 0x000000075c200000|  0%| F|  |TAMS 0x000000075c000000, 0x000000075c000000| Untracked 
| 225|0x000000075c200000, 0x000000075c200000, 0x000000075c400000|  0%| F|  |TAMS 0x000000075c200000, 0x000000075c200000| Untracked 
| 226|0x000000075c400000, 0x000000075c400000, 0x000000075c600000|  0%| F|  |TAMS 0x000000075c400000, 0x000000075c400000| Untracked 
| 227|0x000000075c600000, 0x000000075c600000, 0x000000075c800000|  0%| F|  |TAMS 0x000000075c600000, 0x000000075c600000| Untracked 
| 228|0x000000075c800000, 0x000000075c800000, 0x000000075ca00000|  0%| F|  |TAMS 0x000000075c800000, 0x000000075c800000| Untracked 
| 229|0x000000075ca00000, 0x000000075ca00000, 0x000000075cc00000|  0%| F|  |TAMS 0x000000075ca00000, 0x000000075ca00000| Untracked 
| 230|0x000000075cc00000, 0x000000075cc00000, 0x000000075ce00000|  0%| F|  |TAMS 0x000000075cc00000, 0x000000075cc00000| Untracked 
| 231|0x000000075ce00000, 0x000000075ce00000, 0x000000075d000000|  0%| F|  |TAMS 0x000000075ce00000, 0x000000075ce00000| Untracked 
| 232|0x000000075d000000, 0x000000075d000000, 0x000000075d200000|  0%| F|  |TAMS 0x000000075d000000, 0x000000075d000000| Untracked 
| 233|0x000000075d200000, 0x000000075d200000, 0x000000075d400000|  0%| F|  |TAMS 0x000000075d200000, 0x000000075d200000| Untracked 
| 234|0x000000075d400000, 0x000000075d400000, 0x000000075d600000|  0%| F|  |TAMS 0x000000075d400000, 0x000000075d400000| Untracked 
| 235|0x000000075d600000, 0x000000075d600000, 0x000000075d800000|  0%| F|  |TAMS 0x000000075d600000, 0x000000075d600000| Untracked 
| 236|0x000000075d800000, 0x000000075d800000, 0x000000075da00000|  0%| F|  |TAMS 0x000000075d800000, 0x000000075d800000| Untracked 
| 237|0x000000075da00000, 0x000000075da00000, 0x000000075dc00000|  0%| F|  |TAMS 0x000000075da00000, 0x000000075da00000| Untracked 
| 238|0x000000075dc00000, 0x000000075dc00000, 0x000000075de00000|  0%| F|  |TAMS 0x000000075dc00000, 0x000000075dc00000| Untracked 
| 239|0x000000075de00000, 0x000000075de00000, 0x000000075e000000|  0%| F|  |TAMS 0x000000075de00000, 0x000000075de00000| Untracked 
| 240|0x000000075e000000, 0x000000075e000000, 0x000000075e200000|  0%| F|  |TAMS 0x000000075e000000, 0x000000075e000000| Untracked 
| 241|0x000000075e200000, 0x000000075e200000, 0x000000075e400000|  0%| F|  |TAMS 0x000000075e200000, 0x000000075e200000| Untracked 
| 242|0x000000075e400000, 0x000000075e400000, 0x000000075e600000|  0%| F|  |TAMS 0x000000075e400000, 0x000000075e400000| Untracked 
| 243|0x000000075e600000, 0x000000075e600000, 0x000000075e800000|  0%| F|  |TAMS 0x000000075e600000, 0x000000075e600000| Untracked 
| 244|0x000000075e800000, 0x000000075e800000, 0x000000075ea00000|  0%| F|  |TAMS 0x000000075e800000, 0x000000075e800000| Untracked 
| 245|0x000000075ea00000, 0x000000075ea00000, 0x000000075ec00000|  0%| F|  |TAMS 0x000000075ea00000, 0x000000075ea00000| Untracked 
| 246|0x000000075ec00000, 0x000000075ec00000, 0x000000075ee00000|  0%| F|  |TAMS 0x000000075ec00000, 0x000000075ec00000| Untracked 
| 247|0x000000075ee00000, 0x000000075ee00000, 0x000000075f000000|  0%| F|  |TAMS 0x000000075ee00000, 0x000000075ee00000| Untracked 
| 248|0x000000075f000000, 0x000000075f000000, 0x000000075f200000|  0%| F|  |TAMS 0x000000075f000000, 0x000000075f000000| Untracked 
| 249|0x000000075f200000, 0x000000075f200000, 0x000000075f400000|  0%| F|  |TAMS 0x000000075f200000, 0x000000075f200000| Untracked 
| 250|0x000000075f400000, 0x000000075f400000, 0x000000075f600000|  0%| F|  |TAMS 0x000000075f400000, 0x000000075f400000| Untracked 
| 251|0x000000075f600000, 0x000000075f600000, 0x000000075f800000|  0%| F|  |TAMS 0x000000075f600000, 0x000000075f600000| Untracked 
|1514|0x00000007fd400000, 0x00000007fd600000, 0x00000007fd600000|100%| O|  |TAMS 0x00000007fd600000, 0x00000007fd400000| Updating 
|1515|0x00000007fd600000, 0x00000007fd600000, 0x00000007fd800000|  0%| F|  |TAMS 0x00000007fd600000, 0x00000007fd600000| Untracked 
|1516|0x00000007fd800000, 0x00000007fd800000, 0x00000007fda00000|  0%| F|  |TAMS 0x00000007fd800000, 0x00000007fd800000| Untracked 
|1517|0x00000007fda00000, 0x00000007fda00000, 0x00000007fdc00000|  0%| F|  |TAMS 0x00000007fda00000, 0x00000007fda00000| Untracked 
|1518|0x00000007fdc00000, 0x00000007fdc00000, 0x00000007fde00000|  0%| F|  |TAMS 0x00000007fdc00000, 0x00000007fdc00000| Untracked 
|1519|0x00000007fde00000, 0x00000007fde00000, 0x00000007fe000000|  0%| F|  |TAMS 0x00000007fde00000, 0x00000007fde00000| Untracked 
|1520|0x00000007fe000000, 0x00000007fe000000, 0x00000007fe200000|  0%| F|  |TAMS 0x00000007fe000000, 0x00000007fe000000| Untracked 
|1521|0x00000007fe200000, 0x00000007fe400000, 0x00000007fe400000|100%| S|CS|TAMS 0x00000007fe200000, 0x00000007fe200000| Complete 
|1522|0x00000007fe400000, 0x00000007fe600000, 0x00000007fe600000|100%| S|CS|TAMS 0x00000007fe400000, 0x00000007fe400000| Complete 
|1523|0x00000007fe600000, 0x00000007fe600000, 0x00000007fe800000|  0%| F|  |TAMS 0x00000007fe600000, 0x00000007fe600000| Untracked 
|1524|0x00000007fe800000, 0x00000007fe800000, 0x00000007fea00000|  0%| F|  |TAMS 0x00000007fe800000, 0x00000007fe800000| Untracked 
|1525|0x00000007fea00000, 0x00000007fea00000, 0x00000007fec00000|  0%| F|  |TAMS 0x00000007fea00000, 0x00000007fea00000| Untracked 
|1526|0x00000007fec00000, 0x00000007fec00000, 0x00000007fee00000|  0%| F|  |TAMS 0x00000007fec00000, 0x00000007fec00000| Untracked 
|1527|0x00000007fee00000, 0x00000007fee00000, 0x00000007ff000000|  0%| F|  |TAMS 0x00000007fee00000, 0x00000007fee00000| Untracked 
|1528|0x00000007ff000000, 0x00000007ff000000, 0x00000007ff200000|  0%| F|  |TAMS 0x00000007ff000000, 0x00000007ff000000| Untracked 
|1529|0x00000007ff200000, 0x00000007ff200000, 0x00000007ff400000|  0%| F|  |TAMS 0x00000007ff200000, 0x00000007ff200000| Untracked 
|1530|0x00000007ff400000, 0x00000007ff400000, 0x00000007ff600000|  0%| F|  |TAMS 0x00000007ff400000, 0x00000007ff400000| Untracked 
|1531|0x00000007ff600000, 0x00000007ff600000, 0x00000007ff800000|  0%| F|  |TAMS 0x00000007ff600000, 0x00000007ff600000| Untracked 
|1532|0x00000007ff800000, 0x00000007ff800000, 0x00000007ffa00000|  0%| F|  |TAMS 0x00000007ff800000, 0x00000007ff800000| Untracked 
|1533|0x00000007ffa00000, 0x00000007ffa00000, 0x00000007ffc00000|  0%| F|  |TAMS 0x00000007ffa00000, 0x00000007ffa00000| Untracked 
|1534|0x00000007ffc00000, 0x00000007ffc00000, 0x00000007ffe00000|  0%| F|  |TAMS 0x00000007ffc00000, 0x00000007ffc00000| Untracked 
|1535|0x00000007ffe00000, 0x00000007ffe00000, 0x0000000800000000|  0%| F|  |TAMS 0x00000007ffe00000, 0x00000007ffe00000| Untracked 

Card table byte_map: [0x000002354d350000,0x000002354d950000] _byte_map_base: 0x0000023549950000

Marking Bits (Prev, Next): (CMBitMap*) 0x00000235346e57c0, (CMBitMap*) 0x00000235346e5800
 Prev Bits: [0x000002354df50000, 0x0000023550f50000)
 Next Bits: [0x0000023550f50000, 0x0000023553f50000)

Polling page: 0x0000023534780000

Metaspace:

Usage:
  Non-class:     49.66 MB used.
      Class:      7.75 MB used.
       Both:     57.41 MB used.

Virtual space:
  Non-class space:       56.00 MB reserved,      49.94 MB ( 89%) committed,  7 nodes.
      Class space:        1.00 GB reserved,       8.00 MB ( <1%) committed,  1 nodes.
             Both:        1.05 GB reserved,      57.94 MB (  5%) committed. 

Chunk freelists:
   Non-Class:  1.41 MB
       Class:  3.98 MB
        Both:  5.38 MB

MaxMetaspaceSize: unlimited
CompressedClassSpaceSize: 1.00 GB
Initial GC threshold: 21.00 MB
Current GC threshold: 96.56 MB
CDS: on
MetaspaceReclaimPolicy: balanced
 - commit_granule_bytes: 65536.
 - commit_granule_words: 8192.
 - virtual_space_node_default_size: 1048576.
 - enlarge_chunks_in_place: 1.
 - new_chunks_are_fully_committed: 0.
 - uncommit_free_chunks: 1.
 - use_allocation_guard: 0.
 - handle_deallocations: 1.


Internal statistics:

num_allocs_failed_limit: 6.
num_arena_births: 552.
num_arena_deaths: 0.
num_vsnodes_births: 8.
num_vsnodes_deaths: 0.
num_space_committed: 927.
num_space_uncommitted: 0.
num_chunks_returned_to_freelist: 6.
num_chunks_taken_from_freelist: 2602.
num_chunk_merges: 6.
num_chunk_splits: 1704.
num_chunks_enlarged: 1114.
num_purges: 0.
num_inconsistent_stats: 0.

CodeHeap 'non-profiled nmethods': size=120000Kb used=3940Kb max_used=3940Kb free=116059Kb
 bounds [0x00000235451f0000, 0x00000235455d0000, 0x000002354c720000]
CodeHeap 'profiled nmethods': size=120000Kb used=14240Kb max_used=14240Kb free=105759Kb
 bounds [0x000002353dcc0000, 0x000002353eab0000, 0x00000235451f0000]
CodeHeap 'non-nmethods': size=5760Kb used=2382Kb max_used=2427Kb free=3377Kb
 bounds [0x000002353d720000, 0x000002353d990000, 0x000002353dcc0000]
 total_blobs=7888 nmethods=6983 adapters=815
 compilation: enabled
              stopped_count=0, restarted_count=0
 full_count=0

Compilation events (20 events):
Event: 28.564 Thread 0x00000235564ecd40 7820       4       java.util.concurrent.atomic.AtomicLong::getAndIncrement (12 bytes)
Event: 28.564 Thread 0x00000235564ecd40 nmethod 7820 0x00000235455c2290 code [0x00000235455c2400, 0x00000235455c2478]
Event: 28.567 Thread 0x00000235564ecd40 7833       4       java.nio.CharBuffer::position (6 bytes)
Event: 28.568 Thread 0x00000235564ecd40 nmethod 7833 0x00000235455c2590 code [0x00000235455c2700, 0x00000235455c27d8]
Event: 28.573 Thread 0x00000235564ecd40 7834   !   4       java.nio.charset.CharsetDecoder::decode (275 bytes)
Event: 28.577 Thread 0x00000235564ecd40 nmethod 7834 0x00000235455c2910 code [0x00000235455c2ac0, 0x00000235455c2eb8]
Event: 29.263 Thread 0x00000235564ed6f0 7835   !   3       java.io.FileInputStream::close (69 bytes)
Event: 29.264 Thread 0x00000235564ed6f0 nmethod 7835 0x000002353eaa7b10 code [0x000002353eaa7d00, 0x000002353eaa8258]
Event: 29.283 Thread 0x00000235564ed6f0 7836       1       org.gradle.api.internal.collections.ListElementSource$1::isSatisfiedBy (2 bytes)
Event: 29.284 Thread 0x00000235564ed6f0 nmethod 7836 0x00000235455c3310 code [0x00000235455c34a0, 0x00000235455c3578]
Event: 29.595 Thread 0x00000235564ed6f0 7837       3       java.math.MutableBigInteger::divide (8 bytes)
Event: 29.597 Thread 0x00000235564ed6f0 nmethod 7837 0x000002353eaa8410 code [0x000002353eaa85c0, 0x000002353eaa8708]
Event: 29.597 Thread 0x00000235564ed6f0 7838       3       java.math.MutableBigInteger::divide (38 bytes)
Event: 29.597 Thread 0x00000235564ed6f0 nmethod 7838 0x000002353eaa8790 code [0x000002353eaa8940, 0x000002353eaa8b78]
Event: 29.681 Thread 0x00000235564ecd40 7839       4       net.minecraftforge.srgutils.MappingFile::addClass (23 bytes)
Event: 29.724 Thread 0x00000235564ecd40 nmethod 7839 0x00000235455c3610 code [0x00000235455c3860, 0x00000235455c55b0]
Event: 29.737 Thread 0x00000235564ecd40 7840       4       net.minecraftforge.srgutils.MappingFile$Cls::<init> (69 bytes)
Event: 29.750 Thread 0x00000235564ecd40 nmethod 7840 0x00000235455c6190 code [0x00000235455c6360, 0x00000235455c7218]
Event: 29.750 Thread 0x00000235564ecd40 7841       4       net.minecraftforge.srgutils.MappingFile$$Lambda$935/0x0000000801400e68::accept (20 bytes)
Event: 29.830 Thread 0x00000235564ecd40 nmethod 7841 0x00000235455c7590 code [0x00000235455c77c0, 0x00000235455c8708]

GC Heap History (20 events):
Event: 25.342 GC heap after
{Heap after GC invocations=30 (full 0):
 garbage-first heap   total 122880K, used 50198K [0x0000000740000000, 0x0000000800000000)
  region size 2048K, 2 young (4096K), 2 survivors (4096K)
 Metaspace       used 57896K, committed 58368K, reserved 1105920K
  class space    used 7848K, committed 8064K, reserved 1048576K
}
Event: 25.463 GC heap before
{Heap before GC invocations=30 (full 0):
 garbage-first heap   total 122880K, used 60438K [0x0000000740000000, 0x0000000800000000)
  region size 2048K, 5 young (10240K), 2 survivors (4096K)
 Metaspace       used 58293K, committed 58752K, reserved 1105920K
  class space    used 7909K, committed 8128K, reserved 1048576K
}
Event: 25.467 GC heap after
{Heap after GC invocations=31 (full 0):
 garbage-first heap   total 180224K, used 50655K [0x0000000740000000, 0x0000000800000000)
  region size 2048K, 2 young (4096K), 2 survivors (4096K)
 Metaspace       used 58293K, committed 58752K, reserved 1105920K
  class space    used 7909K, committed 8128K, reserved 1048576K
}
Event: 25.952 GC heap before
{Heap before GC invocations=31 (full 0):
 garbage-first heap   total 180224K, used 165343K [0x0000000740000000, 0x0000000800000000)
  region size 2048K, 43 young (88064K), 2 survivors (4096K)
 Metaspace       used 58463K, committed 58944K, reserved 1105920K
  class space    used 7922K, committed 8128K, reserved 1048576K
}
Event: 26.009 GC heap after
{Heap after GC invocations=32 (full 0):
 garbage-first heap   total 227328K, used 110793K [0x0000000740000000, 0x0000000800000000)
  region size 2048K, 6 young (12288K), 6 survivors (12288K)
 Metaspace       used 58463K, committed 58944K, reserved 1105920K
  class space    used 7922K, committed 8128K, reserved 1048576K
}
Event: 26.115 GC heap before
{Heap before GC invocations=32 (full 0):
 garbage-first heap   total 227328K, used 159945K [0x0000000740000000, 0x0000000800000000)
  region size 2048K, 30 young (61440K), 6 survivors (12288K)
 Metaspace       used 58570K, committed 59072K, reserved 1105920K
  class space    used 7935K, committed 8192K, reserved 1048576K
}
Event: 26.142 GC heap after
{Heap after GC invocations=33 (full 0):
 garbage-first heap   total 227328K, used 141474K [0x0000000740000000, 0x0000000800000000)
  region size 2048K, 4 young (8192K), 4 survivors (8192K)
 Metaspace       used 58570K, committed 59072K, reserved 1105920K
  class space    used 7935K, committed 8192K, reserved 1048576K
}
Event: 26.235 GC heap before
{Heap before GC invocations=33 (full 0):
 garbage-first heap   total 227328K, used 166050K [0x0000000740000000, 0x0000000800000000)
  region size 2048K, 17 young (34816K), 4 survivors (8192K)
 Metaspace       used 58573K, committed 59072K, reserved 1105920K
  class space    used 7936K, committed 8192K, reserved 1048576K
}
Event: 26.257 GC heap after
{Heap after GC invocations=34 (full 0):
 garbage-first heap   total 227328K, used 160930K [0x0000000740000000, 0x0000000800000000)
  region size 2048K, 3 young (6144K), 3 survivors (6144K)
 Metaspace       used 58573K, committed 59072K, reserved 1105920K
  class space    used 7936K, committed 8192K, reserved 1048576K
}
Event: 27.439 GC heap before
{Heap before GC invocations=35 (full 0):
 garbage-first heap   total 280576K, used 236706K [0x0000000740000000, 0x0000000800000000)
  region size 2048K, 11 young (22528K), 3 survivors (6144K)
 Metaspace       used 58619K, committed 59200K, reserved 1105920K
  class space    used 7936K, committed 8192K, reserved 1048576K
}
Event: 27.463 GC heap after
{Heap after GC invocations=36 (full 0):
 garbage-first heap   total 280576K, used 172194K [0x0000000740000000, 0x0000000800000000)
  region size 2048K, 2 young (4096K), 2 survivors (4096K)
 Metaspace       used 58619K, committed 59200K, reserved 1105920K
  class space    used 7936K, committed 8192K, reserved 1048576K
}
Event: 27.558 GC heap before
{Heap before GC invocations=36 (full 0):
 garbage-first heap   total 280576K, used 178338K [0x0000000740000000, 0x0000000800000000)
  region size 2048K, 6 young (12288K), 2 survivors (4096K)
 Metaspace       used 58619K, committed 59200K, reserved 1105920K
  class space    used 7936K, committed 8192K, reserved 1048576K
}
Event: 27.567 GC heap after
{Heap after GC invocations=37 (full 0):
 garbage-first heap   total 561152K, used 177574K [0x0000000740000000, 0x0000000800000000)
  region size 2048K, 1 young (2048K), 1 survivors (2048K)
 Metaspace       used 58619K, committed 59200K, reserved 1105920K
  class space    used 7936K, committed 8192K, reserved 1048576K
}
Event: 28.606 GC heap before
{Heap before GC invocations=37 (full 0):
 garbage-first heap   total 561152K, used 370086K [0x0000000740000000, 0x0000000800000000)
  region size 2048K, 77 young (157696K), 1 survivors (2048K)
 Metaspace       used 58780K, committed 59328K, reserved 1105920K
  class space    used 7937K, committed 8192K, reserved 1048576K
}
Event: 28.759 GC heap after
{Heap after GC invocations=38 (full 0):
 garbage-first heap   total 561152K, used 293958K [0x0000000740000000, 0x0000000800000000)
  region size 2048K, 10 young (20480K), 10 survivors (20480K)
 Metaspace       used 58780K, committed 59328K, reserved 1105920K
  class space    used 7937K, committed 8192K, reserved 1048576K
}
Event: 28.850 GC heap before
{Heap before GC invocations=38 (full 0):
 garbage-first heap   total 561152K, used 322630K [0x0000000740000000, 0x0000000800000000)
  region size 2048K, 25 young (51200K), 10 survivors (20480K)
 Metaspace       used 58780K, committed 59328K, reserved 1105920K
  class space    used 7937K, committed 8192K, reserved 1048576K
}
Event: 28.924 GC heap after
{Heap after GC invocations=39 (full 0):
 garbage-first heap   total 561152K, used 310272K [0x0000000740000000, 0x0000000800000000)
  region size 2048K, 7 young (14336K), 7 survivors (14336K)
 Metaspace       used 58780K, committed 59328K, reserved 1105920K
  class space    used 7937K, committed 8192K, reserved 1048576K
}
Event: 30.078 GC heap before
{Heap before GC invocations=39 (full 0):
 garbage-first heap   total 561152K, used 316416K [0x0000000740000000, 0x0000000800000000)
  region size 2048K, 44 young (90112K), 7 survivors (14336K)
 Metaspace       used 58784K, committed 59328K, reserved 1105920K
  class space    used 7937K, committed 8192K, reserved 1048576K
}
Event: 30.184 GC heap after
{Heap after GC invocations=40 (full 0):
 garbage-first heap   total 561152K, used 272384K [0x0000000740000000, 0x0000000800000000)
  region size 2048K, 6 young (12288K), 6 survivors (12288K)
 Metaspace       used 58784K, committed 59328K, reserved 1105920K
  class space    used 7937K, committed 8192K, reserved 1048576K
}
Event: 30.370 GC heap before
{Heap before GC invocations=40 (full 0):
 garbage-first heap   total 561152K, used 292864K [0x0000000740000000, 0x0000000800000000)
  region size 2048K, 13 young (26624K), 6 survivors (12288K)
 Metaspace       used 58784K, committed 59328K, reserved 1105920K
  class space    used 7937K, committed 8192K, reserved 1048576K
}

Deoptimization events (20 events):
Event: 27.076 Thread 0x00000235584b6140 DEOPT PACKING pc=0x0000023545558058 sp=0x00000096d5af7090
Event: 27.076 Thread 0x00000235584b6140 DEOPT UNPACKING pc=0x000002353d7723a3 sp=0x00000096d5af7078 mode 2
Event: 27.076 Thread 0x00000235584b6140 Uncommon trap: trap_request=0xffffffbe fr.pc=0x000002354555ff6c relative=0x00000000000001ac
Event: 27.076 Thread 0x00000235584b6140 Uncommon trap: reason=profile_predicate action=maybe_recompile pc=0x000002354555ff6c method=java.util.Iterator.forEachRemaining(Ljava/util/function/Consumer;)V @ 11 c2
Event: 27.076 Thread 0x00000235584b6140 DEOPT PACKING pc=0x000002354555ff6c sp=0x00000096d5af6970
Event: 27.076 Thread 0x00000235584b6140 DEOPT UNPACKING pc=0x000002353d7723a3 sp=0x00000096d5af6920 mode 2
Event: 27.077 Thread 0x00000235584b6140 Uncommon trap: trap_request=0xffffffbe fr.pc=0x000002354555ff6c relative=0x00000000000001ac
Event: 27.077 Thread 0x00000235584b6140 Uncommon trap: reason=profile_predicate action=maybe_recompile pc=0x000002354555ff6c method=java.util.Iterator.forEachRemaining(Ljava/util/function/Consumer;)V @ 11 c2
Event: 27.077 Thread 0x00000235584b6140 DEOPT PACKING pc=0x000002354555ff6c sp=0x00000096d5af6970
Event: 27.077 Thread 0x00000235584b6140 DEOPT UNPACKING pc=0x000002353d7723a3 sp=0x00000096d5af6920 mode 2
Event: 27.524 Thread 0x00000235584b6140 DEOPT PACKING pc=0x000002353e9f1cd1 sp=0x00000096d5af70a0
Event: 27.525 Thread 0x00000235584b6140 DEOPT UNPACKING pc=0x000002353d772b43 sp=0x00000096d5af6690 mode 0
Event: 27.992 Thread 0x00000235584b6140 DEOPT PACKING pc=0x000002353ea2ac93 sp=0x00000096d5af6b90
Event: 27.992 Thread 0x00000235584b6140 DEOPT UNPACKING pc=0x000002353d772b43 sp=0x00000096d5af6028 mode 0
Event: 27.992 Thread 0x00000235584b6140 DEOPT PACKING pc=0x000002353ea2ac93 sp=0x00000096d5af6b90
Event: 27.993 Thread 0x00000235584b6140 DEOPT UNPACKING pc=0x000002353d772b43 sp=0x00000096d5af6028 mode 0
Event: 28.509 Thread 0x00000235584b6140 Uncommon trap: trap_request=0xffffffde fr.pc=0x0000023545558058 relative=0x00000000000026f8
Event: 28.509 Thread 0x00000235584b6140 Uncommon trap: reason=class_check action=maybe_recompile pc=0x0000023545558058 method=com.google.gson.internal.bind.ReflectiveTypeAdapterFactory$Adapter.read(Lcom/google/gson/stream/JsonReader;)Ljava/lang/Object; @ 20 c2
Event: 28.509 Thread 0x00000235584b6140 DEOPT PACKING pc=0x0000023545558058 sp=0x00000096d5af7610
Event: 28.509 Thread 0x00000235584b6140 DEOPT UNPACKING pc=0x000002353d7723a3 sp=0x00000096d5af75f8 mode 2

Classes unloaded (0 events):
No events

Classes redefined (0 events):
No events

Internal exceptions (20 events):
Event: 21.948 Thread 0x00000235584b6140 Exception <a 'java/lang/NoSuchMethodError'{0x00000007450570b0}: 'void java.lang.invoke.DirectMethodHandle$Holder.invokeInterface(java.lang.Object, java.lang.Object)'> (0x00000007450570b0) 
thrown [t:\workspace\open\src\hotspot\share\interpreter\linkResolver.cpp, line 766]
Event: 22.333 Thread 0x00000235584b6140 Implicit null exception at 0x000002354549c77c to 0x000002354549ce44
Event: 22.563 Thread 0x00000235584b6140 Implicit null exception at 0x000002354549d67b to 0x000002354549dd04
Event: 22.826 Thread 0x000002355652ec00 Exception <a 'java/lang/NoSuchMethodError'{0x000000074548fc58}: 'void java.lang.invoke.DirectMethodHandle$Holder.invokeStatic(java.lang.Object, long)'> (0x000000074548fc58) 
thrown [t:\workspace\open\src\hotspot\share\interpreter\linkResolver.cpp, line 766]
Event: 22.827 Thread 0x000002355652ec00 Exception <a 'java/lang/NoSuchMethodError'{0x0000000745495000}: 'java.lang.Object java.lang.invoke.DirectMethodHandle$Holder.newInvokeSpecial(java.lang.Object, long)'> (0x0000000745495000) 
thrown [t:\workspace\open\src\hotspot\share\interpreter\linkResolver.cpp, line 766]
Event: 22.829 Thread 0x000002355652ec00 Exception <a 'java/lang/NoSuchMethodError'{0x000000074549bbb8}: 'java.lang.Object java.lang.invoke.DirectMethodHandle$Holder.invokeStatic(java.lang.Object, java.lang.Object, long, java.lang.Object)'> (0x000000074549bbb8) 
thrown [t:\workspace\open\src\hotspot\share\interpreter\linkResolver.cpp, line 766]
Event: 22.829 Thread 0x000002355652ec00 Exception <a 'java/lang/NoSuchMethodError'{0x000000074549f650}: 'java.lang.Object java.lang.invoke.DirectMethodHandle$Holder.invokeStaticInit(java.lang.Object, java.lang.Object, long, java.lang.Object)'> (0x000000074549f650) 
thrown [t:\workspace\open\src\hotspot\share\interpreter\linkResolver.cpp, line 766]
Event: 22.830 Thread 0x000002355652ec00 Exception <a 'java/lang/NoSuchMethodError'{0x00000007454a5c60}: 'java.lang.Object java.lang.invoke.DirectMethodHandle$Holder.newInvokeSpecial(java.lang.Object, java.lang.Object, long)'> (0x00000007454a5c60) 
thrown [t:\workspace\open\src\hotspot\share\interpreter\linkResolver.cpp, line 766]
Event: 22.830 Thread 0x000002355652ec00 Exception <a 'java/lang/NoSuchMethodError'{0x00000007454a97d0}: 'java.lang.Object java.lang.invoke.Invokers$Holder.linkToTargetMethod(java.lang.Object, long, java.lang.Object)'> (0x00000007454a97d0) 
thrown [t:\workspace\open\src\hotspot\share\interpreter\linkResolver.cpp, line 766]
Event: 23.798 Thread 0x00000235584b6140 Implicit null exception at 0x0000023545242272 to 0x0000023545242850
Event: 25.397 Thread 0x00000235584b6140 Exception <a 'java/lang/ClassNotFoundException'{0x0000000747d7b228}: net/minecraftforge/gradle/userdev/tasks/RenameJarInPlace_DecoratedBeanInfo> (0x0000000747d7b228) 
thrown [t:\workspace\open\src\hotspot\share\classfile\systemDictionary.cpp, line 256]
Event: 25.397 Thread 0x00000235584b6140 Exception <a 'java/lang/ClassNotFoundException'{0x0000000747d86130}: net/minecraftforge/gradle/userdev/tasks/RenameJarInPlaceBeanInfo> (0x0000000747d86130) 
thrown [t:\workspace\open\src\hotspot\share\classfile\systemDictionary.cpp, line 256]
Event: 25.397 Thread 0x00000235584b6140 Exception <a 'java/lang/ClassNotFoundException'{0x0000000747d90f40}: net/minecraftforge/gradle/common/tasks/JarExecBeanInfo> (0x0000000747d90f40) 
thrown [t:\workspace\open\src\hotspot\share\classfile\systemDictionary.cpp, line 256]
Event: 25.398 Thread 0x00000235584b6140 Exception <a 'java/lang/ClassNotFoundException'{0x0000000747d9bd50}: net/minecraftforge/gradle/common/tasks/JarExecCustomizer> (0x0000000747d9bd50) 
thrown [t:\workspace\open\src\hotspot\share\classfile\systemDictionary.cpp, line 256]
Event: 25.399 Thread 0x00000235584b6140 Exception <a 'java/lang/ClassNotFoundException'{0x0000000747dc39b0}: net/minecraftforge/gradle/userdev/tasks/RenameJarInPlaceCustomizer> (0x0000000747dc39b0) 
thrown [t:\workspace\open\src\hotspot\share\classfile\systemDictionary.cpp, line 256]
Event: 25.401 Thread 0x00000235584b6140 Exception <a 'java/lang/ClassNotFoundException'{0x0000000747de47f8}: net/minecraftforge/gradle/userdev/tasks/RenameJarInPlace_DecoratedCustomizer> (0x0000000747de47f8) 
thrown [t:\workspace\open\src\hotspot\share\classfile\systemDictionary.cpp, line 256]
Event: 25.414 Thread 0x00000235584b6140 Exception <a 'java/lang/NoSuchMethodError'{0x00000007470c2698}: 'void java.lang.invoke.DirectMethodHandle$Holder.invokeVirtual(java.lang.Object, java.lang.Object)'> (0x00000007470c2698) 
thrown [t:\workspace\open\src\hotspot\share\interpreter\linkResolver.cpp, line 766]
Event: 25.419 Thread 0x00000235584b6140 Exception <a 'java/lang/NoSuchMethodError'{0x00000007470d54e8}: 'void java.lang.invoke.DirectMethodHandle$Holder.invokeStatic(java.lang.Object, java.lang.Object, java.lang.Object, java.lang.Object, java.lang.Object, java.lang.Object, java.lang.Object)'> (0x00000007470d54e8) 
thrown [t:\workspace\open\src\hotspot\share\interpreter\linkResolver.cpp, line 766]
Event: 26.083 Thread 0x00000235584b6140 Exception <a 'java/lang/NoSuchMethodError'{0x0000000748d6fe20}: 'java.lang.Object java.lang.invoke.DirectMethodHandle$Holder.newInvokeSpecial(java.lang.Object, java.lang.Object, int, int)'> (0x0000000748d6fe20) 
thrown [t:\workspace\open\src\hotspot\share\interpreter\linkResolver.cpp, line 766]
Event: 26.086 Thread 0x00000235584b6140 Exception <a 'java/lang/NoSuchMethodError'{0x0000000748d90050}: 'void java.lang.invoke.DirectMethodHandle$Holder.invokeStatic(java.lang.Object, java.lang.Object, int, int, java.lang.Object)'> (0x0000000748d90050) 
thrown [t:\workspace\open\src\hotspot\share\interpreter\linkResolver.cpp, line 766]

VM Operations (20 events):
Event: 26.257 Executing VM operation: G1TryInitiateConcMark done
Event: 26.513 Executing VM operation: G1Concurrent
Event: 26.516 Executing VM operation: G1Concurrent done
Event: 26.626 Executing VM operation: G1Concurrent
Event: 26.628 Executing VM operation: G1Concurrent done
Event: 27.438 Executing VM operation: G1CollectForAllocation
Event: 27.463 Executing VM operation: G1CollectForAllocation done
Event: 27.558 Executing VM operation: G1CollectForAllocation
Event: 27.567 Executing VM operation: G1CollectForAllocation done
Event: 28.433 Executing VM operation: ICBufferFull
Event: 28.433 Executing VM operation: ICBufferFull done
Event: 28.606 Executing VM operation: G1CollectForAllocation
Event: 28.767 Executing VM operation: G1CollectForAllocation done
Event: 28.850 Executing VM operation: G1TryInitiateConcMark
Event: 28.939 Executing VM operation: G1TryInitiateConcMark done
Event: 29.755 Executing VM operation: G1Concurrent
Event: 29.815 Executing VM operation: G1Concurrent done
Event: 30.077 Executing VM operation: G1CollectForAllocation
Event: 30.185 Executing VM operation: G1CollectForAllocation done
Event: 30.368 Executing VM operation: G1CollectForAllocation

Events (20 events):
Event: 24.156 loading class org/w3c/dom/CharacterData done
Event: 24.156 loading class org/w3c/dom/Text
Event: 24.156 loading class org/w3c/dom/Text done
Event: 24.156 loading class com/sun/org/apache/xerces/internal/dom/CharacterDataImpl
Event: 24.157 loading class com/sun/org/apache/xerces/internal/dom/CharacterDataImpl done
Event: 24.157 loading class com/sun/org/apache/xerces/internal/dom/TextImpl done
Event: 24.157 loading class com/sun/org/apache/xerces/internal/dom/DeferredTextImpl done
Event: 24.157 loading class com/sun/org/apache/xerces/internal/dom/CharacterDataImpl$1
Event: 24.157 loading class com/sun/org/apache/xerces/internal/dom/CharacterDataImpl$1 done
Event: 24.228 loading class org/w3c/dom/Comment
Event: 24.228 loading class org/w3c/dom/Comment done
Event: 24.889 Thread 0x000002355652ca50 Thread added: 0x000002355652ca50
Event: 24.889 Thread 0x000002355652c580 Thread added: 0x000002355652c580
Event: 25.020 loading class jdk/internal/access/foreign/MemorySegmentProxy
Event: 25.021 loading class jdk/internal/access/foreign/MemorySegmentProxy done
Event: 25.458 loading class java/lang/StackTraceElement$HashedModules
Event: 25.458 loading class java/lang/StackTraceElement$HashedModules done
Event: 25.648 loading class java/io/BufferedReader$1
Event: 25.649 loading class java/io/BufferedReader$1 done
Event: 29.450 Thread 0x0000023557ec04c0 Thread exited: 0x0000023557ec04c0


Dynamic libraries:
0x00007ff6cc630000 - 0x00007ff6cc640000 	C:\Program Files\Java\jdk-17.0.2\bin\java.exe
0x00007ffd3ebb0000 - 0x00007ffd3eda5000 	C:\Windows\SYSTEM32\ntdll.dll
0x00007ffd3e4e0000 - 0x00007ffd3e59e000 	C:\Windows\System32\KERNEL32.DLL
0x00007ffd3c6a0000 - 0x00007ffd3c968000 	C:\Windows\System32\KERNELBASE.dll
0x00007ffd3c5a0000 - 0x00007ffd3c6a0000 	C:\Windows\System32\ucrtbase.dll
0x00007ffd31610000 - 0x00007ffd3162a000 	C:\Program Files\Java\jdk-17.0.2\bin\VCRUNTIME140.dll
0x00007ffd1c160000 - 0x00007ffd1c178000 	C:\Program Files\Java\jdk-17.0.2\bin\jli.dll
0x00007ffd3ce10000 - 0x00007ffd3cebe000 	C:\Windows\System32\ADVAPI32.dll
0x00007ffd3e770000 - 0x00007ffd3e80e000 	C:\Windows\System32\msvcrt.dll
0x00007ffd3d810000 - 0x00007ffd3d8ac000 	C:\Windows\System32\sechost.dll
0x00007ffd3d6d0000 - 0x00007ffd3d7f5000 	C:\Windows\System32\RPCRT4.dll
0x00007ffd3cc70000 - 0x00007ffd3ce10000 	C:\Windows\System32\USER32.dll
0x00007ffd3c970000 - 0x00007ffd3c992000 	C:\Windows\System32\win32u.dll
0x00007ffd3eb40000 - 0x00007ffd3eb6b000 	C:\Windows\System32\GDI32.dll
0x00007ffd3c9a0000 - 0x00007ffd3caab000 	C:\Windows\System32\gdi32full.dll
0x00007ffd3c470000 - 0x00007ffd3c50d000 	C:\Windows\System32\msvcp_win.dll
0x00007ffd2bf00000 - 0x00007ffd2c19a000 	C:\Windows\WinSxS\amd64_microsoft.windows.common-controls_6595b64144ccf1df_6.0.19041.1110_none_60b5254171f9507e\COMCTL32.dll
0x00007ffd329f0000 - 0x00007ffd329fa000 	C:\Windows\SYSTEM32\VERSION.dll
0x00007ffd3d190000 - 0x00007ffd3d1c0000 	C:\Windows\System32\IMM32.DLL
0x00007ffd356f0000 - 0x00007ffd356fc000 	C:\Program Files\Java\jdk-17.0.2\bin\vcruntime140_1.dll
0x00007ffd08df0000 - 0x00007ffd08e7d000 	C:\Program Files\Java\jdk-17.0.2\bin\msvcp140.dll
0x00007ffccb7d0000 - 0x00007ffccc391000 	C:\Program Files\Java\jdk-17.0.2\bin\server\jvm.dll
0x00007ffd3ead0000 - 0x00007ffd3ead8000 	C:\Windows\System32\PSAPI.DLL
0x00007ffd37260000 - 0x00007ffd37269000 	C:\Windows\SYSTEM32\WSOCK32.dll
0x00007ffd3e470000 - 0x00007ffd3e4db000 	C:\Windows\System32\WS2_32.dll
0x00007ffd2e7e0000 - 0x00007ffd2e807000 	C:\Windows\SYSTEM32\WINMM.dll
0x00007ffd3ab90000 - 0x00007ffd3aba2000 	C:\Windows\SYSTEM32\kernel.appcore.dll
0x00007ffd34080000 - 0x00007ffd3408a000 	C:\Program Files\Java\jdk-17.0.2\bin\jimage.dll
0x00007ffd30840000 - 0x00007ffd30a24000 	C:\Windows\SYSTEM32\DBGHELP.DLL
0x00007ffd2e560000 - 0x00007ffd2e58c000 	C:\Windows\SYSTEM32\dbgcore.DLL
0x00007ffd3c510000 - 0x00007ffd3c592000 	C:\Windows\System32\bcryptPrimitives.dll
0x00007ffd1bfd0000 - 0x00007ffd1bff5000 	C:\Program Files\Java\jdk-17.0.2\bin\java.dll
0x00007ffd08d10000 - 0x00007ffd08de6000 	C:\Program Files\Java\jdk-17.0.2\bin\jsvml.dll
0x00007ffd3dd20000 - 0x00007ffd3e464000 	C:\Windows\System32\SHELL32.dll
0x00007ffd3a3e0000 - 0x00007ffd3ab74000 	C:\Windows\SYSTEM32\windows.storage.dll
0x00007ffd3d2a0000 - 0x00007ffd3d5f4000 	C:\Windows\System32\combase.dll
0x00007ffd3bc60000 - 0x00007ffd3bc8c000 	C:\Windows\SYSTEM32\Wldp.dll
0x00007ffd3ea20000 - 0x00007ffd3eacd000 	C:\Windows\System32\SHCORE.dll
0x00007ffd3e9c0000 - 0x00007ffd3ea15000 	C:\Windows\System32\shlwapi.dll
0x00007ffd3c210000 - 0x00007ffd3c22f000 	C:\Windows\SYSTEM32\profapi.dll
0x00007ffd1b7f0000 - 0x00007ffd1b809000 	C:\Program Files\Java\jdk-17.0.2\bin\net.dll
0x00007ffd32020000 - 0x00007ffd32129000 	C:\Windows\SYSTEM32\WINHTTP.dll
0x00007ffd3b9c0000 - 0x00007ffd3ba2a000 	C:\Windows\system32\mswsock.dll
0x00007ffd1b530000 - 0x00007ffd1b546000 	C:\Program Files\Java\jdk-17.0.2\bin\nio.dll
0x00007ffd18b10000 - 0x00007ffd18b28000 	C:\Program Files\Java\jdk-17.0.2\bin\zip.dll
0x00007ffd305d0000 - 0x00007ffd305e0000 	C:\Program Files\Java\jdk-17.0.2\bin\verify.dll
0x00007ffd1b5d0000 - 0x00007ffd1b5f7000 	C:\Users\Jason\.gradle\native\e1d6ef7f7dcc3fd88c89a11ec53ec762bb8ba0a96d01ffa2cd45eb1d1d8dd5c5\windows-amd64\native-platform.dll
0x00007ffceeb80000 - 0x00007ffceecc4000 	C:\Users\Jason\.gradle\native\0d407fdbe67a94daf76414ababcb853783967236a71b16ec16e742cd7a986fd3\windows-amd64\native-platform-file-events.dll
0x00007ffd2baa0000 - 0x00007ffd2baa9000 	C:\Program Files\Java\jdk-17.0.2\bin\management.dll
0x00007ffd2a280000 - 0x00007ffd2a28b000 	C:\Program Files\Java\jdk-17.0.2\bin\management_ext.dll
0x00007ffd3bbb0000 - 0x00007ffd3bbc8000 	C:\Windows\SYSTEM32\CRYPTSP.dll
0x00007ffd3b340000 - 0x00007ffd3b374000 	C:\Windows\system32\rsaenh.dll
0x00007ffd3c390000 - 0x00007ffd3c3b7000 	C:\Windows\System32\bcrypt.dll
0x00007ffd3c1d0000 - 0x00007ffd3c1fe000 	C:\Windows\SYSTEM32\USERENV.dll
0x00007ffd3bbd0000 - 0x00007ffd3bbdc000 	C:\Windows\SYSTEM32\CRYPTBASE.dll
0x00007ffd3b6b0000 - 0x00007ffd3b6eb000 	C:\Windows\SYSTEM32\IPHLPAPI.DLL
0x00007ffd3d050000 - 0x00007ffd3d058000 	C:\Windows\System32\NSI.dll
0x00007ffd34160000 - 0x00007ffd34177000 	C:\Windows\SYSTEM32\dhcpcsvc6.DLL
0x00007ffd34270000 - 0x00007ffd3428d000 	C:\Windows\SYSTEM32\dhcpcsvc.DLL
0x00007ffd3b6f0000 - 0x00007ffd3b7ba000 	C:\Windows\SYSTEM32\DNSAPI.dll
0x00007ffd25ba0000 - 0x00007ffd25bae000 	C:\Program Files\Java\jdk-17.0.2\bin\sunmscapi.dll
0x00007ffd3cab0000 - 0x00007ffd3cc06000 	C:\Windows\System32\CRYPT32.dll
0x00007ffd3bcd0000 - 0x00007ffd3bcf7000 	C:\Windows\SYSTEM32\ncrypt.dll
0x00007ffd3bc90000 - 0x00007ffd3bccb000 	C:\Windows\SYSTEM32\NTASN1.dll
0x00007ffd23110000 - 0x00007ffd23117000 	C:\Windows\system32\wshunix.dll
0x00007ffd34f30000 - 0x00007ffd34f3a000 	C:\Windows\System32\rasadhlp.dll
0x00007ffd32aa0000 - 0x00007ffd32b1f000 	C:\Windows\System32\fwpuclnt.dll

dbghelp: loaded successfully - version: 4.0.5 - missing functions: none
symbol engine: initialized successfully - sym options: 0x614 - pdb path: .;C:\Program Files\Java\jdk-17.0.2\bin;C:\Windows\SYSTEM32;C:\Windows\WinSxS\amd64_microsoft.windows.common-controls_6595b64144ccf1df_6.0.19041.1110_none_60b5254171f9507e;C:\Program Files\Java\jdk-17.0.2\bin\server;C:\Users\Jason\.gradle\native\e1d6ef7f7dcc3fd88c89a11ec53ec762bb8ba0a96d01ffa2cd45eb1d1d8dd5c5\windows-amd64;C:\Users\Jason\.gradle\native\0d407fdbe67a94daf76414ababcb853783967236a71b16ec16e742cd7a986fd3\windows-amd64

VM Arguments:
jvm_args: --add-opens=java.base/java.util=ALL-UNNAMED --add-opens=java.base/java.lang=ALL-UNNAMED --add-opens=java.base/java.lang.invoke=ALL-UNNAMED --add-opens=java.base/java.util=ALL-UNNAMED --add-opens=java.prefs/java.util.prefs=ALL-UNNAMED --add-opens=java.prefs/java.util.prefs=ALL-UNNAMED --add-opens=java.base/java.nio.charset=ALL-UNNAMED --add-opens=java.base/java.net=ALL-UNNAMED --add-opens=java.base/java.util.concurrent.atomic=ALL-UNNAMED -Xmx3G -Dfile.encoding=GBK -Duser.country=CN -Duser.language=zh -Duser.variant 
java_command: org.gradle.launcher.daemon.bootstrap.GradleDaemon 7.4
java_class_path (initial): C:\Users\Jason\.gradle\wrapper\dists\gradle-7.4-bin\c0gwcg53nkjbqw7r0h0umtfvt\gradle-7.4\lib\gradle-launcher-7.4.jar
Launcher Type: SUN_STANDARD

[Global flags]
     intx CICompilerCount                          = 3                                         {product} {ergonomic}
     uint ConcGCThreads                            = 1                                         {product} {ergonomic}
     uint G1ConcRefinementThreads                  = 4                                         {product} {ergonomic}
   size_t G1HeapRegionSize                         = 2097152                                   {product} {ergonomic}
    uintx GCDrainStackTargetSize                   = 64                                        {product} {ergonomic}
   size_t InitialHeapSize                          = 132120576                                 {product} {ergonomic}
   size_t MarkStackSize                            = 4194304                                   {product} {ergonomic}
   size_t MaxHeapSize                              = 3221225472                                {product} {command line}
   size_t MaxNewSize                               = 1931476992                                {product} {ergonomic}
   size_t MinHeapDeltaBytes                        = 2097152                                   {product} {ergonomic}
   size_t MinHeapSize                              = 8388608                                   {product} {ergonomic}
    uintx NonNMethodCodeHeapSize                   = 5832780                                {pd product} {ergonomic}
    uintx NonProfiledCodeHeapSize                  = 122912730                              {pd product} {ergonomic}
    uintx ProfiledCodeHeapSize                     = 122912730                              {pd product} {ergonomic}
    uintx ReservedCodeCacheSize                    = 251658240                              {pd product} {ergonomic}
     bool SegmentedCodeCache                       = true                                      {product} {ergonomic}
   size_t SoftMaxHeapSize                          = 3221225472                             {manageable} {ergonomic}
     bool UseCompressedClassPointers               = true                           {product lp64_product} {ergonomic}
     bool UseCompressedOops                        = true                           {product lp64_product} {ergonomic}
     bool UseG1GC                                  = true                                      {product} {ergonomic}
     bool UseLargePagesIndividualAllocation        = false                                  {pd product} {ergonomic}

Logging:
Log output configuration:
 #0: stdout all=warning uptime,level,tags
 #1: stderr all=off uptime,level,tags

Environment Variables:
JAVA_HOME=C:\Program Files\Java\jdk-17.0.2
CLASSPATH=.;C:\Program Files\Java\jdk-17.0.2\lib\dt.jar;C:\Program Files\Java\jdk-17.0.2\lib\tools.jar; 
PATH=C:\Program Files\Common Files\Oracle\Java\javapath;C:\Program Files (x86)\Common Files\Intel\Shared Libraries\redist\intel64\compiler;C:\Program Files (x86)\Intel\iCLS Client\;C:\Program Files\Intel\iCLS Client\;C:\Windows\system32;C:\Windows;C:\Windows\System32\Wbem;C:\Windows\System32\WindowsPowerShell\v1.0\;C:\Windows\System32\OpenSSH\;C:\Program Files (x86)\Intel\Intel(R) Management Engine Components\DAL;C:\Program Files\Intel\Intel(R) Management Engine Components\DAL;C:\Program Files (x86)\Intel\Intel(R) Management Engine Components\IPT;C:\Program Files\Intel\Intel(R) Management Engine Components\IPT;C:\Program Files\Java\jdk-17.0.2\bin;C:\Program Files\Java\jdk-17.0.2\jre\bin;C:\Program Files\Polyspace\R2021a\runtime\win64;C:\Program Files\Polyspace\R2021a\bin;C:\Program Files\Polyspace\R2021a\polyspace\bin;C:\Program Files\Git\cmd;C:\Program Files\PowerShell\7\;C:\Users\Jason\Desktop\Jason\python3.9\Scripts\;C:\Users\Jason\Desktop\Jason\python3.9\;C:\Users\Jason\AppData\Local\Microsoft\WindowsApps;C:\Users\Jason\AppData\Local\Programs\Microsoft VS Code\bin;C:\Program Files\Bandizip\;C:\Program Files\Java\jdk-17.0.2\bin;C:\Program Files\Java\jdk-17.0.2\jre\bin;C:\Program Files (x86)\Tencent\QQGameTempest\Hall.57768\;C:\Program Files\Git\usr\bin;
USERNAME=Jason
OS=Windows_NT
PROCESSOR_IDENTIFIER=Intel64 Family 6 Model 71 Stepping 1, GenuineIntel



---------------  S Y S T E M  ---------------

OS:
 Windows 10 , 64 bit Build 19041 (10.0.19041.1566)
OS uptime: 3 days 0:36 hours

CPU: total 4 (initial active 4) (4 cores per cpu, 1 threads per core) family 6 model 71 stepping 1 microcode 0x22, cx8, cmov, fxsr, mmx, 3dnowpref, sse, sse2, sse3, ssse3, sse4.1, sse4.2, popcnt, lzcnt, tsc, tscinvbit, avx, avx2, aes, erms, clmul, bmi1, bmi2, rtm, adx, fma, vzeroupper, clflush

Memory: 4k page, system-wide physical 8062M (223M free)
TotalPageFile size 12156M (AvailPageFile size 374M)
current process WorkingSet (physical memory assigned to process): 400M, peak: 477M
current process commit charge ("private bytes"): 802M, peak: 1308M

vm_info: Java HotSpot(TM) 64-Bit Server VM (17.0.2+8-LTS-86) for windows-amd64 JRE (17.0.2+8-LTS-86), built on Dec  7 2021 21:51:03 by "mach5one" with MS VC++ 16.8 / 16.9 (VS2019)

END.
