#
# There is insufficient memory for the Java Runtime Environment to continue.
# Native memory allocation (mmap) failed to map 377487360 bytes for G1 virtual space
# Possible reasons:
#   The system is out of physical RAM or swap space
#   The process is running with CompressedOops enabled, and the Java Heap may be blocking the growth of the native heap
# Possible solutions:
#   Reduce memory load on the system
#   Increase physical memory or swap space
#   Check if swap backing store is full
#   Decrease Java heap size (-Xmx/-Xms)
#   Decrease number of Java threads
#   Decrease Java thread stack sizes (-Xss)
#   Set larger code cache with -XX:ReservedCodeCacheSize=
#   JVM is running with Unscaled Compressed Oops mode in which the Java heap is
#     placed in the first 4GB address space. The Java Heap base address is the
#     maximum limit for the native heap growth. Please use -XX:HeapBaseMinAddress
#     to set the Java Heap base and to place the Java Heap above 4GB virtual address.
# This output file may be truncated or incomplete.
#
#  Out of Memory Error (os_windows.cpp:3532), pid=14892, tid=14392
#
# JRE version: Java(TM) SE Runtime Environment (17.0.2+8) (build 17.0.2+8-LTS-86)
# Java VM: Java HotSpot(TM) 64-Bit Server VM (17.0.2+8-LTS-86, mixed mode, sharing, tiered, compressed oops, compressed class ptrs, g1 gc, windows-amd64)
# No core dump will be written. Minidumps are not enabled by default on client versions of Windows
#

---------------  S U M M A R Y ------------

Command Line: -Dforge.enableGameTest=true -Dforge.logging.console.level=debug -Dforge.logging.markers=REGISTRIES -DignoreList=bootstraplauncher,securejarhandler,asm-commons,asm-util,asm-analysis,asm-tree,asm,client-extra,fmlcore,javafmllanguage,mclanguage,forge- -DlegacyClassPath.file=C:\Users\Jason\Desktop\forge modding\Creator\build\classpath\runClient_minecraftClasspath.txt -DmergeModules=jna-5.10.0.jar,jna-platform-5.10.0.jar,java-objc-bridge-1.0.0.jar -DnativesDirectory=C:\Users\Jason\Desktop\forge modding\Creator\build\natives -Dos.version=10.0 --module-path=C:\Users\Jason\.gradle\caches\modules-2\files-2.1\cpw.mods\bootstraplauncher\1.0.0\f55ddbb35612c6745cefc47d1a0d6dbfb25d3982\bootstraplauncher-1.0.0.jar;C:\Users\Jason\.gradle\caches\modules-2\files-2.1\cpw.mods\securejarhandler\1.0.3\acbf5e3c8a38fb8bf824a54fe45eee121c510392\securejarhandler-1.0.3.jar;C:\Users\Jason\.gradle\caches\modules-2\files-2.1\org.ow2.asm\asm-commons\9.2\f4d7f0fc9054386f2893b602454d48e07d4fbead\asm-commons-9.2.jar;C:\Users\Jason\.gradle\caches\modules-2\files-2.1\org.ow2.asm\asm-util\9.2\fbc178fc5ba3dab50fd7e8a5317b8b647c8e8946\asm-util-9.2.jar;C:\Users\Jason\.gradle\caches\modules-2\files-2.1\org.ow2.asm\asm-analysis\9.2\7487dd756daf96cab9986e44b9d7bcb796a61c10\asm-analysis-9.2.jar;C:\Users\Jason\.gradle\caches\modules-2\files-2.1\org.ow2.asm\asm-tree\9.2\d96c99a30f5e1a19b0e609dbb19a44d8518ac01e\asm-tree-9.2.jar;C:\Users\Jason\.gradle\caches\modules-2\files-2.1\org.ow2.asm\asm\9.2\81a03f76019c67362299c40e0ba13405f5467bff\asm-9.2.jar --add-modules=ALL-MODULE-PATH --add-opens=java.base/java.util.jar=cpw.mods.securejarhandler --add-exports=java.base/sun.security.util=cpw.mods.securejarhandler --add-exports=jdk.naming.dns/com.sun.jndi.dns=java.naming -XX:HeapDumpPath=MojangTricksIntelDriversForPerformance_javaw.exe_minecraft.exe.heapdump -Dos.name=Windows 10 -Dfile.encoding=GBK -Duser.country=CN -Duser.language=zh -Duser.variant cpw.mods.bootstraplauncher.BootstrapLauncher --launchTarget forgeclientuserdev --version MOD_DEV --assetIndex 1.18 --assetsDir C:\Users\Jason\.gradle\caches\forge_gradle\assets --gameDir . --fml.forgeVersion 40.0.17 --fml.mcVersion 1.18.2 --fml.forgeGroup net.minecraftforge --fml.mcpVersion 20220228.144236

Host: Intel(R) Core(TM) i5-5675R CPU @ 3.10GHz, 4 cores, 7G,  Windows 10 , 64 bit Build 19041 (10.0.19041.1566)
Time: Thu Mar 17 09:45:25 2022  Windows 10 , 64 bit Build 19041 (10.0.19041.1566) elapsed time: 15.111468 seconds (0d 0h 0m 15s)

---------------  T H R E A D  ---------------

Current thread (0x0000021686f4ce30):  VMThread "VM Thread" [stack: 0x000000776db00000,0x000000776dc00000] [id=14392]

Stack: [0x000000776db00000,0x000000776dc00000]
Native frames: (J=compiled Java code, j=interpreted, Vv=VM code, C=native code)
V  [jvm.dll+0x670baa]
V  [jvm.dll+0x7cfcb4]
V  [jvm.dll+0x7d145e]
V  [jvm.dll+0x7d1ac3]
V  [jvm.dll+0x242bc5]
V  [jvm.dll+0x66dac9]
V  [jvm.dll+0x662412]
V  [jvm.dll+0x300c0b]
V  [jvm.dll+0x3081a6]
V  [jvm.dll+0x357d0e]
V  [jvm.dll+0x357f3f]
V  [jvm.dll+0x2d7ec8]
V  [jvm.dll+0x2d6194]
V  [jvm.dll+0x2d579c]
V  [jvm.dll+0x3190eb]
V  [jvm.dll+0x7d5f9b]
V  [jvm.dll+0x7d6cd4]
V  [jvm.dll+0x7d71ec]
V  [jvm.dll+0x7d75c4]
V  [jvm.dll+0x7d7690]
V  [jvm.dll+0x77ff7a]
V  [jvm.dll+0x66fa35]
C  [ucrtbase.dll+0x21bb2]
C  [KERNEL32.DLL+0x17034]
C  [ntdll.dll+0x52651]

VM_Operation (0x000000776f7fccc0): G1CollectForAllocation, mode: safepoint, requested by thread 0x000002168c3b5680


---------------  P R O C E S S  ---------------

Threads class SMR info:
_java_thread_list=0x000002168dd0ac90, length=20, elements={
0x00000216e972b290, 0x0000021686f537f0, 0x0000021686f552d0, 0x0000021686f6f840,
0x0000021686f72210, 0x0000021686f72ad0, 0x0000021686f73390, 0x0000021686f74030,
0x0000021686f77620, 0x0000021686f7b420, 0x0000021687889760, 0x0000021687928f40,
0x0000021688cfe550, 0x0000021688d90050, 0x00000216897fbf70, 0x000002168c3b0e50,
0x0000021689a3dda0, 0x000002168c3affe0, 0x000002168c3b6020, 0x000002168c3b5680
}

Java Threads: ( => current thread )
  0x00000216e972b290 JavaThread "main" [_thread_blocked, id=1416, stack(0x000000776d500000,0x000000776d600000)]
  0x0000021686f537f0 JavaThread "Reference Handler" daemon [_thread_blocked, id=9940, stack(0x000000776dc00000,0x000000776dd00000)]
  0x0000021686f552d0 JavaThread "Finalizer" daemon [_thread_blocked, id=18108, stack(0x000000776dd00000,0x000000776de00000)]
  0x0000021686f6f840 JavaThread "Signal Dispatcher" daemon [_thread_blocked, id=3632, stack(0x000000776de00000,0x000000776df00000)]
  0x0000021686f72210 JavaThread "Attach Listener" daemon [_thread_blocked, id=8752, stack(0x000000776df00000,0x000000776e000000)]
  0x0000021686f72ad0 JavaThread "Service Thread" daemon [_thread_blocked, id=5300, stack(0x000000776e000000,0x000000776e100000)]
  0x0000021686f73390 JavaThread "Monitor Deflation Thread" daemon [_thread_blocked, id=15848, stack(0x000000776e100000,0x000000776e200000)]
  0x0000021686f74030 JavaThread "C2 CompilerThread0" daemon [_thread_blocked, id=8128, stack(0x000000776e200000,0x000000776e300000)]
  0x0000021686f77620 JavaThread "C1 CompilerThread0" daemon [_thread_blocked, id=18292, stack(0x000000776e300000,0x000000776e400000)]
  0x0000021686f7b420 JavaThread "Sweeper thread" daemon [_thread_blocked, id=15012, stack(0x000000776e400000,0x000000776e500000)]
  0x0000021687889760 JavaThread "Common-Cleaner" daemon [_thread_blocked, id=8964, stack(0x000000776e500000,0x000000776e600000)]
  0x0000021687928f40 JavaThread "Notification Thread" daemon [_thread_blocked, id=17976, stack(0x000000776e600000,0x000000776e700000)]
  0x0000021688cfe550 JavaThread "Thread-0" daemon [_thread_blocked, id=14360, stack(0x000000776ec00000,0x000000776ed00000)]
  0x0000021688d90050 JavaThread "FileSystemWatchService" daemon [_thread_in_native, id=15252, stack(0x000000776ed00000,0x000000776ee00000)]
  0x00000216897fbf70 JavaThread "pool-2-thread-1" daemon [_thread_blocked, id=7328, stack(0x000000776ee00000,0x000000776ef00000)]
  0x000002168c3b0e50 JavaThread "pool-3-thread-1" [_thread_blocked, id=10812, stack(0x000000776e800000,0x000000776e900000)]
  0x0000021689a3dda0 JavaThread "C2 CompilerThread1" daemon [_thread_in_native, id=10888, stack(0x000000776f200000,0x000000776f300000)]
  0x000002168c3affe0 JavaThread "Worker-Bootstrap-1" daemon [_thread_blocked, id=4932, stack(0x000000776f500000,0x000000776f600000)]
  0x000002168c3b6020 JavaThread "Worker-Bootstrap-2" daemon [_thread_blocked, id=14528, stack(0x000000776f600000,0x000000776f700000)]
  0x000002168c3b5680 JavaThread "Worker-Bootstrap-3" daemon [_thread_blocked, id=5312, stack(0x000000776f700000,0x000000776f800000)]

Other Threads:
=>0x0000021686f4ce30 VMThread "VM Thread" [stack: 0x000000776db00000,0x000000776dc00000] [id=14392]
  0x00000216e97840d0 WatcherThread [stack: 0x000000776e700000,0x000000776e800000] [id=16292]
  0x00000216e9767d70 GCTaskThread "GC Thread#0" [stack: 0x000000776d600000,0x000000776d700000] [id=7204]
  0x0000021687e95120 GCTaskThread "GC Thread#1" [stack: 0x000000776e900000,0x000000776ea00000] [id=15452]
  0x0000021687e953d0 GCTaskThread "GC Thread#2" [stack: 0x000000776ea00000,0x000000776eb00000] [id=10788]
  0x0000021687e8b390 GCTaskThread "GC Thread#3" [stack: 0x000000776eb00000,0x000000776ec00000] [id=8688]
  0x00000216e977a680 ConcurrentGCThread "G1 Main Marker" [stack: 0x000000776d700000,0x000000776d800000] [id=6076]
  0x00000216e977c5f0 ConcurrentGCThread "G1 Conc#0" [stack: 0x000000776d800000,0x000000776d900000] [id=18780]
  0x0000021686e10090 ConcurrentGCThread "G1 Refine#0" [stack: 0x000000776d900000,0x000000776da00000] [id=1796]
  0x000002168c53f340 ConcurrentGCThread "G1 Refine#1" [stack: 0x000000776f300000,0x000000776f400000] [id=14380]
  0x000002168c53f620 ConcurrentGCThread "G1 Refine#2" [stack: 0x000000776f400000,0x000000776f500000] [id=1180]
  0x000002168cc33a40 ConcurrentGCThread "G1 Refine#3" [stack: 0x000000776f800000,0x000000776f900000] [id=16756]
  0x0000021686e10860 ConcurrentGCThread "G1 Service" [stack: 0x000000776da00000,0x000000776db00000] [id=13408]

Threads with active compile tasks:
C2 CompilerThread1    15143 9201       4       com.mojang.datafixers.types.templates.TaggedChoice$TaggedChoiceType::equals (162 bytes)

VM state: at safepoint (normal execution)

VM Mutex/Monitor currently owned by a thread:  ([mutex/lock_event])
[0x00000216e9727030] Threads_lock - owner thread: 0x0000021686f4ce30
[0x00000216e9727b70] Heap_lock - owner thread: 0x000002168c3b5680

Heap address: 0x0000000082000000, size: 2016 MB, Compressed Oops mode: 32-bit

CDS archive(s) mapped at: [0x0000000800000000-0x0000000800bc0000-0x0000000800bc0000), size 12320768, SharedBaseAddress: 0x0000000800000000, ArchiveRelocationMode: 0.
Compressed class space mapped at: 0x0000000800c00000-0x0000000840c00000, reserved size: 1073741824
Narrow klass base: 0x0000000800000000, Narrow klass shift: 0, Narrow klass range: 0x100000000

GC Precious Log:
 CPUs: 4 total, 4 available
 Memory: 8062M
 Large Page Support: Disabled
 NUMA Support: Disabled
 Compressed Oops: Enabled (32-bit)
 Heap Region Size: 1M
 Heap Min Capacity: 8M
 Heap Initial Capacity: 126M
 Heap Max Capacity: 2016M
 Pre-touch: Disabled
 Parallel Workers: 4
 Concurrent Workers: 1
 Concurrent Refinement Workers: 4
 Periodic GC: Disabled

Heap:
 garbage-first heap   total 327680K, used 193371K [0x0000000082000000, 0x0000000100000000)
  region size 1024K, 11 young (11264K), 11 survivors (11264K)
 Metaspace       used 57725K, committed 58752K, reserved 1105920K
  class space    used 7853K, committed 8320K, reserved 1048576K

Heap Regions: E=young(eden), S=young(survivor), O=old, HS=humongous(starts), HC=humongous(continues), CS=collection set, F=free, OA=open archive, CA=closed archive, TAMS=top-at-mark-start (previous, next)
|   0|0x0000000082000000, 0x0000000082100000, 0x0000000082100000|100%|HS|  |TAMS 0x0000000082100000, 0x0000000082100000| Complete 
|   1|0x0000000082100000, 0x0000000082200000, 0x0000000082200000|100%|HS|  |TAMS 0x0000000082200000, 0x0000000082200000| Complete 
|   2|0x0000000082200000, 0x0000000082300000, 0x0000000082300000|100%|HC|  |TAMS 0x0000000082300000, 0x0000000082300000| Complete 
|   3|0x0000000082300000, 0x0000000082400000, 0x0000000082400000|100%| O|  |TAMS 0x0000000082400000, 0x0000000082400000| Untracked 
|   4|0x0000000082400000, 0x0000000082500000, 0x0000000082500000|100%| O|  |TAMS 0x0000000082500000, 0x0000000082500000| Untracked 
|   5|0x0000000082500000, 0x0000000082600000, 0x0000000082600000|100%|HS|  |TAMS 0x0000000082600000, 0x0000000082600000| Complete 
|   6|0x0000000082600000, 0x0000000082700000, 0x0000000082700000|100%|HC|  |TAMS 0x0000000082700000, 0x0000000082700000| Complete 
|   7|0x0000000082700000, 0x0000000082800000, 0x0000000082800000|100%| O|  |TAMS 0x0000000082800000, 0x0000000082800000| Untracked 
|   8|0x0000000082800000, 0x0000000082900000, 0x0000000082900000|100%| O|  |TAMS 0x0000000082900000, 0x0000000082900000| Untracked 
|   9|0x0000000082900000, 0x0000000082a00000, 0x0000000082a00000|100%| O|  |TAMS 0x0000000082a00000, 0x0000000082a00000| Untracked 
|  10|0x0000000082a00000, 0x0000000082b00000, 0x0000000082b00000|100%| O|  |TAMS 0x0000000082b00000, 0x0000000082b00000| Untracked 
|  11|0x0000000082b00000, 0x0000000082c00000, 0x0000000082c00000|100%|HS|  |TAMS 0x0000000082c00000, 0x0000000082c00000| Complete 
|  12|0x0000000082c00000, 0x0000000082d00000, 0x0000000082d00000|100%|HC|  |TAMS 0x0000000082d00000, 0x0000000082d00000| Complete 
|  13|0x0000000082d00000, 0x0000000082e00000, 0x0000000082e00000|100%| O|  |TAMS 0x0000000082e00000, 0x0000000082e00000| Untracked 
|  14|0x0000000082e00000, 0x0000000082f00000, 0x0000000082f00000|100%| O|  |TAMS 0x0000000082f00000, 0x0000000082f00000| Untracked 
|  15|0x0000000082f00000, 0x0000000083000000, 0x0000000083000000|100%| O|  |TAMS 0x0000000083000000, 0x0000000083000000| Untracked 
|  16|0x0000000083000000, 0x0000000083100000, 0x0000000083100000|100%| O|  |TAMS 0x0000000083100000, 0x0000000083100000| Untracked 
|  17|0x0000000083100000, 0x0000000083200000, 0x0000000083200000|100%| O|  |TAMS 0x0000000083200000, 0x0000000083200000| Untracked 
|  18|0x0000000083200000, 0x0000000083300000, 0x0000000083300000|100%| O|  |TAMS 0x0000000083300000, 0x0000000083300000| Untracked 
|  19|0x0000000083300000, 0x0000000083400000, 0x0000000083400000|100%| O|  |TAMS 0x0000000083400000, 0x0000000083400000| Untracked 
|  20|0x0000000083400000, 0x0000000083500000, 0x0000000083500000|100%| O|  |TAMS 0x0000000083500000, 0x0000000083500000| Untracked 
|  21|0x0000000083500000, 0x0000000083600000, 0x0000000083600000|100%|HS|  |TAMS 0x0000000083600000, 0x0000000083600000| Complete 
|  22|0x0000000083600000, 0x0000000083700000, 0x0000000083700000|100%|HS|  |TAMS 0x0000000083700000, 0x0000000083700000| Complete 
|  23|0x0000000083700000, 0x0000000083800000, 0x0000000083800000|100%|HC|  |TAMS 0x0000000083800000, 0x0000000083800000| Complete 
|  24|0x0000000083800000, 0x0000000083900000, 0x0000000083900000|100%|HS|  |TAMS 0x0000000083900000, 0x0000000083900000| Complete 
|  25|0x0000000083900000, 0x0000000083a00000, 0x0000000083a00000|100%| O|  |TAMS 0x0000000083a00000, 0x0000000083a00000| Untracked 
|  26|0x0000000083a00000, 0x0000000083b00000, 0x0000000083b00000|100%| O|  |TAMS 0x0000000083b00000, 0x0000000083b00000| Untracked 
|  27|0x0000000083b00000, 0x0000000083c00000, 0x0000000083c00000|100%| O|  |TAMS 0x0000000083c00000, 0x0000000083c00000| Untracked 
|  28|0x0000000083c00000, 0x0000000083d00000, 0x0000000083d00000|100%| O|  |TAMS 0x0000000083d00000, 0x0000000083d00000| Untracked 
|  29|0x0000000083d00000, 0x0000000083e00000, 0x0000000083e00000|100%| O|  |TAMS 0x0000000083e00000, 0x0000000083e00000| Untracked 
|  30|0x0000000083e00000, 0x0000000083f00000, 0x0000000083f00000|100%| O|  |TAMS 0x0000000083f00000, 0x0000000083f00000| Untracked 
|  31|0x0000000083f00000, 0x0000000084000000, 0x0000000084000000|100%| O|  |TAMS 0x0000000084000000, 0x0000000084000000| Untracked 
|  32|0x0000000084000000, 0x0000000084100000, 0x0000000084100000|100%| O|  |TAMS 0x0000000084100000, 0x0000000084100000| Untracked 
|  33|0x0000000084100000, 0x0000000084200000, 0x0000000084200000|100%| O|  |TAMS 0x0000000084200000, 0x0000000084200000| Untracked 
|  34|0x0000000084200000, 0x0000000084300000, 0x0000000084300000|100%| O|  |TAMS 0x0000000084300000, 0x0000000084300000| Untracked 
|  35|0x0000000084300000, 0x0000000084400000, 0x0000000084400000|100%| O|  |TAMS 0x0000000084400000, 0x0000000084400000| Untracked 
|  36|0x0000000084400000, 0x0000000084500000, 0x0000000084500000|100%| O|  |TAMS 0x0000000084500000, 0x0000000084500000| Untracked 
|  37|0x0000000084500000, 0x0000000084600000, 0x0000000084600000|100%| O|  |TAMS 0x0000000084600000, 0x0000000084600000| Untracked 
|  38|0x0000000084600000, 0x0000000084700000, 0x0000000084700000|100%| O|  |TAMS 0x0000000084700000, 0x0000000084700000| Untracked 
|  39|0x0000000084700000, 0x0000000084800000, 0x0000000084800000|100%| O|  |TAMS 0x0000000084800000, 0x0000000084800000| Untracked 
|  40|0x0000000084800000, 0x0000000084900000, 0x0000000084900000|100%| O|  |TAMS 0x0000000084900000, 0x0000000084900000| Untracked 
|  41|0x0000000084900000, 0x0000000084a00000, 0x0000000084a00000|100%| O|  |TAMS 0x0000000084a00000, 0x0000000084a00000| Untracked 
|  42|0x0000000084a00000, 0x0000000084b00000, 0x0000000084b00000|100%| O|  |TAMS 0x0000000084b00000, 0x0000000084b00000| Untracked 
|  43|0x0000000084b00000, 0x0000000084c00000, 0x0000000084c00000|100%| O|  |TAMS 0x0000000084c00000, 0x0000000084c00000| Untracked 
|  44|0x0000000084c00000, 0x0000000084d00000, 0x0000000084d00000|100%| O|  |TAMS 0x0000000084d00000, 0x0000000084d00000| Untracked 
|  45|0x0000000084d00000, 0x0000000084e00000, 0x0000000084e00000|100%| O|  |TAMS 0x0000000084e00000, 0x0000000084e00000| Untracked 
|  46|0x0000000084e00000, 0x0000000084f00000, 0x0000000084f00000|100%| O|  |TAMS 0x0000000084f00000, 0x0000000084f00000| Untracked 
|  47|0x0000000084f00000, 0x0000000085000000, 0x0000000085000000|100%| O|  |TAMS 0x0000000085000000, 0x0000000085000000| Untracked 
|  48|0x0000000085000000, 0x0000000085100000, 0x0000000085100000|100%| O|  |TAMS 0x0000000085100000, 0x0000000085100000| Untracked 
|  49|0x0000000085100000, 0x0000000085200000, 0x0000000085200000|100%| O|  |TAMS 0x0000000085200000, 0x0000000085200000| Untracked 
|  50|0x0000000085200000, 0x0000000085300000, 0x0000000085300000|100%| O|  |TAMS 0x0000000085300000, 0x0000000085300000| Untracked 
|  51|0x0000000085300000, 0x0000000085400000, 0x0000000085400000|100%| O|  |TAMS 0x0000000085400000, 0x0000000085400000| Untracked 
|  52|0x0000000085400000, 0x0000000085500000, 0x0000000085500000|100%| O|  |TAMS 0x0000000085500000, 0x0000000085500000| Untracked 
|  53|0x0000000085500000, 0x0000000085600000, 0x0000000085600000|100%| O|  |TAMS 0x0000000085600000, 0x0000000085600000| Untracked 
|  54|0x0000000085600000, 0x0000000085700000, 0x0000000085700000|100%| O|  |TAMS 0x0000000085700000, 0x0000000085700000| Untracked 
|  55|0x0000000085700000, 0x0000000085800000, 0x0000000085800000|100%| O|  |TAMS 0x0000000085700000, 0x0000000085800000| Untracked 
|  56|0x0000000085800000, 0x0000000085900000, 0x0000000085900000|100%|HS|  |TAMS 0x0000000085900000, 0x0000000085900000| Complete 
|  57|0x0000000085900000, 0x0000000085a00000, 0x0000000085a00000|100%|HC|  |TAMS 0x0000000085a00000, 0x0000000085a00000| Complete 
|  58|0x0000000085a00000, 0x0000000085b00000, 0x0000000085b00000|100%|HC|  |TAMS 0x0000000085b00000, 0x0000000085b00000| Complete 
|  59|0x0000000085b00000, 0x0000000085c00000, 0x0000000085c00000|100%|HC|  |TAMS 0x0000000085c00000, 0x0000000085c00000| Complete 
|  60|0x0000000085c00000, 0x0000000085d00000, 0x0000000085d00000|100%|HC|  |TAMS 0x0000000085d00000, 0x0000000085d00000| Complete 
|  61|0x0000000085d00000, 0x0000000085e00000, 0x0000000085e00000|100%|HC|  |TAMS 0x0000000085e00000, 0x0000000085e00000| Complete 
|  62|0x0000000085e00000, 0x0000000085f00000, 0x0000000085f00000|100%|HC|  |TAMS 0x0000000085f00000, 0x0000000085f00000| Complete 
|  63|0x0000000085f00000, 0x0000000086000000, 0x0000000086000000|100%|HC|  |TAMS 0x0000000086000000, 0x0000000086000000| Complete 
|  64|0x0000000086000000, 0x0000000086100000, 0x0000000086100000|100%|HC|  |TAMS 0x0000000086100000, 0x0000000086100000| Complete 
|  65|0x0000000086100000, 0x0000000086200000, 0x0000000086200000|100%|HC|  |TAMS 0x0000000086200000, 0x0000000086200000| Complete 
|  66|0x0000000086200000, 0x0000000086300000, 0x0000000086300000|100%|HC|  |TAMS 0x0000000086300000, 0x0000000086300000| Complete 
|  67|0x0000000086300000, 0x0000000086400000, 0x0000000086400000|100%| O|  |TAMS 0x0000000086400000, 0x0000000086400000| Untracked 
|  68|0x0000000086400000, 0x0000000086500000, 0x0000000086500000|100%| O|  |TAMS 0x0000000086500000, 0x0000000086500000| Untracked 
|  69|0x0000000086500000, 0x0000000086600000, 0x0000000086600000|100%| O|  |TAMS 0x0000000086600000, 0x0000000086600000| Untracked 
|  70|0x0000000086600000, 0x0000000086700000, 0x0000000086700000|100%| O|  |TAMS 0x0000000086700000, 0x0000000086700000| Untracked 
|  71|0x0000000086700000, 0x0000000086800000, 0x0000000086800000|100%| O|  |TAMS 0x0000000086800000, 0x0000000086800000| Untracked 
|  72|0x0000000086800000, 0x0000000086900000, 0x0000000086900000|100%| O|  |TAMS 0x0000000086900000, 0x0000000086900000| Untracked 
|  73|0x0000000086900000, 0x0000000086a00000, 0x0000000086a00000|100%| O|  |TAMS 0x0000000086a00000, 0x0000000086a00000| Untracked 
|  74|0x0000000086a00000, 0x0000000086b00000, 0x0000000086b00000|100%| O|  |TAMS 0x0000000086b00000, 0x0000000086b00000| Untracked 
|  75|0x0000000086b00000, 0x0000000086c00000, 0x0000000086c00000|100%| O|  |TAMS 0x0000000086c00000, 0x0000000086c00000| Untracked 
|  76|0x0000000086c00000, 0x0000000086d00000, 0x0000000086d00000|100%| O|  |TAMS 0x0000000086d00000, 0x0000000086d00000| Untracked 
|  77|0x0000000086d00000, 0x0000000086e00000, 0x0000000086e00000|100%| O|  |TAMS 0x0000000086e00000, 0x0000000086e00000| Untracked 
|  78|0x0000000086e00000, 0x0000000086f00000, 0x0000000086f00000|100%| O|  |TAMS 0x0000000086f00000, 0x0000000086f00000| Untracked 
|  79|0x0000000086f00000, 0x0000000087000000, 0x0000000087000000|100%| O|  |TAMS 0x0000000087000000, 0x0000000087000000| Untracked 
|  80|0x0000000087000000, 0x0000000087100000, 0x0000000087100000|100%| O|  |TAMS 0x0000000087100000, 0x0000000087100000| Untracked 
|  81|0x0000000087100000, 0x0000000087200000, 0x0000000087200000|100%| O|  |TAMS 0x0000000087200000, 0x0000000087200000| Untracked 
|  82|0x0000000087200000, 0x0000000087300000, 0x0000000087300000|100%| O|  |TAMS 0x0000000087300000, 0x0000000087300000| Untracked 
|  83|0x0000000087300000, 0x0000000087400000, 0x0000000087400000|100%| O|  |TAMS 0x0000000087400000, 0x0000000087400000| Untracked 
|  84|0x0000000087400000, 0x0000000087500000, 0x0000000087500000|100%| O|  |TAMS 0x0000000087500000, 0x0000000087500000| Untracked 
|  85|0x0000000087500000, 0x0000000087600000, 0x0000000087600000|100%| O|  |TAMS 0x0000000087600000, 0x0000000087600000| Untracked 
|  86|0x0000000087600000, 0x0000000087700000, 0x0000000087700000|100%| O|  |TAMS 0x0000000087655a00, 0x0000000087700000| Untracked 
|  87|0x0000000087700000, 0x0000000087800000, 0x0000000087800000|100%| O|  |TAMS 0x0000000087700000, 0x0000000087800000| Untracked 
|  88|0x0000000087800000, 0x0000000087900000, 0x0000000087900000|100%| O|  |TAMS 0x0000000087800000, 0x0000000087900000| Untracked 
|  89|0x0000000087900000, 0x0000000087a00000, 0x0000000087a00000|100%| O|  |TAMS 0x0000000087900000, 0x0000000087a00000| Untracked 
|  90|0x0000000087a00000, 0x0000000087b00000, 0x0000000087b00000|100%| O|  |TAMS 0x0000000087a00000, 0x0000000087b00000| Untracked 
|  91|0x0000000087b00000, 0x0000000087c00000, 0x0000000087c00000|100%| O|  |TAMS 0x0000000087b00000, 0x0000000087c00000| Untracked 
|  92|0x0000000087c00000, 0x0000000087d00000, 0x0000000087d00000|100%| O|  |TAMS 0x0000000087c00000, 0x0000000087d00000| Untracked 
|  93|0x0000000087d00000, 0x0000000087e00000, 0x0000000087e00000|100%| O|  |TAMS 0x0000000087d00000, 0x0000000087e00000| Untracked 
|  94|0x0000000087e00000, 0x0000000087f00000, 0x0000000087f00000|100%| O|  |TAMS 0x0000000087e00000, 0x0000000087f00000| Untracked 
|  95|0x0000000087f00000, 0x0000000088000000, 0x0000000088000000|100%| O|  |TAMS 0x0000000087f00000, 0x0000000088000000| Untracked 
|  96|0x0000000088000000, 0x0000000088100000, 0x0000000088100000|100%| O|  |TAMS 0x0000000088000000, 0x0000000088100000| Untracked 
|  97|0x0000000088100000, 0x0000000088200000, 0x0000000088200000|100%| O|  |TAMS 0x0000000088100000, 0x0000000088200000| Untracked 
|  98|0x0000000088200000, 0x0000000088300000, 0x0000000088300000|100%| O|  |TAMS 0x0000000088200000, 0x0000000088300000| Untracked 
|  99|0x0000000088300000, 0x0000000088400000, 0x0000000088400000|100%| O|  |TAMS 0x0000000088300000, 0x0000000088400000| Untracked 
| 100|0x0000000088400000, 0x0000000088500000, 0x0000000088500000|100%| O|  |TAMS 0x0000000088400000, 0x0000000088500000| Untracked 
| 101|0x0000000088500000, 0x0000000088600000, 0x0000000088600000|100%| O|  |TAMS 0x0000000088500000, 0x0000000088600000| Untracked 
| 102|0x0000000088600000, 0x0000000088700000, 0x0000000088700000|100%| O|  |TAMS 0x0000000088600000, 0x0000000088700000| Untracked 
| 103|0x0000000088700000, 0x0000000088800000, 0x0000000088800000|100%| O|  |TAMS 0x0000000088700000, 0x0000000088800000| Untracked 
| 104|0x0000000088800000, 0x0000000088900000, 0x0000000088900000|100%| O|  |TAMS 0x0000000088800000, 0x0000000088900000| Untracked 
| 105|0x0000000088900000, 0x0000000088a00000, 0x0000000088a00000|100%| O|  |TAMS 0x0000000088900000, 0x0000000088a00000| Untracked 
| 106|0x0000000088a00000, 0x0000000088b00000, 0x0000000088b00000|100%| O|  |TAMS 0x0000000088a00000, 0x0000000088b00000| Untracked 
| 107|0x0000000088b00000, 0x0000000088c00000, 0x0000000088c00000|100%| O|  |TAMS 0x0000000088b00000, 0x0000000088c00000| Untracked 
| 108|0x0000000088c00000, 0x0000000088d00000, 0x0000000088d00000|100%| O|  |TAMS 0x0000000088c00000, 0x0000000088d00000| Untracked 
| 109|0x0000000088d00000, 0x0000000088e00000, 0x0000000088e00000|100%| O|  |TAMS 0x0000000088d00000, 0x0000000088e00000| Untracked 
| 110|0x0000000088e00000, 0x0000000088f00000, 0x0000000088f00000|100%| O|  |TAMS 0x0000000088e00000, 0x0000000088f00000| Untracked 
| 111|0x0000000088f00000, 0x0000000089000000, 0x0000000089000000|100%| O|  |TAMS 0x0000000088f00000, 0x0000000089000000| Untracked 
| 112|0x0000000089000000, 0x0000000089100000, 0x0000000089100000|100%| O|  |TAMS 0x0000000089000000, 0x0000000089100000| Untracked 
| 113|0x0000000089100000, 0x0000000089200000, 0x0000000089200000|100%| O|  |TAMS 0x0000000089100000, 0x0000000089200000| Untracked 
| 114|0x0000000089200000, 0x0000000089300000, 0x0000000089300000|100%| O|  |TAMS 0x0000000089200000, 0x0000000089300000| Untracked 
| 115|0x0000000089300000, 0x0000000089400000, 0x0000000089400000|100%| O|  |TAMS 0x0000000089300000, 0x0000000089400000| Untracked 
| 116|0x0000000089400000, 0x0000000089500000, 0x0000000089500000|100%| O|  |TAMS 0x0000000089400000, 0x0000000089500000| Untracked 
| 117|0x0000000089500000, 0x0000000089600000, 0x0000000089600000|100%| O|  |TAMS 0x0000000089500000, 0x0000000089600000| Untracked 
| 118|0x0000000089600000, 0x0000000089700000, 0x0000000089700000|100%| O|  |TAMS 0x0000000089600000, 0x0000000089700000| Untracked 
| 119|0x0000000089700000, 0x0000000089800000, 0x0000000089800000|100%| O|  |TAMS 0x0000000089700000, 0x0000000089800000| Untracked 
| 120|0x0000000089800000, 0x0000000089900000, 0x0000000089900000|100%| O|  |TAMS 0x0000000089800000, 0x0000000089900000| Untracked 
| 121|0x0000000089900000, 0x0000000089a00000, 0x0000000089a00000|100%| O|  |TAMS 0x0000000089900000, 0x0000000089a00000| Untracked 
| 122|0x0000000089a00000, 0x0000000089b00000, 0x0000000089b00000|100%| O|  |TAMS 0x0000000089a00000, 0x0000000089b00000| Untracked 
| 123|0x0000000089b00000, 0x0000000089c00000, 0x0000000089c00000|100%| O|  |TAMS 0x0000000089b00000, 0x0000000089c00000| Untracked 
| 124|0x0000000089c00000, 0x0000000089d00000, 0x0000000089d00000|100%| O|  |TAMS 0x0000000089c00000, 0x0000000089d00000| Untracked 
| 125|0x0000000089d00000, 0x0000000089e00000, 0x0000000089e00000|100%| O|  |TAMS 0x0000000089d00000, 0x0000000089e00000| Untracked 
| 126|0x0000000089e00000, 0x0000000089f00000, 0x0000000089f00000|100%| O|  |TAMS 0x0000000089e00000, 0x0000000089f00000| Untracked 
| 127|0x0000000089f00000, 0x000000008a000000, 0x000000008a000000|100%| O|  |TAMS 0x0000000089f00000, 0x000000008a000000| Untracked 
| 128|0x000000008a000000, 0x000000008a100000, 0x000000008a100000|100%| O|  |TAMS 0x000000008a000000, 0x000000008a100000| Untracked 
| 129|0x000000008a100000, 0x000000008a200000, 0x000000008a200000|100%| O|  |TAMS 0x000000008a100000, 0x000000008a200000| Untracked 
| 130|0x000000008a200000, 0x000000008a300000, 0x000000008a300000|100%| O|  |TAMS 0x000000008a200000, 0x000000008a300000| Untracked 
| 131|0x000000008a300000, 0x000000008a400000, 0x000000008a400000|100%| O|  |TAMS 0x000000008a300000, 0x000000008a400000| Untracked 
| 132|0x000000008a400000, 0x000000008a500000, 0x000000008a500000|100%| O|  |TAMS 0x000000008a400000, 0x000000008a500000| Untracked 
| 133|0x000000008a500000, 0x000000008a600000, 0x000000008a600000|100%| O|  |TAMS 0x000000008a500000, 0x000000008a600000| Untracked 
| 134|0x000000008a600000, 0x000000008a700000, 0x000000008a700000|100%| O|  |TAMS 0x000000008a600000, 0x000000008a700000| Untracked 
| 135|0x000000008a700000, 0x000000008a800000, 0x000000008a800000|100%| O|  |TAMS 0x000000008a700000, 0x000000008a800000| Untracked 
| 136|0x000000008a800000, 0x000000008a900000, 0x000000008a900000|100%| O|  |TAMS 0x000000008a800000, 0x000000008a900000| Untracked 
| 137|0x000000008a900000, 0x000000008aa00000, 0x000000008aa00000|100%|HS|  |TAMS 0x000000008a900000, 0x000000008aa00000| Complete 
| 138|0x000000008aa00000, 0x000000008ab00000, 0x000000008ab00000|100%| O|  |TAMS 0x000000008aa00000, 0x000000008ab00000| Untracked 
| 139|0x000000008ab00000, 0x000000008ac00000, 0x000000008ac00000|100%| O|  |TAMS 0x000000008ab00000, 0x000000008ac00000| Untracked 
| 140|0x000000008ac00000, 0x000000008ad00000, 0x000000008ad00000|100%| O|  |TAMS 0x000000008ac00000, 0x000000008ad00000| Untracked 
| 141|0x000000008ad00000, 0x000000008ae00000, 0x000000008ae00000|100%| O|  |TAMS 0x000000008ad00000, 0x000000008ae00000| Untracked 
| 142|0x000000008ae00000, 0x000000008af00000, 0x000000008af00000|100%| O|  |TAMS 0x000000008ae00000, 0x000000008af00000| Untracked 
| 143|0x000000008af00000, 0x000000008b000000, 0x000000008b000000|100%| O|  |TAMS 0x000000008af00000, 0x000000008b000000| Untracked 
| 144|0x000000008b000000, 0x000000008b100000, 0x000000008b100000|100%| O|  |TAMS 0x000000008b000000, 0x000000008b100000| Untracked 
| 145|0x000000008b100000, 0x000000008b200000, 0x000000008b200000|100%| O|  |TAMS 0x000000008b100000, 0x000000008b200000| Untracked 
| 146|0x000000008b200000, 0x000000008b300000, 0x000000008b300000|100%| O|  |TAMS 0x000000008b200000, 0x000000008b300000| Untracked 
| 147|0x000000008b300000, 0x000000008b400000, 0x000000008b400000|100%| O|  |TAMS 0x000000008b300000, 0x000000008b400000| Untracked 
| 148|0x000000008b400000, 0x000000008b500000, 0x000000008b500000|100%| O|  |TAMS 0x000000008b400000, 0x000000008b500000| Untracked 
| 149|0x000000008b500000, 0x000000008b600000, 0x000000008b600000|100%| O|  |TAMS 0x000000008b500000, 0x000000008b600000| Untracked 
| 150|0x000000008b600000, 0x000000008b700000, 0x000000008b700000|100%| O|  |TAMS 0x000000008b600000, 0x000000008b700000| Untracked 
| 151|0x000000008b700000, 0x000000008b800000, 0x000000008b800000|100%| O|  |TAMS 0x000000008b700000, 0x000000008b800000| Untracked 
| 152|0x000000008b800000, 0x000000008b900000, 0x000000008b900000|100%| O|  |TAMS 0x000000008b800000, 0x000000008b900000| Untracked 
| 153|0x000000008b900000, 0x000000008ba00000, 0x000000008ba00000|100%| O|  |TAMS 0x000000008b900000, 0x000000008b9ce400| Untracked 
| 154|0x000000008ba00000, 0x000000008bb00000, 0x000000008bb00000|100%| O|  |TAMS 0x000000008ba00000, 0x000000008ba00000| Untracked 
| 155|0x000000008bb00000, 0x000000008bc00000, 0x000000008bc00000|100%| O|  |TAMS 0x000000008bb00000, 0x000000008bb00000| Untracked 
| 156|0x000000008bc00000, 0x000000008bd00000, 0x000000008bd00000|100%| O|  |TAMS 0x000000008bc00000, 0x000000008bc00000| Untracked 
| 157|0x000000008bd00000, 0x000000008be00000, 0x000000008be00000|100%| O|  |TAMS 0x000000008bd00000, 0x000000008bd00000| Untracked 
| 158|0x000000008be00000, 0x000000008bf00000, 0x000000008bf00000|100%| O|  |TAMS 0x000000008be00000, 0x000000008be00000| Untracked 
| 159|0x000000008bf00000, 0x000000008c000000, 0x000000008c000000|100%| O|  |TAMS 0x000000008bf00000, 0x000000008bf00000| Untracked 
| 160|0x000000008c000000, 0x000000008c100000, 0x000000008c100000|100%| O|  |TAMS 0x000000008c000000, 0x000000008c000000| Untracked 
| 161|0x000000008c100000, 0x000000008c200000, 0x000000008c200000|100%| O|  |TAMS 0x000000008c100000, 0x000000008c100000| Untracked 
| 162|0x000000008c200000, 0x000000008c300000, 0x000000008c300000|100%| O|  |TAMS 0x000000008c200000, 0x000000008c200000| Untracked 
| 163|0x000000008c300000, 0x000000008c400000, 0x000000008c400000|100%| O|  |TAMS 0x000000008c300000, 0x000000008c300000| Untracked 
| 164|0x000000008c400000, 0x000000008c500000, 0x000000008c500000|100%| O|  |TAMS 0x000000008c400000, 0x000000008c400000| Untracked 
| 165|0x000000008c500000, 0x000000008c600000, 0x000000008c600000|100%| O|  |TAMS 0x000000008c500000, 0x000000008c500000| Untracked 
| 166|0x000000008c600000, 0x000000008c700000, 0x000000008c700000|100%| O|  |TAMS 0x000000008c600000, 0x000000008c600000| Untracked 
| 167|0x000000008c700000, 0x000000008c800000, 0x000000008c800000|100%| O|  |TAMS 0x000000008c700000, 0x000000008c700000| Untracked 
| 168|0x000000008c800000, 0x000000008c900000, 0x000000008c900000|100%| O|  |TAMS 0x000000008c800000, 0x000000008c800000| Untracked 
| 169|0x000000008c900000, 0x000000008ca00000, 0x000000008ca00000|100%|HS|  |TAMS 0x000000008c900000, 0x000000008c900000| Complete 
| 170|0x000000008ca00000, 0x000000008cb00000, 0x000000008cb00000|100%|HC|  |TAMS 0x000000008ca00000, 0x000000008ca00000| Complete 
| 171|0x000000008cb00000, 0x000000008cc00000, 0x000000008cc00000|100%| O|  |TAMS 0x000000008cb00000, 0x000000008cb00000| Untracked 
| 172|0x000000008cc00000, 0x000000008cd00000, 0x000000008cd00000|100%| O|  |TAMS 0x000000008cc00000, 0x000000008cc00000| Untracked 
| 173|0x000000008cd00000, 0x000000008ce00000, 0x000000008ce00000|100%| O|  |TAMS 0x000000008cd00000, 0x000000008cd00000| Untracked 
| 174|0x000000008ce00000, 0x000000008cf00000, 0x000000008cf00000|100%| O|  |TAMS 0x000000008ce00000, 0x000000008ce00000| Untracked 
| 175|0x000000008cf00000, 0x000000008d000000, 0x000000008d000000|100%| O|  |TAMS 0x000000008cf00000, 0x000000008cf00000| Untracked 
| 176|0x000000008d000000, 0x000000008d100000, 0x000000008d100000|100%| O|  |TAMS 0x000000008d000000, 0x000000008d000000| Untracked 
| 177|0x000000008d100000, 0x000000008d200000, 0x000000008d200000|100%| O|  |TAMS 0x000000008d100000, 0x000000008d100000| Untracked 
| 178|0x000000008d200000, 0x000000008d200000, 0x000000008d300000|  0%| F|  |TAMS 0x000000008d200000, 0x000000008d200000| Untracked 
| 179|0x000000008d300000, 0x000000008d300000, 0x000000008d400000|  0%| F|  |TAMS 0x000000008d300000, 0x000000008d300000| Untracked 
| 180|0x000000008d400000, 0x000000008d400000, 0x000000008d500000|  0%| F|  |TAMS 0x000000008d400000, 0x000000008d400000| Untracked 
| 181|0x000000008d500000, 0x000000008d500000, 0x000000008d600000|  0%| F|  |TAMS 0x000000008d500000, 0x000000008d500000| Untracked 
| 182|0x000000008d600000, 0x000000008d600000, 0x000000008d700000|  0%| F|  |TAMS 0x000000008d600000, 0x000000008d600000| Untracked 
| 183|0x000000008d700000, 0x000000008d700000, 0x000000008d800000|  0%| F|  |TAMS 0x000000008d700000, 0x000000008d700000| Untracked 
| 184|0x000000008d800000, 0x000000008d800000, 0x000000008d900000|  0%| F|  |TAMS 0x000000008d800000, 0x000000008d800000| Untracked 
| 185|0x000000008d900000, 0x000000008d900000, 0x000000008da00000|  0%| F|  |TAMS 0x000000008d900000, 0x000000008d900000| Untracked 
| 186|0x000000008da00000, 0x000000008da00000, 0x000000008db00000|  0%| F|  |TAMS 0x000000008da00000, 0x000000008da00000| Untracked 
| 187|0x000000008db00000, 0x000000008db00000, 0x000000008dc00000|  0%| F|  |TAMS 0x000000008db00000, 0x000000008db00000| Untracked 
| 188|0x000000008dc00000, 0x000000008dc00000, 0x000000008dd00000|  0%| F|  |TAMS 0x000000008dc00000, 0x000000008dc00000| Untracked 
| 189|0x000000008dd00000, 0x000000008dd00000, 0x000000008de00000|  0%| F|  |TAMS 0x000000008dd00000, 0x000000008dd00000| Untracked 
| 190|0x000000008de00000, 0x000000008de00000, 0x000000008df00000|  0%| F|  |TAMS 0x000000008de00000, 0x000000008de00000| Untracked 
| 191|0x000000008df00000, 0x000000008df00000, 0x000000008e000000|  0%| F|  |TAMS 0x000000008df00000, 0x000000008df00000| Untracked 
| 192|0x000000008e000000, 0x000000008e000000, 0x000000008e100000|  0%| F|  |TAMS 0x000000008e000000, 0x000000008e000000| Untracked 
| 193|0x000000008e100000, 0x000000008e100000, 0x000000008e200000|  0%| F|  |TAMS 0x000000008e100000, 0x000000008e100000| Untracked 
| 194|0x000000008e200000, 0x000000008e200000, 0x000000008e300000|  0%| F|  |TAMS 0x000000008e200000, 0x000000008e200000| Untracked 
| 195|0x000000008e300000, 0x000000008e300000, 0x000000008e400000|  0%| F|  |TAMS 0x000000008e300000, 0x000000008e300000| Untracked 
| 196|0x000000008e400000, 0x000000008e400000, 0x000000008e500000|  0%| F|  |TAMS 0x000000008e400000, 0x000000008e400000| Untracked 
| 197|0x000000008e500000, 0x000000008e500000, 0x000000008e600000|  0%| F|  |TAMS 0x000000008e500000, 0x000000008e500000| Untracked 
| 198|0x000000008e600000, 0x000000008e600000, 0x000000008e700000|  0%| F|  |TAMS 0x000000008e600000, 0x000000008e600000| Untracked 
| 199|0x000000008e700000, 0x000000008e700000, 0x000000008e800000|  0%| F|  |TAMS 0x000000008e700000, 0x000000008e700000| Untracked 
| 200|0x000000008e800000, 0x000000008e800000, 0x000000008e900000|  0%| F|  |TAMS 0x000000008e800000, 0x000000008e800000| Untracked 
| 201|0x000000008e900000, 0x000000008e900000, 0x000000008ea00000|  0%| F|  |TAMS 0x000000008e900000, 0x000000008e900000| Untracked 
| 202|0x000000008ea00000, 0x000000008ea00000, 0x000000008eb00000|  0%| F|  |TAMS 0x000000008ea00000, 0x000000008ea00000| Untracked 
| 203|0x000000008eb00000, 0x000000008eb00000, 0x000000008ec00000|  0%| F|  |TAMS 0x000000008eb00000, 0x000000008eb00000| Untracked 
| 204|0x000000008ec00000, 0x000000008ec00000, 0x000000008ed00000|  0%| F|  |TAMS 0x000000008ec00000, 0x000000008ec00000| Untracked 
| 205|0x000000008ed00000, 0x000000008ed00000, 0x000000008ee00000|  0%| F|  |TAMS 0x000000008ed00000, 0x000000008ed00000| Untracked 
| 206|0x000000008ee00000, 0x000000008ee00000, 0x000000008ef00000|  0%| F|  |TAMS 0x000000008ee00000, 0x000000008ee00000| Untracked 
| 207|0x000000008ef00000, 0x000000008ef00000, 0x000000008f000000|  0%| F|  |TAMS 0x000000008ef00000, 0x000000008ef00000| Untracked 
| 208|0x000000008f000000, 0x000000008f000000, 0x000000008f100000|  0%| F|  |TAMS 0x000000008f000000, 0x000000008f000000| Untracked 
| 209|0x000000008f100000, 0x000000008f100000, 0x000000008f200000|  0%| F|  |TAMS 0x000000008f100000, 0x000000008f100000| Untracked 
| 210|0x000000008f200000, 0x000000008f200000, 0x000000008f300000|  0%| F|  |TAMS 0x000000008f200000, 0x000000008f200000| Untracked 
| 211|0x000000008f300000, 0x000000008f300000, 0x000000008f400000|  0%| F|  |TAMS 0x000000008f300000, 0x000000008f300000| Untracked 
| 212|0x000000008f400000, 0x000000008f400000, 0x000000008f500000|  0%| F|  |TAMS 0x000000008f400000, 0x000000008f400000| Untracked 
| 213|0x000000008f500000, 0x000000008f500000, 0x000000008f600000|  0%| F|  |TAMS 0x000000008f500000, 0x000000008f500000| Untracked 
| 214|0x000000008f600000, 0x000000008f600000, 0x000000008f700000|  0%| F|  |TAMS 0x000000008f600000, 0x000000008f600000| Untracked 
| 215|0x000000008f700000, 0x000000008f700000, 0x000000008f800000|  0%| F|  |TAMS 0x000000008f700000, 0x000000008f700000| Untracked 
| 216|0x000000008f800000, 0x000000008f800000, 0x000000008f900000|  0%| F|  |TAMS 0x000000008f800000, 0x000000008f800000| Untracked 
| 217|0x000000008f900000, 0x000000008f900000, 0x000000008fa00000|  0%| F|  |TAMS 0x000000008f900000, 0x000000008f900000| Untracked 
| 218|0x000000008fa00000, 0x000000008fa00000, 0x000000008fb00000|  0%| F|  |TAMS 0x000000008fa00000, 0x000000008fa00000| Untracked 
| 219|0x000000008fb00000, 0x000000008fbd6d60, 0x000000008fc00000| 83%| S|CS|TAMS 0x000000008fb00000, 0x000000008fb00000| Complete 
| 220|0x000000008fc00000, 0x000000008fd00000, 0x000000008fd00000|100%| S|CS|TAMS 0x000000008fc00000, 0x000000008fc00000| Complete 
| 221|0x000000008fd00000, 0x000000008fe00000, 0x000000008fe00000|100%| S|CS|TAMS 0x000000008fd00000, 0x000000008fd00000| Complete 
| 222|0x000000008fe00000, 0x000000008ff00000, 0x000000008ff00000|100%| S|CS|TAMS 0x000000008fe00000, 0x000000008fe00000| Complete 
| 223|0x000000008ff00000, 0x0000000090000000, 0x0000000090000000|100%| S|CS|TAMS 0x000000008ff00000, 0x000000008ff00000| Complete 
| 224|0x0000000090000000, 0x0000000090100000, 0x0000000090100000|100%| S|CS|TAMS 0x0000000090000000, 0x0000000090000000| Complete 
| 225|0x0000000090100000, 0x0000000090200000, 0x0000000090200000|100%| S|CS|TAMS 0x0000000090100000, 0x0000000090100000| Complete 
| 226|0x0000000090200000, 0x0000000090300000, 0x0000000090300000|100%| S|CS|TAMS 0x0000000090200000, 0x0000000090200000| Complete 
| 227|0x0000000090300000, 0x0000000090400000, 0x0000000090400000|100%| S|CS|TAMS 0x0000000090300000, 0x0000000090300000| Complete 
| 228|0x0000000090400000, 0x0000000090500000, 0x0000000090500000|100%| S|CS|TAMS 0x0000000090400000, 0x0000000090400000| Complete 
| 229|0x0000000090500000, 0x0000000090600000, 0x0000000090600000|100%| S|CS|TAMS 0x0000000090500000, 0x0000000090500000| Complete 
| 230|0x0000000090600000, 0x0000000090600000, 0x0000000090700000|  0%| F|  |TAMS 0x0000000090600000, 0x0000000090600000| Untracked 
| 231|0x0000000090700000, 0x0000000090700000, 0x0000000090800000|  0%| F|  |TAMS 0x0000000090700000, 0x0000000090700000| Untracked 
| 232|0x0000000090800000, 0x0000000090800000, 0x0000000090900000|  0%| F|  |TAMS 0x0000000090800000, 0x0000000090800000| Untracked 
| 233|0x0000000090900000, 0x0000000090900000, 0x0000000090a00000|  0%| F|  |TAMS 0x0000000090900000, 0x0000000090900000| Untracked 
| 234|0x0000000090a00000, 0x0000000090a00000, 0x0000000090b00000|  0%| F|  |TAMS 0x0000000090a00000, 0x0000000090a00000| Untracked 
| 235|0x0000000090b00000, 0x0000000090b00000, 0x0000000090c00000|  0%| F|  |TAMS 0x0000000090b00000, 0x0000000090b00000| Untracked 
| 236|0x0000000090c00000, 0x0000000090c00000, 0x0000000090d00000|  0%| F|  |TAMS 0x0000000090c00000, 0x0000000090c00000| Untracked 
| 237|0x0000000090d00000, 0x0000000090d00000, 0x0000000090e00000|  0%| F|  |TAMS 0x0000000090d00000, 0x0000000090d00000| Untracked 
| 238|0x0000000090e00000, 0x0000000090e00000, 0x0000000090f00000|  0%| F|  |TAMS 0x0000000090e00000, 0x0000000090e00000| Untracked 
| 239|0x0000000090f00000, 0x0000000090f00000, 0x0000000091000000|  0%| F|  |TAMS 0x0000000090f00000, 0x0000000090f00000| Untracked 
| 240|0x0000000091000000, 0x0000000091000000, 0x0000000091100000|  0%| F|  |TAMS 0x0000000091000000, 0x0000000091000000| Untracked 
| 241|0x0000000091100000, 0x0000000091100000, 0x0000000091200000|  0%| F|  |TAMS 0x0000000091100000, 0x0000000091100000| Untracked 
| 242|0x0000000091200000, 0x0000000091200000, 0x0000000091300000|  0%| F|  |TAMS 0x0000000091200000, 0x0000000091200000| Untracked 
| 243|0x0000000091300000, 0x0000000091300000, 0x0000000091400000|  0%| F|  |TAMS 0x0000000091300000, 0x0000000091300000| Untracked 
| 244|0x0000000091400000, 0x0000000091400000, 0x0000000091500000|  0%| F|  |TAMS 0x0000000091400000, 0x0000000091400000| Untracked 
| 245|0x0000000091500000, 0x0000000091500000, 0x0000000091600000|  0%| F|  |TAMS 0x0000000091500000, 0x0000000091500000| Untracked 
| 246|0x0000000091600000, 0x0000000091600000, 0x0000000091700000|  0%| F|  |TAMS 0x0000000091600000, 0x0000000091600000| Untracked 
| 247|0x0000000091700000, 0x0000000091700000, 0x0000000091800000|  0%| F|  |TAMS 0x0000000091700000, 0x0000000091700000| Untracked 
| 248|0x0000000091800000, 0x0000000091800000, 0x0000000091900000|  0%| F|  |TAMS 0x0000000091800000, 0x0000000091800000| Untracked 
| 249|0x0000000091900000, 0x0000000091900000, 0x0000000091a00000|  0%| F|  |TAMS 0x0000000091900000, 0x0000000091900000| Untracked 
| 250|0x0000000091a00000, 0x0000000091a00000, 0x0000000091b00000|  0%| F|  |TAMS 0x0000000091a00000, 0x0000000091a00000| Untracked 
| 251|0x0000000091b00000, 0x0000000091b00000, 0x0000000091c00000|  0%| F|  |TAMS 0x0000000091b00000, 0x0000000091b00000| Untracked 
| 252|0x0000000091c00000, 0x0000000091c00000, 0x0000000091d00000|  0%| F|  |TAMS 0x0000000091c00000, 0x0000000091c00000| Untracked 
| 253|0x0000000091d00000, 0x0000000091d00000, 0x0000000091e00000|  0%| F|  |TAMS 0x0000000091d00000, 0x0000000091d00000| Untracked 
| 254|0x0000000091e00000, 0x0000000091e00000, 0x0000000091f00000|  0%| F|  |TAMS 0x0000000091e00000, 0x0000000091e00000| Untracked 
| 255|0x0000000091f00000, 0x0000000091f00000, 0x0000000092000000|  0%| F|  |TAMS 0x0000000091f00000, 0x0000000091f00000| Untracked 
| 256|0x0000000092000000, 0x0000000092000000, 0x0000000092100000|  0%| F|  |TAMS 0x0000000092000000, 0x0000000092000000| Untracked 
| 257|0x0000000092100000, 0x0000000092100000, 0x0000000092200000|  0%| F|  |TAMS 0x0000000092100000, 0x0000000092100000| Untracked 
| 258|0x0000000092200000, 0x0000000092200000, 0x0000000092300000|  0%| F|  |TAMS 0x0000000092200000, 0x0000000092200000| Untracked 
| 259|0x0000000092300000, 0x0000000092300000, 0x0000000092400000|  0%| F|  |TAMS 0x0000000092300000, 0x0000000092300000| Untracked 
| 260|0x0000000092400000, 0x0000000092400000, 0x0000000092500000|  0%| F|  |TAMS 0x0000000092400000, 0x0000000092400000| Untracked 
| 261|0x0000000092500000, 0x0000000092500000, 0x0000000092600000|  0%| F|  |TAMS 0x0000000092500000, 0x0000000092500000| Untracked 
| 262|0x0000000092600000, 0x0000000092600000, 0x0000000092700000|  0%| F|  |TAMS 0x0000000092600000, 0x0000000092600000| Untracked 
| 263|0x0000000092700000, 0x0000000092700000, 0x0000000092800000|  0%| F|  |TAMS 0x0000000092700000, 0x0000000092700000| Untracked 
| 264|0x0000000092800000, 0x0000000092800000, 0x0000000092900000|  0%| F|  |TAMS 0x0000000092800000, 0x0000000092800000| Untracked 
| 265|0x0000000092900000, 0x0000000092900000, 0x0000000092a00000|  0%| F|  |TAMS 0x0000000092900000, 0x0000000092900000| Untracked 
| 266|0x0000000092a00000, 0x0000000092a00000, 0x0000000092b00000|  0%| F|  |TAMS 0x0000000092a00000, 0x0000000092a00000| Untracked 
| 267|0x0000000092b00000, 0x0000000092b00000, 0x0000000092c00000|  0%| F|  |TAMS 0x0000000092b00000, 0x0000000092b00000| Untracked 
| 268|0x0000000092c00000, 0x0000000092c00000, 0x0000000092d00000|  0%| F|  |TAMS 0x0000000092c00000, 0x0000000092c00000| Untracked 
| 269|0x0000000092d00000, 0x0000000092d00000, 0x0000000092e00000|  0%| F|  |TAMS 0x0000000092d00000, 0x0000000092d00000| Untracked 
| 270|0x0000000092e00000, 0x0000000092e00000, 0x0000000092f00000|  0%| F|  |TAMS 0x0000000092e00000, 0x0000000092e00000| Untracked 
| 271|0x0000000092f00000, 0x0000000092f00000, 0x0000000093000000|  0%| F|  |TAMS 0x0000000092f00000, 0x0000000092f00000| Untracked 
| 272|0x0000000093000000, 0x0000000093000000, 0x0000000093100000|  0%| F|  |TAMS 0x0000000093000000, 0x0000000093000000| Untracked 
| 273|0x0000000093100000, 0x0000000093100000, 0x0000000093200000|  0%| F|  |TAMS 0x0000000093100000, 0x0000000093100000| Untracked 
| 274|0x0000000093200000, 0x0000000093200000, 0x0000000093300000|  0%| F|  |TAMS 0x0000000093200000, 0x0000000093200000| Untracked 
| 275|0x0000000093300000, 0x0000000093300000, 0x0000000093400000|  0%| F|  |TAMS 0x0000000093300000, 0x0000000093300000| Untracked 
| 276|0x0000000093400000, 0x0000000093400000, 0x0000000093500000|  0%| F|  |TAMS 0x0000000093400000, 0x0000000093400000| Untracked 
| 277|0x0000000093500000, 0x0000000093500000, 0x0000000093600000|  0%| F|  |TAMS 0x0000000093500000, 0x0000000093500000| Untracked 
| 278|0x0000000093600000, 0x0000000093600000, 0x0000000093700000|  0%| F|  |TAMS 0x0000000093600000, 0x0000000093600000| Untracked 
| 279|0x0000000093700000, 0x0000000093700000, 0x0000000093800000|  0%| F|  |TAMS 0x0000000093700000, 0x0000000093700000| Untracked 
| 280|0x0000000093800000, 0x0000000093800000, 0x0000000093900000|  0%| F|  |TAMS 0x0000000093800000, 0x0000000093800000| Untracked 
| 281|0x0000000093900000, 0x0000000093900000, 0x0000000093a00000|  0%| F|  |TAMS 0x0000000093900000, 0x0000000093900000| Untracked 
| 282|0x0000000093a00000, 0x0000000093a00000, 0x0000000093b00000|  0%| F|  |TAMS 0x0000000093a00000, 0x0000000093a00000| Untracked 
| 283|0x0000000093b00000, 0x0000000093b00000, 0x0000000093c00000|  0%| F|  |TAMS 0x0000000093b00000, 0x0000000093b00000| Untracked 
| 284|0x0000000093c00000, 0x0000000093c00000, 0x0000000093d00000|  0%| F|  |TAMS 0x0000000093c00000, 0x0000000093c00000| Untracked 
| 285|0x0000000093d00000, 0x0000000093d00000, 0x0000000093e00000|  0%| F|  |TAMS 0x0000000093d00000, 0x0000000093d00000| Untracked 
| 286|0x0000000093e00000, 0x0000000093e00000, 0x0000000093f00000|  0%| F|  |TAMS 0x0000000093e00000, 0x0000000093e00000| Untracked 
| 287|0x0000000093f00000, 0x0000000093f00000, 0x0000000094000000|  0%| F|  |TAMS 0x0000000093f00000, 0x0000000093f00000| Untracked 
| 288|0x0000000094000000, 0x0000000094000000, 0x0000000094100000|  0%| F|  |TAMS 0x0000000094000000, 0x0000000094000000| Untracked 
| 289|0x0000000094100000, 0x0000000094100000, 0x0000000094200000|  0%| F|  |TAMS 0x0000000094100000, 0x0000000094100000| Untracked 
| 290|0x0000000094200000, 0x0000000094200000, 0x0000000094300000|  0%| F|  |TAMS 0x0000000094200000, 0x0000000094200000| Untracked 
| 291|0x0000000094300000, 0x0000000094300000, 0x0000000094400000|  0%| F|  |TAMS 0x0000000094300000, 0x0000000094300000| Untracked 
| 292|0x0000000094400000, 0x0000000094400000, 0x0000000094500000|  0%| F|  |TAMS 0x0000000094400000, 0x0000000094400000| Untracked 
| 293|0x0000000094500000, 0x0000000094500000, 0x0000000094600000|  0%| F|  |TAMS 0x0000000094500000, 0x0000000094500000| Untracked 
| 294|0x0000000094600000, 0x0000000094600000, 0x0000000094700000|  0%| F|  |TAMS 0x0000000094600000, 0x0000000094600000| Untracked 
| 295|0x0000000094700000, 0x0000000094700000, 0x0000000094800000|  0%| F|  |TAMS 0x0000000094700000, 0x0000000094700000| Untracked 
| 296|0x0000000094800000, 0x0000000094800000, 0x0000000094900000|  0%| F|  |TAMS 0x0000000094800000, 0x0000000094800000| Untracked 
| 297|0x0000000094900000, 0x0000000094900000, 0x0000000094a00000|  0%| F|  |TAMS 0x0000000094900000, 0x0000000094900000| Untracked 
| 298|0x0000000094a00000, 0x0000000094a00000, 0x0000000094b00000|  0%| F|  |TAMS 0x0000000094a00000, 0x0000000094a00000| Untracked 
| 299|0x0000000094b00000, 0x0000000094b00000, 0x0000000094c00000|  0%| F|  |TAMS 0x0000000094b00000, 0x0000000094b00000| Untracked 
| 300|0x0000000094c00000, 0x0000000094c00000, 0x0000000094d00000|  0%| F|  |TAMS 0x0000000094c00000, 0x0000000094c00000| Untracked 
| 301|0x0000000094d00000, 0x0000000094d00000, 0x0000000094e00000|  0%| F|  |TAMS 0x0000000094d00000, 0x0000000094d00000| Untracked 
| 302|0x0000000094e00000, 0x0000000094e00000, 0x0000000094f00000|  0%| F|  |TAMS 0x0000000094e00000, 0x0000000094e00000| Untracked 
| 303|0x0000000094f00000, 0x0000000094f00000, 0x0000000095000000|  0%| F|  |TAMS 0x0000000094f00000, 0x0000000094f00000| Untracked 
| 304|0x0000000095000000, 0x0000000095000000, 0x0000000095100000|  0%| F|  |TAMS 0x0000000095000000, 0x0000000095000000| Untracked 
| 305|0x0000000095100000, 0x0000000095100000, 0x0000000095200000|  0%| F|  |TAMS 0x0000000095100000, 0x0000000095100000| Untracked 
| 306|0x0000000095200000, 0x0000000095200000, 0x0000000095300000|  0%| F|  |TAMS 0x0000000095200000, 0x0000000095200000| Untracked 
| 307|0x0000000095300000, 0x0000000095300000, 0x0000000095400000|  0%| F|  |TAMS 0x0000000095300000, 0x0000000095300000| Untracked 
| 308|0x0000000095400000, 0x0000000095400000, 0x0000000095500000|  0%| F|  |TAMS 0x0000000095400000, 0x0000000095400000| Untracked 
| 309|0x0000000095500000, 0x0000000095500000, 0x0000000095600000|  0%| F|  |TAMS 0x0000000095500000, 0x0000000095500000| Untracked 
| 310|0x0000000095600000, 0x0000000095600000, 0x0000000095700000|  0%| F|  |TAMS 0x0000000095600000, 0x0000000095600000| Untracked 
| 311|0x0000000095700000, 0x0000000095700000, 0x0000000095800000|  0%| F|  |TAMS 0x0000000095700000, 0x0000000095700000| Untracked 
| 312|0x0000000095800000, 0x0000000095800000, 0x0000000095900000|  0%| F|  |TAMS 0x0000000095800000, 0x0000000095800000| Untracked 
| 313|0x0000000095900000, 0x0000000095900000, 0x0000000095a00000|  0%| F|  |TAMS 0x0000000095900000, 0x0000000095900000| Untracked 
| 314|0x0000000095a00000, 0x0000000095a00000, 0x0000000095b00000|  0%| F|  |TAMS 0x0000000095a00000, 0x0000000095a00000| Untracked 
| 315|0x0000000095b00000, 0x0000000095b00000, 0x0000000095c00000|  0%| F|  |TAMS 0x0000000095b00000, 0x0000000095b00000| Untracked 
| 316|0x0000000095c00000, 0x0000000095c00000, 0x0000000095d00000|  0%| F|  |TAMS 0x0000000095c00000, 0x0000000095c00000| Untracked 
| 317|0x0000000095d00000, 0x0000000095d00000, 0x0000000095e00000|  0%| F|  |TAMS 0x0000000095d00000, 0x0000000095d00000| Untracked 
| 318|0x0000000095e00000, 0x0000000095e00000, 0x0000000095f00000|  0%| F|  |TAMS 0x0000000095e00000, 0x0000000095e00000| Untracked 
| 319|0x0000000095f00000, 0x0000000095f00000, 0x0000000096000000|  0%| F|  |TAMS 0x0000000095f00000, 0x0000000095f00000| Untracked 

Card table byte_map: [0x00000216803f0000,0x00000216807e0000] _byte_map_base: 0x000002167ffe0000

Marking Bits (Prev, Next): (CMBitMap*) 0x00000216e9769180, (CMBitMap*) 0x00000216e9769140
 Prev Bits: [0x0000021682b50000, 0x0000021684ad0000)
 Next Bits: [0x0000021680bd0000, 0x0000021682b50000)

Polling page: 0x00000216e76d0000

Metaspace:

Usage:
  Non-class:     48.70 MB used.
      Class:      7.67 MB used.
       Both:     56.37 MB used.

Virtual space:
  Non-class space:       56.00 MB reserved,      49.25 MB ( 88%) committed,  7 nodes.
      Class space:        1.00 GB reserved,       8.12 MB ( <1%) committed,  1 nodes.
             Both:        1.05 GB reserved,      57.38 MB (  5%) committed. 

Chunk freelists:
   Non-Class:  2.55 MB
       Class:  3.77 MB
        Both:  6.31 MB

MaxMetaspaceSize: unlimited
CompressedClassSpaceSize: 1.00 GB
Initial GC threshold: 21.00 MB
Current GC threshold: 70.94 MB
CDS: on
MetaspaceReclaimPolicy: balanced
 - commit_granule_bytes: 65536.
 - commit_granule_words: 8192.
 - virtual_space_node_default_size: 1048576.
 - enlarge_chunks_in_place: 1.
 - new_chunks_are_fully_committed: 0.
 - uncommit_free_chunks: 1.
 - use_allocation_guard: 0.
 - handle_deallocations: 1.


Internal statistics:

num_allocs_failed_limit: 6.
num_arena_births: 1490.
num_arena_deaths: 0.
num_vsnodes_births: 8.
num_vsnodes_deaths: 0.
num_space_committed: 916.
num_space_uncommitted: 0.
num_chunks_returned_to_freelist: 6.
num_chunks_taken_from_freelist: 3772.
num_chunk_merges: 3.
num_chunk_splits: 2463.
num_chunks_enlarged: 1648.
num_purges: 0.
num_inconsistent_stats: 0.

CodeHeap 'non-profiled nmethods': size=120000Kb used=5566Kb max_used=5584Kb free=114433Kb
 bounds [0x00000216f8a40000, 0x00000216f8fc0000, 0x00000216fff70000]
CodeHeap 'profiled nmethods': size=120000Kb used=12013Kb max_used=13556Kb free=107986Kb
 bounds [0x00000216f1510000, 0x00000216f2250000, 0x00000216f8a40000]
CodeHeap 'non-nmethods': size=5760Kb used=1485Kb max_used=1524Kb free=4275Kb
 bounds [0x00000216f0f70000, 0x00000216f11e0000, 0x00000216f1510000]
 total_blobs=7902 nmethods=7036 adapters=778
 compilation: enabled
              stopped_count=0, restarted_count=0
 full_count=0

Compilation events (20 events):
Event: 15.038 Thread 0x0000021686f77620 9229       3       com.mojang.datafixers.functions.PointFreeRule$LensComp::cap (14 bytes)
Event: 15.038 Thread 0x0000021686f77620 nmethod 9229 0x00000216f1d11510 code [0x00000216f1d116a0, 0x00000216f1d117e8]
Event: 15.038 Thread 0x0000021686f77620 9230       3       com.mojang.datafixers.functions.PointFreeRule$LensComp::cap2 (40 bytes)
Event: 15.038 Thread 0x0000021686f74030 9232       4       com.mojang.datafixers.DSL::func (10 bytes)
Event: 15.038 Thread 0x0000021686f77620 nmethod 9230 0x00000216f1ee1590 code [0x00000216f1ee17c0, 0x00000216f1ee1f88]
Event: 15.038 Thread 0x0000021686f77620 9231       3       com.mojang.datafixers.functions.PointFreeRule$CompRewrite$$Lambda$2323/0x000000080136c240::apply (12 bytes)
Event: 15.038 Thread 0x0000021686f77620 nmethod 9231 0x00000216f2050a10 code [0x00000216f2050be0, 0x00000216f20510f8]
Event: 15.038 Thread 0x0000021686f74030 nmethod 9232 0x00000216f8e55210 code [0x00000216f8e55380, 0x00000216f8e55458]
Event: 15.039 Thread 0x0000021686f74030 9233       4       com.mojang.datafixers.functions.PointFreeRule$LensComp::doRewrite (135 bytes)
Event: 15.039 Thread 0x0000021686f77620 9234       3       com.mojang.datafixers.functions.Apply$$Lambda$2344/0x00000008013788c0::apply (12 bytes)
Event: 15.039 Thread 0x0000021686f77620 nmethod 9234 0x00000216f1e5e810 code [0x00000216f1e5e9c0, 0x00000216f1e5ec68]
Event: 15.041 Thread 0x0000021686f74030 nmethod 9233 0x00000216f8e54890 code [0x00000216f8e54a60, 0x00000216f8e54de8]
Event: 15.041 Thread 0x0000021686f77620 9235       3       com.mojang.datafixers.functions.PointFreeRule$SortProj::doRewrite (190 bytes)
Event: 15.042 Thread 0x0000021686f77620 nmethod 9235 0x00000216f1e2d010 code [0x00000216f1e2d360, 0x00000216f1e2f398]
Event: 15.042 Thread 0x0000021686f77620 9236       3       com.mojang.datafixers.types.families.RecursiveTypeFamily::fold (8 bytes)
Event: 15.043 Thread 0x0000021686f77620 nmethod 9236 0x00000216f1edf490 code [0x00000216f1edf680, 0x00000216f1edfc48]
Event: 15.044 Thread 0x0000021686f77620 9237       3       com.mojang.datafixers.types.families.RecursiveTypeFamily$$Lambda$2351/0x00000008013798a0::<init> (15 bytes)
Event: 15.045 Thread 0x0000021686f77620 nmethod 9237 0x00000216f1ead810 code [0x00000216f1ead9c0, 0x00000216f1eadbd8]
Event: 15.045 Thread 0x0000021686f77620 9238       3       com.mojang.datafixers.functions.PointFreeRule$CompAssocRight::swap (40 bytes)
Event: 15.045 Thread 0x0000021686f77620 nmethod 9238 0x00000216f1f69390 code [0x00000216f1f695a0, 0x00000216f1f69e18]

GC Heap History (20 events):
Event: 11.366 GC heap after
{Heap after GC invocations=27 (full 0):
 garbage-first heap   total 188416K, used 88014K [0x0000000082000000, 0x0000000100000000)
  region size 1024K, 11 young (11264K), 11 survivors (11264K)
 Metaspace       used 41721K, committed 42624K, reserved 1089536K
  class space    used 5310K, committed 5696K, reserved 1048576K
}
Event: 11.723 GC heap before
{Heap before GC invocations=27 (full 0):
 garbage-first heap   total 188416K, used 157646K [0x0000000082000000, 0x0000000100000000)
  region size 1024K, 79 young (80896K), 11 survivors (11264K)
 Metaspace       used 42483K, committed 43456K, reserved 1089536K
  class space    used 5401K, committed 5824K, reserved 1048576K
}
Event: 11.739 GC heap after
{Heap after GC invocations=28 (full 0):
 garbage-first heap   total 188416K, used 96598K [0x0000000082000000, 0x0000000100000000)
  region size 1024K, 8 young (8192K), 8 survivors (8192K)
 Metaspace       used 42483K, committed 43456K, reserved 1089536K
  class space    used 5401K, committed 5824K, reserved 1048576K
}
Event: 11.879 GC heap before
{Heap before GC invocations=28 (full 0):
 garbage-first heap   total 188416K, used 155990K [0x0000000082000000, 0x0000000100000000)
  region size 1024K, 66 young (67584K), 8 survivors (8192K)
 Metaspace       used 42614K, committed 43520K, reserved 1089536K
  class space    used 5423K, committed 5824K, reserved 1048576K
}
Event: 11.890 GC heap after
{Heap after GC invocations=29 (full 0):
 garbage-first heap   total 188416K, used 103268K [0x0000000082000000, 0x0000000100000000)
  region size 1024K, 7 young (7168K), 7 survivors (7168K)
 Metaspace       used 42614K, committed 43520K, reserved 1089536K
  class space    used 5423K, committed 5824K, reserved 1048576K
}
Event: 12.135 GC heap before
{Heap before GC invocations=30 (full 0):
 garbage-first heap   total 229376K, used 155492K [0x0000000082000000, 0x0000000100000000)
  region size 1024K, 58 young (59392K), 7 survivors (7168K)
 Metaspace       used 42976K, committed 43904K, reserved 1089536K
  class space    used 5462K, committed 5888K, reserved 1048576K
}
Event: 12.145 GC heap after
{Heap after GC invocations=31 (full 0):
 garbage-first heap   total 229376K, used 107846K [0x0000000082000000, 0x0000000100000000)
  region size 1024K, 5 young (5120K), 5 survivors (5120K)
 Metaspace       used 42976K, committed 43904K, reserved 1089536K
  class space    used 5462K, committed 5888K, reserved 1048576K
}
Event: 12.161 GC heap before
{Heap before GC invocations=31 (full 0):
 garbage-first heap   total 229376K, used 113990K [0x0000000082000000, 0x0000000100000000)
  region size 1024K, 11 young (11264K), 5 survivors (5120K)
 Metaspace       used 42976K, committed 43904K, reserved 1089536K
  class space    used 5462K, committed 5888K, reserved 1048576K
}
Event: 12.165 GC heap after
{Heap after GC invocations=32 (full 0):
 garbage-first heap   total 327680K, used 108859K [0x0000000082000000, 0x0000000100000000)
  region size 1024K, 1 young (1024K), 1 survivors (1024K)
 Metaspace       used 42976K, committed 43904K, reserved 1089536K
  class space    used 5462K, committed 5888K, reserved 1048576K
}
Event: 13.209 GC heap before
{Heap before GC invocations=32 (full 0):
 garbage-first heap   total 327680K, used 263483K [0x0000000082000000, 0x0000000100000000)
  region size 1024K, 150 young (153600K), 1 survivors (1024K)
 Metaspace       used 48805K, committed 49792K, reserved 1097728K
  class space    used 6260K, committed 6720K, reserved 1048576K
}
Event: 13.225 GC heap after
{Heap after GC invocations=33 (full 0):
 garbage-first heap   total 327680K, used 132646K [0x0000000082000000, 0x0000000100000000)
  region size 1024K, 19 young (19456K), 19 survivors (19456K)
 Metaspace       used 48805K, committed 49792K, reserved 1097728K
  class space    used 6260K, committed 6720K, reserved 1048576K
}
Event: 14.090 GC heap before
{Heap before GC invocations=33 (full 0):
 garbage-first heap   total 327680K, used 251430K [0x0000000082000000, 0x0000000100000000)
  region size 1024K, 135 young (138240K), 19 survivors (19456K)
 Metaspace       used 54995K, committed 56000K, reserved 1097728K
  class space    used 7443K, committed 7936K, reserved 1048576K
}
Event: 14.111 GC heap after
{Heap after GC invocations=34 (full 0):
 garbage-first heap   total 327680K, used 142840K [0x0000000082000000, 0x0000000100000000)
  region size 1024K, 10 young (10240K), 10 survivors (10240K)
 Metaspace       used 54995K, committed 56000K, reserved 1097728K
  class space    used 7443K, committed 7936K, reserved 1048576K
}
Event: 14.458 GC heap before
{Heap before GC invocations=34 (full 0):
 garbage-first heap   total 327680K, used 257528K [0x0000000082000000, 0x0000000100000000)
  region size 1024K, 123 young (125952K), 10 survivors (10240K)
 Metaspace       used 56355K, committed 57344K, reserved 1105920K
  class space    used 7656K, committed 8128K, reserved 1048576K
}
Event: 14.484 GC heap after
{Heap after GC invocations=35 (full 0):
 garbage-first heap   total 327680K, used 156160K [0x0000000082000000, 0x0000000100000000)
  region size 1024K, 16 young (16384K), 16 survivors (16384K)
 Metaspace       used 56355K, committed 57344K, reserved 1105920K
  class space    used 7656K, committed 8128K, reserved 1048576K
}
Event: 14.681 GC heap before
{Heap before GC invocations=35 (full 0):
 garbage-first heap   total 327680K, used 261632K [0x0000000082000000, 0x0000000100000000)
  region size 1024K, 118 young (120832K), 16 survivors (16384K)
 Metaspace       used 57073K, committed 58112K, reserved 1105920K
  class space    used 7760K, committed 8256K, reserved 1048576K
}
Event: 14.709 GC heap after
{Heap after GC invocations=36 (full 0):
 garbage-first heap   total 327680K, used 172857K [0x0000000082000000, 0x0000000100000000)
  region size 1024K, 15 young (15360K), 15 survivors (15360K)
 Metaspace       used 57073K, committed 58112K, reserved 1105920K
  class space    used 7760K, committed 8256K, reserved 1048576K
}
Event: 14.782 GC heap before
{Heap before GC invocations=36 (full 0):
 garbage-first heap   total 327680K, used 223033K [0x0000000082000000, 0x0000000100000000)
  region size 1024K, 65 young (66560K), 15 survivors (15360K)
 Metaspace       used 57282K, committed 58304K, reserved 1105920K
  class space    used 7786K, committed 8256K, reserved 1048576K
}
Event: 14.801 GC heap after
{Heap after GC invocations=37 (full 0):
 garbage-first heap   total 327680K, used 180224K [0x0000000082000000, 0x0000000100000000)
  region size 1024K, 8 young (8192K), 8 survivors (8192K)
 Metaspace       used 57282K, committed 58304K, reserved 1105920K
  class space    used 7786K, committed 8256K, reserved 1048576K
}
Event: 15.048 GC heap before
{Heap before GC invocations=37 (full 0):
 garbage-first heap   total 327680K, used 265216K [0x0000000082000000, 0x0000000100000000)
  region size 1024K, 90 young (92160K), 8 survivors (8192K)
 Metaspace       used 57725K, committed 58752K, reserved 1105920K
  class space    used 7853K, committed 8320K, reserved 1048576K
}

Deoptimization events (20 events):
Event: 14.730 Thread 0x000002168c3affe0 DEOPT PACKING pc=0x00000216f8c4d884 sp=0x000000776f5fa8e0
Event: 14.730 Thread 0x000002168c3affe0 DEOPT UNPACKING pc=0x00000216f0fc23a3 sp=0x000000776f5fa878 mode 2
Event: 14.808 Thread 0x000002168c3b6020 DEOPT PACKING pc=0x00000216f2017ab3 sp=0x000000776f6f9900
Event: 14.808 Thread 0x000002168c3b6020 DEOPT UNPACKING pc=0x00000216f0fc2b43 sp=0x000000776f6f8e10 mode 0
Event: 14.908 Thread 0x000002168c3affe0 Uncommon trap: trap_request=0xffffff45 fr.pc=0x00000216f8bea414 relative=0x0000000000000bb4
Event: 14.908 Thread 0x000002168c3affe0 Uncommon trap: reason=unstable_if action=reinterpret pc=0x00000216f8bea414 method=java.util.concurrent.ConcurrentHashMap.replaceNode(Ljava/lang/Object;Ljava/lang/Object;Ljava/lang/Object;)Ljava/lang/Object; @ 99 c2
Event: 14.908 Thread 0x000002168c3affe0 DEOPT PACKING pc=0x00000216f8bea414 sp=0x000000776f5fc520
Event: 14.908 Thread 0x000002168c3affe0 DEOPT UNPACKING pc=0x00000216f0fc23a3 sp=0x000000776f5fc4b8 mode 2
Event: 14.954 Thread 0x000002168c3b6020 Uncommon trap: trap_request=0xffffff45 fr.pc=0x00000216f8f9b3a8 relative=0x0000000000000088
Event: 14.954 Thread 0x000002168c3b6020 Uncommon trap: reason=unstable_if action=reinterpret pc=0x00000216f8f9b3a8 method=com.mojang.datafixers.types.templates.CompoundList.equals(Ljava/lang/Object;)Z @ 21 c2
Event: 14.954 Thread 0x000002168c3b6020 DEOPT PACKING pc=0x00000216f8f9b3a8 sp=0x000000776f6fd5b0
Event: 14.954 Thread 0x000002168c3b6020 DEOPT UNPACKING pc=0x00000216f0fc23a3 sp=0x000000776f6fd540 mode 2
Event: 14.990 Thread 0x000002168c3b6020 Uncommon trap: trap_request=0xffffff45 fr.pc=0x00000216f8e24338 relative=0x0000000000000098
Event: 14.990 Thread 0x000002168c3b6020 Uncommon trap: reason=unstable_if action=reinterpret pc=0x00000216f8e24338 method=com.mojang.datafixers.optics.Optic$CompositionOptic.equals(Ljava/lang/Object;)Z @ 40 c2
Event: 14.990 Thread 0x000002168c3b6020 DEOPT PACKING pc=0x00000216f8e24338 sp=0x000000776f6fea60
Event: 14.990 Thread 0x000002168c3b6020 DEOPT UNPACKING pc=0x00000216f0fc23a3 sp=0x000000776f6fe9f8 mode 2
Event: 14.990 Thread 0x000002168c3b6020 Uncommon trap: trap_request=0xffffff45 fr.pc=0x00000216f8e2d380 relative=0x0000000000000140
Event: 14.990 Thread 0x000002168c3b6020 Uncommon trap: reason=unstable_if action=reinterpret pc=0x00000216f8e2d380 method=com.mojang.datafixers.functions.PointFreeRule$LensComp.doRewrite(Lcom/mojang/datafixers/types/Type;Lcom/mojang/datafixers/types/Type;Lcom/mojang/datafixers/functions/PointFr
Event: 14.990 Thread 0x000002168c3b6020 DEOPT PACKING pc=0x00000216f8e2d380 sp=0x000000776f6feaa0
Event: 14.990 Thread 0x000002168c3b6020 DEOPT UNPACKING pc=0x00000216f0fc23a3 sp=0x000000776f6fe9f8 mode 2

Classes unloaded (0 events):
No events

Classes redefined (0 events):
No events

Internal exceptions (20 events):
Event: 12.516 Thread 0x000002168c3b0e50 Exception <a 'java/lang/NoSuchMethodError'{0x000000009177cda8}: 'void java.lang.invoke.DirectMethodHandle$Holder.invokeSpecial(java.lang.Object, java.lang.Object, java.lang.Object, java.lang.Object, java.lang.Object, java.lang.Object, java.lang.Object)'> (0x000000009177cda8) 
thrown [t:\workspace\open\src\hotspot\share\interpreter\linkResolver.cpp, line 766]
Event: 13.096 Thread 0x000002168c3b0e50 Exception <a 'java/lang/NoSuchMethodError'{0x000000008cf2c978}: 'java.lang.Object java.lang.invoke.DirectMethodHandle$Holder.newInvokeSpecial(java.lang.Object, int, int, int)'> (0x000000008cf2c978) 
thrown [t:\workspace\open\src\hotspot\share\interpreter\linkResolver.cpp, line 766]
Event: 13.257 Thread 0x000002168c3b0e50 Exception <a 'java/lang/NoSuchMethodError'{0x0000000095ff0c78}: 'java.lang.Object java.lang.invoke.DirectMethodHandle$Holder.invokeSpecial(java.lang.Object, java.lang.Object, java.lang.Object, java.lang.Object, java.lang.Object, java.lang.Object, int)'> (0x0000000095ff0c78) 
thrown [t:\workspace\open\src\hotspot\share\interpreter\linkResolver.cpp, line 766]
Event: 13.259 Thread 0x000002168c3b0e50 Exception <a 'java/lang/NoSuchMethodError'{0x0000000095ff4558}: 'java.lang.Object java.lang.invoke.Invokers$Holder.linkToTargetMethod(java.lang.Object, java.lang.Object, java.lang.Object, java.lang.Object, int, java.lang.Object)'> (0x0000000095ff4558) 
thrown [t:\workspace\open\src\hotspot\share\interpreter\linkResolver.cpp, line 766]
Event: 13.312 Thread 0x000002168c3b6020 Exception <a 'java/lang/NoSuchMethodError'{0x0000000095ca2178}: 'java.lang.Object java.lang.invoke.DirectMethodHandle$Holder.newInvokeSpecial(java.lang.Object, java.lang.Object, int, int)'> (0x0000000095ca2178) 
thrown [t:\workspace\open\src\hotspot\share\interpreter\linkResolver.cpp, line 766]
Event: 13.597 Thread 0x000002168c3b6020 Exception <a 'java/lang/NoSuchMethodError'{0x0000000093c8bc68}: 'java.lang.Object java.lang.invoke.DirectMethodHandle$Holder.newInvokeSpecial(java.lang.Object, java.lang.Object, java.lang.Object, java.lang.Object, java.lang.Object, java.lang.Object, java.lang.Object, java.lang.Object, java.lang.Object, java.lang.Object)'> (0x0000000093c8bc68) 
thrown [t:\workspace\open\src\hotspot\share\interpreter\linkResolver.cpp, line 766]
Event: 13.597 Thread 0x000002168c3b6020 Exception <a 'java/lang/NoSuchMethodError'{0x0000000093c90230}: 'java.lang.Object java.lang.invoke.Invokers$Holder.linkToTargetMethod(java.lang.Object, java.lang.Object, java.lang.Object, java.lang.Object, java.lang.Object, java.lang.Object, java.lang.Object, java.lang.Object, java.lang.Object, java.lang.Object)'> (0x0000000093c90230) 
thrown [t:\workspace\open\src\hotspot\share\interpreter\linkResolver.cpp, line 766]
Event: 13.720 Thread 0x000002168c3b6020 Exception <a 'java/lang/NoSuchMethodError'{0x0000000092be9c30}: 'java.lang.Object java.lang.invoke.DirectMethodHandle$Holder.newInvokeSpecial(java.lang.Object, java.lang.Object, java.lang.Object, java.lang.Object, java.lang.Object, java.lang.Object, java.lang.Object, java.lang.Object, java.lang.Object)'> (0x0000000092be9c30) 
thrown [t:\workspace\open\src\hotspot\share\interpreter\linkResolver.cpp, line 766]
Event: 13.720 Thread 0x000002168c3b6020 Exception <a 'java/lang/NoSuchMethodError'{0x0000000092bee8e0}: 'java.lang.Object java.lang.invoke.Invokers$Holder.linkToTargetMethod(java.lang.Object, java.lang.Object, java.lang.Object, java.lang.Object, java.lang.Object, java.lang.Object, java.lang.Object, java.lang.Object, java.lang.Object)'> (0x0000000092bee8e0) 
thrown [t:\workspace\open\src\hotspot\share\interpreter\linkResolver.cpp, line 766]
Event: 14.044 Thread 0x000002168c3b0e50 Exception <a 'java/lang/NoSuchMethodError'{0x000000008f3035c8}: 'java.lang.Object java.lang.invoke.DirectMethodHandle$Holder.newInvokeSpecial(java.lang.Object, java.lang.Object, java.lang.Object, int, java.lang.Object)'> (0x000000008f3035c8) 
thrown [t:\workspace\open\src\hotspot\share\interpreter\linkResolver.cpp, line 766]
Event: 14.048 Thread 0x000002168c3b0e50 Exception <a 'java/lang/NoSuchMethodError'{0x000000008f33e198}: 'java.lang.Object java.lang.invoke.DirectMethodHandle$Holder.newInvokeSpecial(java.lang.Object, java.lang.Object, int, float)'> (0x000000008f33e198) 
thrown [t:\workspace\open\src\hotspot\share\interpreter\linkResolver.cpp, line 766]
Event: 14.235 Thread 0x000002168c3b0e50 Exception <a 'java/lang/IncompatibleClassChangeError'{0x000000009437c030}: Found class java.lang.Object, but interface was expected> (0x000000009437c030) 
thrown [t:\workspace\open\src\hotspot\share\interpreter\linkResolver.cpp, line 833]
Event: 14.363 Thread 0x000002168c3affe0 Implicit null exception at 0x00000216f8f85758 to 0x00000216f8f85846
Event: 14.522 Thread 0x000002168c3b6020 Implicit null exception at 0x00000216f8a8536c to 0x00000216f8a85580
Event: 14.564 Thread 0x000002168c3b0e50 Exception <a 'java/lang/NoSuchMethodError'{0x0000000093f78e48}: 'java.lang.Object java.lang.invoke.DirectMethodHandle$Holder.newInvokeSpecial(java.lang.Object, double)'> (0x0000000093f78e48) 
thrown [t:\workspace\open\src\hotspot\share\interpreter\linkResolver.cpp, line 766]
Event: 14.877 Thread 0x000002168c3b0e50 Exception <a 'java/lang/NoSuchMethodError'{0x000000009546f3d0}: 'java.lang.Object java.lang.invoke.DirectMethodHandle$Holder.invokeStatic(java.lang.Object, java.lang.Object, int, int, int, java.lang.Object)'> (0x000000009546f3d0) 
thrown [t:\workspace\open\src\hotspot\share\interpreter\linkResolver.cpp, line 766]
Event: 14.877 Thread 0x000002168c3b0e50 Exception <a 'java/lang/NoSuchMethodError'{0x0000000095476b58}: 'java.lang.Object java.lang.invoke.DirectMethodHandle$Holder.newInvokeSpecial(java.lang.Object, java.lang.Object, int, int, int)'> (0x0000000095476b58) 
thrown [t:\workspace\open\src\hotspot\share\interpreter\linkResolver.cpp, line 766]
Event: 14.878 Thread 0x000002168c3b0e50 Exception <a 'java/lang/NoSuchMethodError'{0x000000009547e1e8}: 'java.lang.Object java.lang.invoke.Invokers$Holder.linkToTargetMethod(java.lang.Object, int, int, int, java.lang.Object)'> (0x000000009547e1e8) 
thrown [t:\workspace\open\src\hotspot\share\interpreter\linkResolver.cpp, line 766]
Event: 14.883 Thread 0x000002168c3b0e50 Exception <a 'java/lang/NoSuchMethodError'{0x000000009532c988}: 'void java.lang.invoke.DirectMethodHandle$Holder.invokeStaticInit(java.lang.Object, java.lang.Object, java.lang.Object, java.lang.Object, java.lang.Object, java.lang.Object, java.lang.Object, java.lang.Object)'> (0x000000009532c988) 
thrown [t:\workspace\open\src\hotspot\share\interpreter\linkResolver.cpp, line 766]
Event: 14.992 Thread 0x000002168c3b0e50 Exception <a 'java/lang/NoSuchMethodError'{0x0000000091878650}: 'java.lang.Object java.lang.invoke.DirectMethodHandle$Holder.newInvokeSpecial(java.lang.Object, java.lang.Object, java.lang.Object, int, int)'> (0x0000000091878650) 
thrown [t:\workspace\open\src\hotspot\share\interpreter\linkResolver.cpp, line 766]

VM Operations (20 events):
Event: 13.825 Executing VM operation: ICBufferFull done
Event: 13.825 Executing VM operation: ICBufferFull
Event: 13.826 Executing VM operation: ICBufferFull done
Event: 13.830 Executing VM operation: ICBufferFull
Event: 13.830 Executing VM operation: ICBufferFull done
Event: 13.916 Executing VM operation: HandshakeAllThreads
Event: 13.964 Executing VM operation: HandshakeAllThreads done
Event: 14.081 Executing VM operation: G1CollectForAllocation
Event: 14.112 Executing VM operation: G1CollectForAllocation done
Event: 14.313 Executing VM operation: ICBufferFull
Event: 14.314 Executing VM operation: ICBufferFull done
Event: 14.438 Executing VM operation: G1CollectForAllocation
Event: 14.458 Executing VM operation: G1CollectForAllocation done
Event: 14.458 Executing VM operation: G1CollectForAllocation
Event: 14.485 Executing VM operation: G1CollectForAllocation done
Event: 14.680 Executing VM operation: G1CollectForAllocation
Event: 14.710 Executing VM operation: G1CollectForAllocation done
Event: 14.781 Executing VM operation: G1TryInitiateConcMark
Event: 14.807 Executing VM operation: G1TryInitiateConcMark done
Event: 15.048 Executing VM operation: G1CollectForAllocation

Events (20 events):
Event: 13.971 Thread 0x0000021686f7b420 flushing nmethod 0x00000216f2189410
Event: 13.971 Thread 0x0000021686f7b420 flushing nmethod 0x00000216f2189890
Event: 13.971 Thread 0x0000021686f7b420 flushing nmethod 0x00000216f218a210
Event: 13.971 Thread 0x0000021686f7b420 flushing nmethod 0x00000216f218ae10
Event: 13.971 Thread 0x0000021686f7b420 flushing nmethod 0x00000216f218ba10
Event: 13.971 Thread 0x0000021686f7b420 flushing nmethod 0x00000216f218c590
Event: 13.971 Thread 0x0000021686f7b420 flushing nmethod 0x00000216f218cb90
Event: 13.971 Thread 0x0000021686f7b420 flushing nmethod 0x00000216f218d410
Event: 13.971 Thread 0x0000021686f7b420 flushing nmethod 0x00000216f218df90
Event: 13.971 Thread 0x0000021686f7b420 flushing nmethod 0x00000216f218eb90
Event: 13.971 Thread 0x0000021686f7b420 flushing nmethod 0x00000216f218f510
Event: 13.971 Thread 0x0000021686f7b420 flushing nmethod 0x00000216f218fc10
Event: 13.971 Thread 0x0000021686f7b420 flushing nmethod 0x00000216f2191490
Event: 13.971 Thread 0x0000021686f7b420 flushing nmethod 0x00000216f21afc10
Event: 13.971 Thread 0x0000021686f7b420 flushing nmethod 0x00000216f21c3490
Event: 13.971 Thread 0x0000021686f7b420 flushing nmethod 0x00000216f21eeb90
Event: 13.971 Thread 0x0000021686f7b420 flushing nmethod 0x00000216f21ef510
Event: 13.971 Thread 0x0000021686f7b420 flushing nmethod 0x00000216f21f2a90
Event: 13.971 Thread 0x0000021686f7b420 flushing nmethod 0x00000216f21f8890
Event: 13.971 Thread 0x0000021686f7b420 flushing nmethod 0x00000216f2211e90


Dynamic libraries:
0x00007ff696260000 - 0x00007ff696270000 	C:\Program Files\Java\jdk-17.0.2\bin\java.exe
0x00007ffc3f850000 - 0x00007ffc3fa45000 	C:\Windows\SYSTEM32\ntdll.dll
0x00007ffc3f750000 - 0x00007ffc3f80e000 	C:\Windows\System32\KERNEL32.DLL
0x00007ffc3d0c0000 - 0x00007ffc3d388000 	C:\Windows\System32\KERNELBASE.dll
0x00007ffc3d670000 - 0x00007ffc3d770000 	C:\Windows\System32\ucrtbase.dll
0x00007ffc31a40000 - 0x00007ffc31a5a000 	C:\Program Files\Java\jdk-17.0.2\bin\VCRUNTIME140.dll
0x00007ffc2c500000 - 0x00007ffc2c518000 	C:\Program Files\Java\jdk-17.0.2\bin\jli.dll
0x00007ffc3e270000 - 0x00007ffc3e31e000 	C:\Windows\System32\ADVAPI32.dll
0x00007ffc3e110000 - 0x00007ffc3e1ae000 	C:\Windows\System32\msvcrt.dll
0x00007ffc3de80000 - 0x00007ffc3df1c000 	C:\Windows\System32\sechost.dll
0x00007ffc3dfb0000 - 0x00007ffc3e0d5000 	C:\Windows\System32\RPCRT4.dll
0x00007ffc3f4e0000 - 0x00007ffc3f680000 	C:\Windows\System32\USER32.dll
0x00007ffc26310000 - 0x00007ffc265aa000 	C:\Windows\WinSxS\amd64_microsoft.windows.common-controls_6595b64144ccf1df_6.0.19041.1110_none_60b5254171f9507e\COMCTL32.dll
0x00007ffc3d770000 - 0x00007ffc3d792000 	C:\Windows\System32\win32u.dll
0x00007ffc3e0e0000 - 0x00007ffc3e10b000 	C:\Windows\System32\GDI32.dll
0x00007ffc3d7a0000 - 0x00007ffc3d8ab000 	C:\Windows\System32\gdi32full.dll
0x00007ffc3d5d0000 - 0x00007ffc3d66d000 	C:\Windows\System32\msvcp_win.dll
0x00007ffc2de40000 - 0x00007ffc2de4a000 	C:\Windows\SYSTEM32\VERSION.dll
0x00007ffc3de50000 - 0x00007ffc3de80000 	C:\Windows\System32\IMM32.DLL
0x00007ffc38f20000 - 0x00007ffc38f2c000 	C:\Program Files\Java\jdk-17.0.2\bin\vcruntime140_1.dll
0x00007ffc0c930000 - 0x00007ffc0c9bd000 	C:\Program Files\Java\jdk-17.0.2\bin\msvcp140.dll
0x00007ffbdcab0000 - 0x00007ffbdd671000 	C:\Program Files\Java\jdk-17.0.2\bin\server\jvm.dll
0x00007ffc3e510000 - 0x00007ffc3e518000 	C:\Windows\System32\PSAPI.DLL
0x00007ffc36fd0000 - 0x00007ffc36fd9000 	C:\Windows\SYSTEM32\WSOCK32.dll
0x00007ffc28600000 - 0x00007ffc28627000 	C:\Windows\SYSTEM32\WINMM.dll
0x00007ffc3e440000 - 0x00007ffc3e4ab000 	C:\Windows\System32\WS2_32.dll
0x00007ffc3b830000 - 0x00007ffc3b842000 	C:\Windows\SYSTEM32\kernel.appcore.dll
0x00007ffc36740000 - 0x00007ffc3674a000 	C:\Program Files\Java\jdk-17.0.2\bin\jimage.dll
0x00007ffc29fe0000 - 0x00007ffc2a1c4000 	C:\Windows\SYSTEM32\DBGHELP.DLL
0x00007ffc26b50000 - 0x00007ffc26b7c000 	C:\Windows\SYSTEM32\dbgcore.DLL
0x00007ffc3cf70000 - 0x00007ffc3cff2000 	C:\Windows\System32\bcryptPrimitives.dll
0x00007ffc2c4d0000 - 0x00007ffc2c4f5000 	C:\Program Files\Java\jdk-17.0.2\bin\java.dll
0x00007ffc0c850000 - 0x00007ffc0c926000 	C:\Program Files\Java\jdk-17.0.2\bin\jsvml.dll
0x00007ffc3eab0000 - 0x00007ffc3f1f4000 	C:\Windows\System32\SHELL32.dll
0x00007ffc3b080000 - 0x00007ffc3b814000 	C:\Windows\SYSTEM32\windows.storage.dll
0x00007ffc3e6e0000 - 0x00007ffc3ea34000 	C:\Windows\System32\combase.dll
0x00007ffc3c900000 - 0x00007ffc3c92c000 	C:\Windows\SYSTEM32\Wldp.dll
0x00007ffc3d910000 - 0x00007ffc3d9bd000 	C:\Windows\System32\SHCORE.dll
0x00007ffc3d8b0000 - 0x00007ffc3d905000 	C:\Windows\System32\shlwapi.dll
0x00007ffc3ceb0000 - 0x00007ffc3cecf000 	C:\Windows\SYSTEM32\profapi.dll
0x00007ffc17550000 - 0x00007ffc17569000 	C:\Program Files\Java\jdk-17.0.2\bin\net.dll
0x00007ffc2cd40000 - 0x00007ffc2ce49000 	C:\Windows\SYSTEM32\WINHTTP.dll
0x00007ffc3c660000 - 0x00007ffc3c6ca000 	C:\Windows\system32\mswsock.dll
0x00007ffc17530000 - 0x00007ffc17546000 	C:\Program Files\Java\jdk-17.0.2\bin\nio.dll
0x00007ffc16750000 - 0x00007ffc16768000 	C:\Program Files\Java\jdk-17.0.2\bin\zip.dll
0x00007ffc36330000 - 0x00007ffc36340000 	C:\Program Files\Java\jdk-17.0.2\bin\verify.dll
0x00007ffc34b10000 - 0x00007ffc34b19000 	C:\Program Files\Java\jdk-17.0.2\bin\management.dll
0x00007ffc31a30000 - 0x00007ffc31a3b000 	C:\Program Files\Java\jdk-17.0.2\bin\management_ext.dll
0x00007ffc265f0000 - 0x00007ffc26607000 	C:\Windows\system32\napinsp.dll
0x00007ffc265d0000 - 0x00007ffc265eb000 	C:\Windows\system32\pnrpnsp.dll
0x00007ffc380d0000 - 0x00007ffc380e5000 	C:\Windows\system32\wshbth.dll
0x00007ffc37eb0000 - 0x00007ffc37ecd000 	C:\Windows\system32\NLAapi.dll
0x00007ffc3c350000 - 0x00007ffc3c38b000 	C:\Windows\SYSTEM32\IPHLPAPI.DLL
0x00007ffc3c390000 - 0x00007ffc3c45a000 	C:\Windows\SYSTEM32\DNSAPI.dll
0x00007ffc3e1b0000 - 0x00007ffc3e1b8000 	C:\Windows\System32\NSI.dll
0x00007ffc265b0000 - 0x00007ffc265c2000 	C:\Windows\System32\winrnr.dll
0x00007ffc34be0000 - 0x00007ffc34bea000 	C:\Windows\System32\rasadhlp.dll
0x00007ffc2e420000 - 0x00007ffc2e49f000 	C:\Windows\System32\fwpuclnt.dll
0x00007ffc3d5a0000 - 0x00007ffc3d5c7000 	C:\Windows\System32\bcrypt.dll
0x00007ffc3c850000 - 0x00007ffc3c868000 	C:\Windows\SYSTEM32\CRYPTSP.dll
0x00007ffc3bfe0000 - 0x00007ffc3c014000 	C:\Windows\system32\rsaenh.dll
0x00007ffc3ce30000 - 0x00007ffc3ce5e000 	C:\Windows\SYSTEM32\USERENV.dll
0x00007ffc3c870000 - 0x00007ffc3c87c000 	C:\Windows\SYSTEM32\CRYPTBASE.dll
0x00007ffc32ca0000 - 0x00007ffc32cb7000 	C:\Windows\SYSTEM32\dhcpcsvc6.DLL
0x00007ffc33c90000 - 0x00007ffc33cad000 	C:\Windows\SYSTEM32\dhcpcsvc.DLL
0x00007ffc0c7a0000 - 0x00007ffc0c7e5000 	C:\Users\Jason\AppData\Local\Temp\jna-71344347\jna8759564673439444480.dll
0x00007ffc3f200000 - 0x00007ffc3f32a000 	C:\Windows\System32\Ole32.dll
0x00007ffc3e1c0000 - 0x00007ffc3e269000 	C:\Windows\System32\clbcatq.dll
0x00007ffc3f680000 - 0x00007ffc3f74d000 	C:\Windows\System32\OleAut32.dll
0x00007ffc2ded0000 - 0x00007ffc2dee9000 	C:\Windows\SYSTEM32\amsi.dll
0x00007ffc2de50000 - 0x00007ffc2decb000 	C:\ProgramData\Microsoft\Windows Defender\Platform\4.18.2202.4-0\MpOav.dll
0x00007ffc13200000 - 0x00007ffc13249000 	C:\Windows\SYSTEM32\Pdh.dll
0x00007ffc370f0000 - 0x00007ffc370ff000 	C:\Windows\System32\perfos.dll

dbghelp: loaded successfully - version: 4.0.5 - missing functions: none
symbol engine: initialized successfully - sym options: 0x614 - pdb path: .;C:\Program Files\Java\jdk-17.0.2\bin;C:\Windows\SYSTEM32;C:\Windows\WinSxS\amd64_microsoft.windows.common-controls_6595b64144ccf1df_6.0.19041.1110_none_60b5254171f9507e;C:\Program Files\Java\jdk-17.0.2\bin\server;C:\Users\Jason\AppData\Local\Temp\jna-71344347;C:\ProgramData\Microsoft\Windows Defender\Platform\4.18.2202.4-0

VM Arguments:
jvm_args: -Dforge.enableGameTest=true -Dforge.logging.console.level=debug -Dforge.logging.markers=REGISTRIES -DignoreList=bootstraplauncher,securejarhandler,asm-commons,asm-util,asm-analysis,asm-tree,asm,client-extra,fmlcore,javafmllanguage,mclanguage,forge- -DlegacyClassPath.file=C:\Users\Jason\Desktop\forge modding\Creator\build\classpath\runClient_minecraftClasspath.txt -DmergeModules=jna-5.10.0.jar,jna-platform-5.10.0.jar,java-objc-bridge-1.0.0.jar -DnativesDirectory=C:\Users\Jason\Desktop\forge modding\Creator\build\natives -Dos.version=10.0 --module-path=C:\Users\Jason\.gradle\caches\modules-2\files-2.1\cpw.mods\bootstraplauncher\1.0.0\f55ddbb35612c6745cefc47d1a0d6dbfb25d3982\bootstraplauncher-1.0.0.jar;C:\Users\Jason\.gradle\caches\modules-2\files-2.1\cpw.mods\securejarhandler\1.0.3\acbf5e3c8a38fb8bf824a54fe45eee121c510392\securejarhandler-1.0.3.jar;C:\Users\Jason\.gradle\caches\modules-2\files-2.1\org.ow2.asm\asm-commons\9.2\f4d7f0fc9054386f2893b602454d48e07d4fbead\asm-commons-9.2.jar;C:\Users\Jason\.gradle\caches\modules-2\files-2.1\org.ow2.asm\asm-util\9.2\fbc178fc5ba3dab50fd7e8a5317b8b647c8e8946\asm-util-9.2.jar;C:\Users\Jason\.gradle\caches\modules-2\files-2.1\org.ow2.asm\asm-analysis\9.2\7487dd756daf96cab9986e44b9d7bcb796a61c10\asm-analysis-9.2.jar;C:\Users\Jason\.gradle\caches\modules-2\files-2.1\org.ow2.asm\asm-tree\9.2\d96c99a30f5e1a19b0e609dbb19a44d8518ac01e\asm-tree-9.2.jar;C:\Users\Jason\.gradle\caches\modules-2\files-2.1\org.ow2.asm\asm\9.2\81a03f76019c67362299c40e0ba13405f5467bff\asm-9.2.jar --add-modules=ALL-MODULE-PATH --add-opens=java.base/java.util.jar=cpw.mods.securejarhandler --add-exports=java.base/sun.security.util=cpw.mods.securejarhandler --add-exports=jdk.naming.dns/com.sun.jndi.dns=java.naming -XX:HeapDumpPath=MojangTricksIntelDriversForPerformance_javaw.exe_minecraft.exe.heapdump -Dos.name=Windows 10 -Dfile.encoding=GBK -Duser.country=CN -Duser.language=zh -Duser.variant 
java_command: cpw.mods.bootstraplauncher.BootstrapLauncher --launchTarget forgeclientuserdev --version MOD_DEV --assetIndex 1.18 --assetsDir C:\Users\Jason\.gradle\caches\forge_gradle\assets --gameDir . --fml.forgeVersion 40.0.17 --fml.mcVersion 1.18.2 --fml.forgeGroup net.minecraftforge --fml.mcpVersion 20220228.144236
java_class_path (initial): C:\Users\Jason\Desktop\forge modding\Creator\build\classes\java\main;C:\Users\Jason\Desktop\forge modding\Creator\build\resources\main;C:\Users\Jason\.gradle\caches\forge_gradle\minecraft_user_repo\net\minecraftforge\forge\1.18.2-40.0.17_mapped_parchment_2021.12.19-1.18.1\forge-1.18.2-40.0.17_mapped_parchment_2021.12.19-1.18.1.jar;C:\Users\Jason\.gradle\caches\forge_gradle\minecraft_repo\versions\1.18.2\client-extra.jar;C:\Users\Jason\.gradle\caches\modules-2\files-2.1\net.minecraftforge\javafmllanguage\1.18.2-40.0.17\fce96a6f2fad20d98e6f45f0a6a99e623a8b4faa\javafmllanguage-1.18.2-40.0.17.jar;C:\Users\Jason\.gradle\caches\modules-2\files-2.1\net.minecraftforge\mclanguage\1.18.2-40.0.17\cdd9839f82d98926ccba42d50b0dc8125e266d07\mclanguage-1.18.2-40.0.17.jar;C:\Users\Jason\.gradle\caches\modules-2\files-2.1\net.minecraftforge\fmlcore\1.18.2-40.0.17\b7357ca286a6b9a2904558c03200c5b47b2c2c67\fmlcore-1.18.2-40.0.17.jar;C:\Users\Jason\.gradle\caches\modules-2\files-2.1\net.minecraftforge\fmlloader\1.18.2-40.0.17\b6babef31622f1c379cd88b3191d5a99db117dc\fmlloader-1.18.2-40.0.17.jar;C:\Users\Jason\.gradle\caches\modules-2\files-2.1\com.google.guava\guava\31.0.1-jre\119ea2b2bc205b138974d351777b20f02b92704b\guava-31.0.1-jre.jar;C:\Users\Jason\.gradle\caches\modules-2\files-2.1\com.google.code.findbugs\jsr305\3.0.2\25ea2e8b0c338a877313bd4672d3fe056ea78f0d\jsr305-3.0.2.jar;C:\Users\Jason\.gradle\caches\modules-2\files-2.1\ca.weblite\java-objc-bridge\1.0.0\6ef160c3133a78de015830860197602ca1c855d3\java-objc-bridge-1.0.0.jar;C:\Users\Jason\.gradle\caches\modules-2\files-2.1\net.minecraftforge\mergetool\1.1.3\d7d4b6eac7f49c59255c8ac25190802c29ac9a4a\mergetool-1.1.3-api.jar;C:\Users\Jason\.gradle\caches\modules-2\files-2.1\org.jetbrains\annotations\23.0.0\8cc20c07506ec18e0834947b84a864bfc094484e\annotations-23.0.0.jar;C:\Users\Jason\.gradle\caches\parchmentgradle\org\parchmentmc\data\parchment-1.18.1\2021.12.19\parchment-1.18.1-2021.12.19.zip;C:\Users\Jason
Launcher Type: SUN_STANDARD

[Global flags]
     intx CICompilerCount                          = 3                                         {product} {ergonomic}
     uint ConcGCThreads                            = 1                                         {product} {ergonomic}
     uint G1ConcRefinementThreads                  = 4                                         {product} {ergonomic}
   size_t G1HeapRegionSize                         = 1048576                                   {product} {ergonomic}
    uintx GCDrainStackTargetSize                   = 64                                        {product} {ergonomic}
    ccstr HeapDumpPath                             = MojangTricksIntelDriversForPerformance_javaw.exe_minecraft.exe.heapdump         {manageable} {command line}
   size_t InitialHeapSize                          = 132120576                                 {product} {ergonomic}
   size_t MarkStackSize                            = 4194304                                   {product} {ergonomic}
   size_t MaxHeapSize                              = 2113929216                                {product} {ergonomic}
   size_t MaxNewSize                               = 1267728384                                {product} {ergonomic}
   size_t MinHeapDeltaBytes                        = 1048576                                   {product} {ergonomic}
   size_t MinHeapSize                              = 8388608                                   {product} {ergonomic}
    uintx NonNMethodCodeHeapSize                   = 5832780                                {pd product} {ergonomic}
    uintx NonProfiledCodeHeapSize                  = 122912730                              {pd product} {ergonomic}
    uintx ProfiledCodeHeapSize                     = 122912730                              {pd product} {ergonomic}
    uintx ReservedCodeCacheSize                    = 251658240                              {pd product} {ergonomic}
     bool SegmentedCodeCache                       = true                                      {product} {ergonomic}
   size_t SoftMaxHeapSize                          = 2113929216                             {manageable} {ergonomic}
     bool UseCompressedClassPointers               = true                           {product lp64_product} {ergonomic}
     bool UseCompressedOops                        = true                           {product lp64_product} {ergonomic}
     bool UseG1GC                                  = true                                      {product} {ergonomic}
     bool UseLargePagesIndividualAllocation        = false                                  {pd product} {ergonomic}

Logging:
Log output configuration:
 #0: stdout all=warning uptime,level,tags
 #1: stderr all=off uptime,level,tags

Environment Variables:
JAVA_HOME=C:\Program Files\Java\jdk-17.0.2
CLASSPATH=.;C:\Program Files\Java\jdk-17.0.2\lib\dt.jar;C:\Program Files\Java\jdk-17.0.2\lib\tools.jar; 
PATH=C:\Program Files\Common Files\Oracle\Java\javapath;C:\Program Files (x86)\Common Files\Intel\Shared Libraries\redist\intel64\compiler;C:\Program Files (x86)\Intel\iCLS Client\;C:\Program Files\Intel\iCLS Client\;C:\Windows\system32;C:\Windows;C:\Windows\System32\Wbem;C:\Windows\System32\WindowsPowerShell\v1.0\;C:\Windows\System32\OpenSSH\;C:\Program Files (x86)\Intel\Intel(R) Management Engine Components\DAL;C:\Program Files\Intel\Intel(R) Management Engine Components\DAL;C:\Program Files (x86)\Intel\Intel(R) Management Engine Components\IPT;C:\Program Files\Intel\Intel(R) Management Engine Components\IPT;C:\Program Files\Java\jdk-17.0.2\bin;C:\Program Files\Java\jdk-17.0.2\jre\bin;C:\Program Files\Polyspace\R2021a\runtime\win64;C:\Program Files\Polyspace\R2021a\bin;C:\Program Files\Polyspace\R2021a\polyspace\bin;C:\Users\Jason\Desktop\Jason\python3.9\Scripts\;C:\Users\Jason\Desktop\Jason\python3.9\;C:\Users\Jason\AppData\Local\Microsoft\WindowsApps;C:\Users\Jason\AppData\Local\Programs\Microsoft VS Code\bin;C:\Program Files\Bandizip\
USERNAME=Jason
OS=Windows_NT
PROCESSOR_IDENTIFIER=Intel64 Family 6 Model 71 Stepping 1, GenuineIntel



---------------  S Y S T E M  ---------------

OS:
 Windows 10 , 64 bit Build 19041 (10.0.19041.1566)
OS uptime: 0 days 19:55 hours

CPU: total 4 (initial active 4) (4 cores per cpu, 1 threads per core) family 6 model 71 stepping 1 microcode 0x22, cx8, cmov, fxsr, mmx, 3dnowpref, sse, sse2, sse3, ssse3, sse4.1, sse4.2, popcnt, lzcnt, tsc, tscinvbit, avx, avx2, aes, erms, clmul, bmi1, bmi2, rtm, adx, fma, vzeroupper, clflush

Memory: 4k page, system-wide physical 8062M (442M free)
TotalPageFile size 12156M (AvailPageFile size 330M)
current process WorkingSet (physical memory assigned to process): 512M, peak: 516M
current process commit charge ("private bytes"): 553M, peak: 916M

vm_info: Java HotSpot(TM) 64-Bit Server VM (17.0.2+8-LTS-86) for windows-amd64 JRE (17.0.2+8-LTS-86), built on Dec  7 2021 21:51:03 by "mach5one" with MS VC++ 16.8 / 16.9 (VS2019)

END.
