#
# There is insufficient memory for the Java Runtime Environment to continue.
# Native memory allocation (mmap) failed to map 4294967296 bytes for G1 virtual space
# Possible reasons:
#   The system is out of physical RAM or swap space
#   The process is running with CompressedOops enabled, and the Java Heap may be blocking the growth of the native heap
# Possible solutions:
#   Reduce memory load on the system
#   Increase physical memory or swap space
#   Check if swap backing store is full
#   Decrease Java heap size (-Xmx/-Xms)
#   Decrease number of Java threads
#   Decrease Java thread stack sizes (-Xss)
#   Set larger code cache with -XX:ReservedCodeCacheSize=
#   JVM is running with Zero Based Compressed Oops mode in which the Java heap is
#     placed in the first 32GB address space. The Java Heap base address is the
#     maximum limit for the native heap growth. Please use -XX:HeapBaseMinAddress
#     to set the Java Heap base and to place the Java Heap above 32GB virtual address.
# This output file may be truncated or incomplete.
#
#  Out of Memory Error (os_windows.cpp:3532), pid=4532, tid=14484
#
# JRE version:  (17.0.2+8) (build )
# Java VM: Java HotSpot(TM) 64-Bit Server VM (17.0.2+8-LTS-86, mixed mode, sharing, tiered, compressed oops, compressed class ptrs, g1 gc, windows-amd64)
# No core dump will be written. Minidumps are not enabled by default on client versions of Windows
#

---------------  S U M M A R Y ------------

Command Line: -Dforge.logging.console.level=debug -Dforge.logging.markers=REGISTRIES -DlegacyClassPath.file=C:\Users\Jason\Desktop\forge modding\Creator\build\classpath\runClient_minecraftClasspath.txt -DignoreList=bootstraplauncher,securejarhandler,asm-commons,asm-util,asm-analysis,asm-tree,asm,client-extra,fmlcore,javafmllanguage,mclanguage,forge- -DnativesDirectory=C:\Users\Jason\Desktop\forge modding\Creator\build\natives -DmergeModules=jna-5.10.0.jar,jna-platform-5.10.0.jar,java-objc-bridge-1.0.0.jar -Dforge.enabledGameTestNamespaces=examplemod -Dforge.enableGameTest=true --module-path=C:\Users\Jason\.gradle\caches\modules-2\files-2.1\cpw.mods\bootstraplauncher\1.0.0\f55ddbb35612c6745cefc47d1a0d6dbfb25d3982\bootstraplauncher-1.0.0.jar;C:\Users\Jason\.gradle\caches\modules-2\files-2.1\cpw.mods\securejarhandler\1.0.3\acbf5e3c8a38fb8bf824a54fe45eee121c510392\securejarhandler-1.0.3.jar;C:\Users\Jason\.gradle\caches\modules-2\files-2.1\org.ow2.asm\asm-commons\9.2\f4d7f0fc9054386f2893b602454d48e07d4fbead\asm-commons-9.2.jar;C:\Users\Jason\.gradle\caches\modules-2\files-2.1\org.ow2.asm\asm-util\9.2\fbc178fc5ba3dab50fd7e8a5317b8b647c8e8946\asm-util-9.2.jar;C:\Users\Jason\.gradle\caches\modules-2\files-2.1\org.ow2.asm\asm-analysis\9.2\7487dd756daf96cab9986e44b9d7bcb796a61c10\asm-analysis-9.2.jar;C:\Users\Jason\.gradle\caches\modules-2\files-2.1\org.ow2.asm\asm-tree\9.2\d96c99a30f5e1a19b0e609dbb19a44d8518ac01e\asm-tree-9.2.jar;C:\Users\Jason\.gradle\caches\modules-2\files-2.1\org.ow2.asm\asm\9.2\81a03f76019c67362299c40e0ba13405f5467bff\asm-9.2.jar --add-modules=ALL-MODULE-PATH --add-opens=java.base/java.util.jar=cpw.mods.securejarhandler --add-exports=java.base/sun.security.util=cpw.mods.securejarhandler --add-exports=jdk.naming.dns/com.sun.jndi.dns=java.naming -XX:HeapDumpPath=MojangTricksIntelDriversForPerformance_javaw.exe_minecraft.exe.heapdump -Dos.name=Windows 10 -Dos.version=10.0 -Xmx4G -Xms4G -javaagent:C:\Users\Jason\Desktop\Jason\intellij\IntelliJ IDEA Community Edition 2021.2\lib\idea_rt.jar=55873:C:\Users\Jason\Desktop\Jason\intellij\IntelliJ IDEA Community Edition 2021.2\bin -Dfile.encoding=UTF-8 cpw.mods.bootstraplauncher.BootstrapLauncher --launchTarget forgeclientuserdev --version MOD_DEV --assetIndex 1.18 --assetsDir C:\Users\Jason\.gradle\caches\forge_gradle\assets --gameDir . --fml.forgeVersion 40.0.17 --fml.mcVersion 1.18.2 --fml.forgeGroup net.minecraftforge --fml.mcpVersion 20220228.144236

Host: Intel(R) Core(TM) i5-5675R CPU @ 3.10GHz, 4 cores, 7G,  Windows 10 , 64 bit Build 19041 (10.0.19041.1566)
Time: Thu Mar 17 09:38:47 2022  Windows 10 , 64 bit Build 19041 (10.0.19041.1566) elapsed time: 0.024203 seconds (0d 0h 0m 0s)

---------------  T H R E A D  ---------------

Current thread (0x000001f3faf1e090):  JavaThread "Unknown thread" [_thread_in_vm, id=14484, stack(0x000000b5d6c00000,0x000000b5d6d00000)]

Stack: [0x000000b5d6c00000,0x000000b5d6d00000]
Native frames: (J=compiled Java code, j=interpreted, Vv=VM code, C=native code)
V  [jvm.dll+0x670baa]
V  [jvm.dll+0x7cfcb4]
V  [jvm.dll+0x7d145e]
V  [jvm.dll+0x7d1ac3]
V  [jvm.dll+0x242bc5]
V  [jvm.dll+0x66dac9]
V  [jvm.dll+0x662412]
V  [jvm.dll+0x300c0b]
V  [jvm.dll+0x3081a6]
V  [jvm.dll+0x357d0e]
V  [jvm.dll+0x357f3f]
V  [jvm.dll+0x2d7ec8]
V  [jvm.dll+0x2d8e34]
V  [jvm.dll+0x7a18c1]
V  [jvm.dll+0x365a91]
V  [jvm.dll+0x780d2c]
V  [jvm.dll+0x3e845f]
V  [jvm.dll+0x3e9f01]
C  [jli.dll+0x527b]
C  [ucrtbase.dll+0x21bb2]
C  [KERNEL32.DLL+0x17034]
C  [ntdll.dll+0x52651]


---------------  P R O C E S S  ---------------

Threads class SMR info:
_java_thread_list=0x00007ffbde5f9858, length=0, elements={
}

Java Threads: ( => current thread )

Other Threads:
  0x000001f3faf6b650 GCTaskThread "GC Thread#0" [stack: 0x000000b5d6d00000,0x000000b5d6e00000] [id=16804]
  0x000001f3faf7d110 ConcurrentGCThread "G1 Main Marker" [stack: 0x000000b5d6e00000,0x000000b5d6f00000] [id=1804]
  0x000001f3faf7e8e0 ConcurrentGCThread "G1 Conc#0" [stack: 0x000000b5d6f00000,0x000000b5d7000000] [id=19068]

[error occurred during error reporting (printing all threads), id 0xc0000005, EXCEPTION_ACCESS_VIOLATION (0xc0000005) at pc=0x00007ffbdde488a7]

VM state: not at safepoint (not fully initialized)

VM Mutex/Monitor currently owned by a thread:  ([mutex/lock_event])
[0x000001f3faf190b0] Heap_lock - owner thread: 0x000001f3faf1e090

Heap address: 0x0000000700000000, size: 4096 MB, Compressed Oops mode: Zero based, Oop shift amount: 3

CDS archive(s) mapped at: [0x0000000000000000-0x0000000000000000-0x0000000000000000), size 0, SharedBaseAddress: 0x0000000800000000, ArchiveRelocationMode: 0.
Narrow klass base: 0x0000000000000000, Narrow klass shift: 0, Narrow klass range: 0x0

GC Precious Log:
<Empty>

Heap:
 garbage-first heap   total 0K, used 0K [0x0000000700000000, 0x0000000800000000)
  region size 2048K, 0 young (0K), 0 survivors (0K)

[error occurred during error reporting (printing heap information), id 0xc0000005, EXCEPTION_ACCESS_VIOLATION (0xc0000005) at pc=0x00007ffbde229f19]

GC Heap History (0 events):
No events

Deoptimization events (0 events):
No events

Classes unloaded (0 events):
No events

Classes redefined (0 events):
No events

Internal exceptions (0 events):
No events

VM Operations (0 events):
No events

Events (1 events):
Event: 0.018 Loaded shared library C:\Program Files\Java\jdk-17.0.2\bin\java.dll


Dynamic libraries:
0x00007ff696260000 - 0x00007ff696270000 	C:\Program Files\Java\jdk-17.0.2\bin\java.exe
0x00007ffc3f850000 - 0x00007ffc3fa45000 	C:\Windows\SYSTEM32\ntdll.dll
0x00007ffc3f750000 - 0x00007ffc3f80e000 	C:\Windows\System32\KERNEL32.DLL
0x00007ffc3d0c0000 - 0x00007ffc3d388000 	C:\Windows\System32\KERNELBASE.dll
0x00007ffc3d670000 - 0x00007ffc3d770000 	C:\Windows\System32\ucrtbase.dll
0x00007ffc146b0000 - 0x00007ffc146c8000 	C:\Program Files\Java\jdk-17.0.2\bin\jli.dll
0x00007ffc3e270000 - 0x00007ffc3e31e000 	C:\Windows\System32\ADVAPI32.dll
0x00007ffc3e110000 - 0x00007ffc3e1ae000 	C:\Windows\System32\msvcrt.dll
0x00007ffc3de80000 - 0x00007ffc3df1c000 	C:\Windows\System32\sechost.dll
0x00007ffc3dfb0000 - 0x00007ffc3e0d5000 	C:\Windows\System32\RPCRT4.dll
0x00007ffc3f4e0000 - 0x00007ffc3f680000 	C:\Windows\System32\USER32.dll
0x00007ffc3d770000 - 0x00007ffc3d792000 	C:\Windows\System32\win32u.dll
0x00007ffc3e0e0000 - 0x00007ffc3e10b000 	C:\Windows\System32\GDI32.dll
0x00007ffc3d7a0000 - 0x00007ffc3d8ab000 	C:\Windows\System32\gdi32full.dll
0x00007ffc3d5d0000 - 0x00007ffc3d66d000 	C:\Windows\System32\msvcp_win.dll
0x00007ffc26310000 - 0x00007ffc265aa000 	C:\Windows\WinSxS\amd64_microsoft.windows.common-controls_6595b64144ccf1df_6.0.19041.1110_none_60b5254171f9507e\COMCTL32.dll
0x00007ffc14690000 - 0x00007ffc146aa000 	C:\Program Files\Java\jdk-17.0.2\bin\VCRUNTIME140.dll
0x00007ffc2de40000 - 0x00007ffc2de4a000 	C:\Windows\SYSTEM32\VERSION.dll
0x00007ffc3de50000 - 0x00007ffc3de80000 	C:\Windows\System32\IMM32.DLL
0x00007ffc34b10000 - 0x00007ffc34b1c000 	C:\Program Files\Java\jdk-17.0.2\bin\vcruntime140_1.dll
0x00007ffc06cf0000 - 0x00007ffc06d7d000 	C:\Program Files\Java\jdk-17.0.2\bin\msvcp140.dll
0x00007ffbddb60000 - 0x00007ffbde721000 	C:\Program Files\Java\jdk-17.0.2\bin\server\jvm.dll
0x00007ffc3e510000 - 0x00007ffc3e518000 	C:\Windows\System32\PSAPI.DLL
0x00007ffc28600000 - 0x00007ffc28627000 	C:\Windows\SYSTEM32\WINMM.dll
0x00007ffc36fd0000 - 0x00007ffc36fd9000 	C:\Windows\SYSTEM32\WSOCK32.dll
0x00007ffc3e440000 - 0x00007ffc3e4ab000 	C:\Windows\System32\WS2_32.dll
0x00007ffc3b830000 - 0x00007ffc3b842000 	C:\Windows\SYSTEM32\kernel.appcore.dll
0x00007ffc2aa90000 - 0x00007ffc2aa9a000 	C:\Program Files\Java\jdk-17.0.2\bin\jimage.dll
0x00007ffc29fe0000 - 0x00007ffc2a1c4000 	C:\Windows\SYSTEM32\DBGHELP.DLL
0x00007ffc26b50000 - 0x00007ffc26b7c000 	C:\Windows\SYSTEM32\dbgcore.DLL
0x00007ffc3cf70000 - 0x00007ffc3cff2000 	C:\Windows\System32\bcryptPrimitives.dll
0x00007ffc1e430000 - 0x00007ffc1e43e000 	C:\Program Files\Java\jdk-17.0.2\bin\instrument.dll
0x00007ffc12200000 - 0x00007ffc12225000 	C:\Program Files\Java\jdk-17.0.2\bin\java.dll

dbghelp: loaded successfully - version: 4.0.5 - missing functions: none
symbol engine: initialized successfully - sym options: 0x614 - pdb path: .;C:\Program Files\Java\jdk-17.0.2\bin;C:\Windows\SYSTEM32;C:\Windows\WinSxS\amd64_microsoft.windows.common-controls_6595b64144ccf1df_6.0.19041.1110_none_60b5254171f9507e;C:\Program Files\Java\jdk-17.0.2\bin\server

VM Arguments:
jvm_args: -Dforge.logging.console.level=debug -Dforge.logging.markers=REGISTRIES -DlegacyClassPath.file=C:\Users\Jason\Desktop\forge modding\Creator\build\classpath\runClient_minecraftClasspath.txt -DignoreList=bootstraplauncher,securejarhandler,asm-commons,asm-util,asm-analysis,asm-tree,asm,client-extra,fmlcore,javafmllanguage,mclanguage,forge- -DnativesDirectory=C:\Users\Jason\Desktop\forge modding\Creator\build\natives -DmergeModules=jna-5.10.0.jar,jna-platform-5.10.0.jar,java-objc-bridge-1.0.0.jar -Dforge.enabledGameTestNamespaces=examplemod -Dforge.enableGameTest=true --module-path=C:\Users\Jason\.gradle\caches\modules-2\files-2.1\cpw.mods\bootstraplauncher\1.0.0\f55ddbb35612c6745cefc47d1a0d6dbfb25d3982\bootstraplauncher-1.0.0.jar;C:\Users\Jason\.gradle\caches\modules-2\files-2.1\cpw.mods\securejarhandler\1.0.3\acbf5e3c8a38fb8bf824a54fe45eee121c510392\securejarhandler-1.0.3.jar;C:\Users\Jason\.gradle\caches\modules-2\files-2.1\org.ow2.asm\asm-commons\9.2\f4d7f0fc9054386f2893b602454d48e07d4fbead\asm-commons-9.2.jar;C:\Users\Jason\.gradle\caches\modules-2\files-2.1\org.ow2.asm\asm-util\9.2\fbc178fc5ba3dab50fd7e8a5317b8b647c8e8946\asm-util-9.2.jar;C:\Users\Jason\.gradle\caches\modules-2\files-2.1\org.ow2.asm\asm-analysis\9.2\7487dd756daf96cab9986e44b9d7bcb796a61c10\asm-analysis-9.2.jar;C:\Users\Jason\.gradle\caches\modules-2\files-2.1\org.ow2.asm\asm-tree\9.2\d96c99a30f5e1a19b0e609dbb19a44d8518ac01e\asm-tree-9.2.jar;C:\Users\Jason\.gradle\caches\modules-2\files-2.1\org.ow2.asm\asm\9.2\81a03f76019c67362299c40e0ba13405f5467bff\asm-9.2.jar --add-modules=ALL-MODULE-PATH --add-opens=java.base/java.util.jar=cpw.mods.securejarhandler --add-exports=java.base/sun.security.util=cpw.mods.securejarhandler --add-exports=jdk.naming.dns/com.sun.jndi.dns=java.naming -XX:HeapDumpPath=MojangTricksIntelDriversForPerformance_javaw.exe_minecraft.exe.heapdump -Dos.name=Windows 10 -Dos.version=10.0 -Xmx4G -Xms4G -javaagent:C:\Users\Jason\Desktop\Jason\intellij\IntelliJ IDEA Community Edition 2021.2\lib\idea_rt.jar=55873:C:\Users\Jason\Desktop\Jason\intellij\IntelliJ IDEA Community Edition 2021.2\bin -Dfile.encoding=UTF-8 
java_command: cpw.mods.bootstraplauncher.BootstrapLauncher --launchTarget forgeclientuserdev --version MOD_DEV --assetIndex 1.18 --assetsDir C:\Users\Jason\.gradle\caches\forge_gradle\assets --gameDir . --fml.forgeVersion 40.0.17 --fml.mcVersion 1.18.2 --fml.forgeGroup net.minecraftforge --fml.mcpVersion 20220228.144236
java_class_path (initial): C:\Users\Jason\Desktop\forge modding\Creator\build\classes\java\main;C:\Users\Jason\Desktop\forge modding\Creator\build\resources\main;C:\Users\Jason\.gradle\caches\forge_gradle\minecraft_user_repo\net\minecraftforge\forge\1.18.2-40.0.17_mapped_parchment_2021.12.19-1.18.1\forge-1.18.2-40.0.17_mapped_parchment_2021.12.19-1.18.1.jar;C:\Users\Jason\.gradle\caches\forge_gradle\minecraft_repo\versions\1.18.2\client-extra.jar;C:\Users\Jason\.gradle\caches\modules-2\files-2.1\net.minecraftforge\fmlloader\1.18.2-40.0.17\b6babef31622f1c379cd88b3191d5a99db117dc\fmlloader-1.18.2-40.0.17.jar;C:\Users\Jason\.gradle\caches\modules-2\files-2.1\com.google.code.findbugs\jsr305\3.0.2\25ea2e8b0c338a877313bd4672d3fe056ea78f0d\jsr305-3.0.2.jar;C:\Users\Jason\.gradle\caches\modules-2\files-2.1\ca.weblite\java-objc-bridge\1.0.0\6ef160c3133a78de015830860197602ca1c855d3\java-objc-bridge-1.0.0.jar;C:\Users\Jason\.gradle\caches\modules-2\files-2.1\net.minecraftforge\mergetool\1.1.3\d7d4b6eac7f49c59255c8ac25190802c29ac9a4a\mergetool-1.1.3-api.jar;C:\Users\Jason\.gradle\caches\modules-2\files-2.1\org.jetbrains\annotations\23.0.0\8cc20c07506ec18e0834947b84a864bfc094484e\annotations-23.0.0.jar;C:\Users\Jason\.gradle\caches\parchmentgradle\org\parchmentmc\data\parchment-1.18.1\2021.12.19\parchment-1.18.1-2021.12.19.zip;C:\Users\Jason\.gradle\caches\modules-2\files-2.1\cpw.mods\securejarhandler\1.0.3\acbf5e3c8a38fb8bf824a54fe45eee121c510392\securejarhandler-1.0.3.jar;C:\Users\Jason\.gradle\caches\modules-2\files-2.1\cpw.mods\modlauncher\9.1.3\7339d0e87813c366d706c3fdba479455e2283ecd\modlauncher-9.1.3.jar;C:\Users\Jason\.gradle\caches\modules-2\files-2.1\org.openjdk.nashorn\nashorn-core\15.3\43977e804697048fc8d81d333a36c17d07a5b3dd\nashorn-core-15.3.jar;C:\Users\Jason\.gradle\caches\modules-2\files-2.1\org.ow2.asm\asm-commons\9.2\f4d7f0fc9054386f2893b602454d48e07d4fbead\asm-commons-9.2.jar;C:\Users\Jason\.gradle\caches\modules-2\files-2.1\org.ow2.asm\asm-util\9.2\fbc178f
Launcher Type: SUN_STANDARD

[Global flags]
     intx CICompilerCount                          = 3                                         {product} {ergonomic}
     uint ConcGCThreads                            = 1                                         {product} {ergonomic}
     uint G1ConcRefinementThreads                  = 4                                         {product} {ergonomic}
   size_t G1HeapRegionSize                         = 2097152                                   {product} {ergonomic}
    uintx GCDrainStackTargetSize                   = 64                                        {product} {ergonomic}
    ccstr HeapDumpPath                             = MojangTricksIntelDriversForPerformance_javaw.exe_minecraft.exe.heapdump         {manageable} {command line}
   size_t InitialHeapSize                          = 4294967296                                {product} {command line}
   size_t MarkStackSize                            = 4194304                                   {product} {ergonomic}
   size_t MaxHeapSize                              = 4294967296                                {product} {command line}
   size_t MinHeapDeltaBytes                        = 2097152                                   {product} {ergonomic}
   size_t MinHeapSize                              = 4294967296                                {product} {command line}
    uintx NonNMethodCodeHeapSize                   = 5832780                                {pd product} {ergonomic}
    uintx NonProfiledCodeHeapSize                  = 122912730                              {pd product} {ergonomic}
    uintx ProfiledCodeHeapSize                     = 122912730                              {pd product} {ergonomic}
    uintx ReservedCodeCacheSize                    = 251658240                              {pd product} {ergonomic}
     bool SegmentedCodeCache                       = true                                      {product} {ergonomic}
   size_t SoftMaxHeapSize                          = 4294967296                             {manageable} {ergonomic}
     bool UseCompressedClassPointers               = true                           {product lp64_product} {ergonomic}
     bool UseCompressedOops                        = true                           {product lp64_product} {ergonomic}
     bool UseG1GC                                  = true                                      {product} {ergonomic}
     bool UseLargePagesIndividualAllocation        = false                                  {pd product} {ergonomic}

Logging:
Log output configuration:
 #0: stdout all=warning uptime,level,tags
 #1: stderr all=off uptime,level,tags

Environment Variables:
JAVA_HOME=C:\Program Files\Java\jdk-17.0.2
CLASSPATH=.;C:\Program Files\Java\jdk-17.0.2\lib\dt.jar;C:\Program Files\Java\jdk-17.0.2\lib\tools.jar; 
PATH=C:\Program Files\Common Files\Oracle\Java\javapath;C:\Program Files (x86)\Common Files\Intel\Shared Libraries\redist\intel64\compiler;C:\Program Files (x86)\Intel\iCLS Client\;C:\Program Files\Intel\iCLS Client\;C:\Windows\system32;C:\Windows;C:\Windows\System32\Wbem;C:\Windows\System32\WindowsPowerShell\v1.0\;C:\Windows\System32\OpenSSH\;C:\Program Files (x86)\Intel\Intel(R) Management Engine Components\DAL;C:\Program Files\Intel\Intel(R) Management Engine Components\DAL;C:\Program Files (x86)\Intel\Intel(R) Management Engine Components\IPT;C:\Program Files\Intel\Intel(R) Management Engine Components\IPT;C:\Program Files\Java\jdk-17.0.2\bin;C:\Program Files\Java\jdk-17.0.2\jre\bin;C:\Program Files\Polyspace\R2021a\runtime\win64;C:\Program Files\Polyspace\R2021a\bin;C:\Program Files\Polyspace\R2021a\polyspace\bin;C:\Users\Jason\Desktop\Jason\python3.9\Scripts\;C:\Users\Jason\Desktop\Jason\python3.9\;C:\Users\Jason\AppData\Local\Microsoft\WindowsApps;C:\Users\Jason\AppData\Local\Programs\Microsoft VS Code\bin;C:\Program Files\Bandizip\
USERNAME=Jason
OS=Windows_NT
PROCESSOR_IDENTIFIER=Intel64 Family 6 Model 71 Stepping 1, GenuineIntel



---------------  S Y S T E M  ---------------

OS:
 Windows 10 , 64 bit Build 19041 (10.0.19041.1566)
OS uptime: 0 days 19:49 hours

CPU: total 4 (initial active 4) (4 cores per cpu, 1 threads per core) family 6 model 71 stepping 1 microcode 0x22, cx8, cmov, fxsr, mmx, 3dnowpref, sse, sse2, sse3, ssse3, sse4.1, sse4.2, popcnt, lzcnt, tsc, tscinvbit, avx, avx2, aes, erms, clmul, bmi1, bmi2, rtm, adx, fma, vzeroupper, clflush

Memory: 4k page, system-wide physical 8062M (1559M free)
TotalPageFile size 12156M (AvailPageFile size 1635M)
current process WorkingSet (physical memory assigned to process): 10M, peak: 10M
current process commit charge ("private bytes"): 51M, peak: 4147M

vm_info: Java HotSpot(TM) 64-Bit Server VM (17.0.2+8-LTS-86) for windows-amd64 JRE (17.0.2+8-LTS-86), built on Dec  7 2021 21:51:03 by "mach5one" with MS VC++ 16.8 / 16.9 (VS2019)

END.
